#
# There is insufficient memory for the Java Runtime Environment to continue.
# Native memory allocation (malloc) failed to allocate 1152464 bytes. Error detail: Chunk::new
# Possible reasons:
#   The system is out of physical RAM or swap space
#   This process is running with CompressedOops enabled, and the Java Heap may be blocking the growth of the native heap
# Possible solutions:
#   Reduce memory load on the system
#   Increase physical memory or swap space
#   Check if swap backing store is full
#   Decrease Java heap size (-Xmx/-Xms)
#   Decrease number of Java threads
#   Decrease Java thread stack sizes (-Xss)
#   Set larger code cache with -XX:ReservedCodeCacheSize=
#   JVM is running with Unscaled Compressed Oops mode in which the Java heap is
#     placed in the first 4GB address space. The Java Heap base address is the
#     maximum limit for the native heap growth. Please use -XX:HeapBaseMinAddress
#     to set the Java Heap base and to place the Java Heap above 4GB virtual address.
# This output file may be truncated or incomplete.
#
#  Out of Memory Error (arena.cpp:168), pid=20836, tid=3640
#
# JRE version: OpenJDK Runtime Environment JBR-21.0.8+1-1038.72-jcef (21.0.8+1) (build 21.0.8+1-b1038.72)
# Java VM: OpenJDK 64-Bit Server VM JBR-21.0.8+1-1038.72-jcef (21.0.8+1-b1038.72, mixed mode, sharing, tiered, compressed oops, compressed class ptrs, g1 gc, windows-amd64)
# No core dump will be written. Minidumps are not enabled by default on client versions of Windows
#

---------------  S U M M A R Y ------------

Command Line: -Djava.rmi.server.hostname=127.0.0.1 -Duser.timezone=UTC -Xmx2048m -Xms128m -Djdbc.classpath=C:\Users\Jeyer\AppData\Local\Temp\RemoteDriver1.classpath.txt --add-exports=java.desktop/sun.awt=ALL-UNNAMED --add-exports=java.desktop/java.awt.peer=ALL-UNNAMED --add-opens=java.desktop/java.awt=ALL-UNNAMED --add-opens=jdk.unsupported/sun.misc=ALL-UNNAMED --add-opens=java.base/java.nio=ALL-UNNAMED --add-opens=java.base/java.util=ALL-UNNAMED -Dfile.encoding=UTF-8 -Dsun.stdout.encoding=UTF-8 -Dsun.stderr.encoding=UTF-8 com.intellij.database.remote.RemoteJdbcServer org.postgresql.Driver

Host: 12th Gen Intel(R) Core(TM) i5-12500H, 16 cores, 15G,  Windows 11 , 64 bit Build 26100 (10.0.26100.7309)
Time: Sat Feb 14 21:01:33 2026 SE Asia Standard Time elapsed time: 1.572395 seconds (0d 0h 0m 1s)

---------------  T H R E A D  ---------------

Current thread (0x000001ec570327d0):  JavaThread "C2 CompilerThread1" daemon [_thread_in_native, id=3640, stack(0x000000bb66800000,0x000000bb66900000) (1024K)]


Current CompileTask:
C2:1572 1883       4       sun.security.ec.ECOperations::setDouble (463 bytes)

Stack: [0x000000bb66800000,0x000000bb66900000]
Native frames: (J=compiled Java code, j=interpreted, Vv=VM code, C=native code)
V  [jvm.dll+0x6ebeb9]
V  [jvm.dll+0x8cbec3]
V  [jvm.dll+0x8ce47e]
V  [jvm.dll+0x8ceb63]
V  [jvm.dll+0x28adf6]
V  [jvm.dll+0xc6f3d]
V  [jvm.dll+0xc7473]
V  [jvm.dll+0x3c7aeb]
V  [jvm.dll+0x1e7892]
V  [jvm.dll+0x251ee4]
V  [jvm.dll+0x251361]
V  [jvm.dll+0x1ceb64]
V  [jvm.dll+0x260bfe]
V  [jvm.dll+0x25f146]
V  [jvm.dll+0x402ee6]
V  [jvm.dll+0x873a78]
V  [jvm.dll+0x6ea63d]
C  [ucrtbase.dll+0x37b0]
C  [KERNEL32.DLL+0x2e8d7]
C  [ntdll.dll+0x8c53c]


---------------  P R O C E S S  ---------------

Threads class SMR info:
_java_thread_list=0x000001ec57d64170, length=27, elements={
0x000001ec757c89b0, 0x000001ec7f067e90, 0x000001ec7f06ecd0, 0x000001ec7f072940,
0x000001ec7f075440, 0x000001ec7f0760b0, 0x000001ec7f077680, 0x000001ec57020830,
0x000001ec570215c0, 0x000001ec57031360, 0x000001ec57031a30, 0x000001ec57195570,
0x000001ec57032100, 0x000001ec5702fef0, 0x000001ec576a2e00, 0x000001ec573e01e0,
0x000001ec573e0c60, 0x000001ec5736d920, 0x000001ec575cc610, 0x000001ec579f7570,
0x000001ec579eb9b0, 0x000001ec57b41010, 0x000001ec576cbd10, 0x000001ec576caff0,
0x000001ec570327d0, 0x000001ec57032ea0, 0x000001ec570305c0
}

Java Threads: ( => current thread )
  0x000001ec757c89b0 JavaThread "main"                              [_thread_blocked, id=21632, stack(0x000000bb65500000,0x000000bb65600000) (1024K)]
  0x000001ec7f067e90 JavaThread "Common-Cleaner"             daemon [_thread_blocked, id=23512, stack(0x000000bb65d00000,0x000000bb65e00000) (1024K)]
  0x000001ec7f06ecd0 JavaThread "Reference Handler"          daemon [_thread_blocked, id=23412, stack(0x000000bb65e00000,0x000000bb65f00000) (1024K)]
  0x000001ec7f072940 JavaThread "Finalizer"                  daemon [_thread_blocked, id=25284, stack(0x000000bb65f00000,0x000000bb66000000) (1024K)]
  0x000001ec7f075440 JavaThread "Signal Dispatcher"          daemon [_thread_blocked, id=14468, stack(0x000000bb66000000,0x000000bb66100000) (1024K)]
  0x000001ec7f0760b0 JavaThread "Attach Listener"            daemon [_thread_blocked, id=20236, stack(0x000000bb66100000,0x000000bb66200000) (1024K)]
  0x000001ec7f077680 JavaThread "Service Thread"             daemon [_thread_blocked, id=6732, stack(0x000000bb66200000,0x000000bb66300000) (1024K)]
  0x000001ec57020830 JavaThread "Monitor Deflation Thread"   daemon [_thread_blocked, id=14076, stack(0x000000bb66300000,0x000000bb66400000) (1024K)]
  0x000001ec570215c0 JavaThread "C2 CompilerThread0"         daemon [_thread_blocked, id=16288, stack(0x000000bb66400000,0x000000bb66500000) (1024K)]
  0x000001ec57031360 JavaThread "C1 CompilerThread0"         daemon [_thread_blocked, id=6172, stack(0x000000bb66500000,0x000000bb66600000) (1024K)]
  0x000001ec57031a30 JavaThread "C1 CompilerThread1"         daemon [_thread_blocked, id=21932, stack(0x000000bb66600000,0x000000bb66700000) (1024K)]
  0x000001ec57195570 JavaThread "Notification Thread"        daemon [_thread_blocked, id=13900, stack(0x000000bb66700000,0x000000bb66800000) (1024K)]
  0x000001ec57032100 JavaThread "C1 CompilerThread2"         daemon [_thread_blocked, id=14384, stack(0x000000bb66a00000,0x000000bb66b00000) (1024K)]
  0x000001ec5702fef0 JavaThread "C1 CompilerThread3"         daemon [_thread_blocked, id=23476, stack(0x000000bb66b00000,0x000000bb66c00000) (1024K)]
  0x000001ec576a2e00 JavaThread "RMI TCP Accept-60700"       daemon [_thread_in_native, id=24220, stack(0x000000bb66900000,0x000000bb66a00000) (1024K)]
  0x000001ec573e01e0 JavaThread "RMI TCP Accept-0"           daemon [_thread_in_native, id=19648, stack(0x000000bb66c00000,0x000000bb66d00000) (1024K)]
  0x000001ec573e0c60 JavaThread "RMI Reaper"                        [_thread_blocked, id=20600, stack(0x000000bb66d00000,0x000000bb66e00000) (1024K)]
  0x000001ec5736d920 JavaThread "RMI GC Daemon"              daemon [_thread_blocked, id=25496, stack(0x000000bb66e00000,0x000000bb66f00000) (1024K)]
  0x000001ec575cc610 JavaThread "RMI TCP Connection(1)-127.0.0.1" daemon [_thread_in_native, id=464, stack(0x000000bb66f00000,0x000000bb67000000) (1024K)]
  0x000001ec579f7570 JavaThread "RMI TCP Connection(2)-127.0.0.1" daemon [_thread_in_native, id=23604, stack(0x000000bb67000000,0x000000bb67100000) (1024K)]
  0x000001ec579eb9b0 JavaThread "RMI Scheduler(0)"           daemon [_thread_blocked, id=23844, stack(0x000000bb67100000,0x000000bb67200000) (1024K)]
  0x000001ec57b41010 JavaThread "RMI TCP Connection(3)-127.0.0.1" daemon [_thread_in_native, id=22576, stack(0x000000bb67200000,0x000000bb67300000) (1024K)]
  0x000001ec576cbd10 JavaThread "RMI TCP Connection(4)-127.0.0.1" daemon [_thread_in_native, id=11796, stack(0x000000bb67300000,0x000000bb67400000) (1024K)]
  0x000001ec576caff0 JavaThread "RMI RenewClean-[127.0.0.1:55060]" daemon [_thread_blocked, id=4936, stack(0x000000bb67400000,0x000000bb67500000) (1024K)]
=>0x000001ec570327d0 JavaThread "C2 CompilerThread1"         daemon [_thread_in_native, id=3640, stack(0x000000bb66800000,0x000000bb66900000) (1024K)]
  0x000001ec57032ea0 JavaThread "C2 CompilerThread2"         daemon [_thread_blocked, id=17764, stack(0x000000bb68100000,0x000000bb68200000) (1024K)]
  0x000001ec570305c0 JavaThread "C2 CompilerThread3"         daemon [_thread_blocked, id=25332, stack(0x000000bb68200000,0x000000bb68300000) (1024K)]
Total: 27

Other Threads:
  0x000001ec7f04b680 VMThread "VM Thread"                           [id=24792, stack(0x000000bb65c00000,0x000000bb65d00000) (1024K)]
  0x000001ec7f038870 WatcherThread "VM Periodic Task Thread"        [id=16032, stack(0x000000bb65b00000,0x000000bb65c00000) (1024K)]
  0x000001ec77aeb830 WorkerThread "GC Thread#0"                     [id=2108, stack(0x000000bb65600000,0x000000bb65700000) (1024K)]
  0x000001ec57a6af70 WorkerThread "GC Thread#1"                     [id=25184, stack(0x000000bb67500000,0x000000bb67600000) (1024K)]
  0x000001ec576be4e0 WorkerThread "GC Thread#2"                     [id=25208, stack(0x000000bb67600000,0x000000bb67700000) (1024K)]
  0x000001ec576c5d30 WorkerThread "GC Thread#3"                     [id=10728, stack(0x000000bb67700000,0x000000bb67800000) (1024K)]
  0x000001ec57b39090 WorkerThread "GC Thread#4"                     [id=7276, stack(0x000000bb67800000,0x000000bb67900000) (1024K)]
  0x000001ec57b39430 WorkerThread "GC Thread#5"                     [id=12488, stack(0x000000bb67900000,0x000000bb67a00000) (1024K)]
  0x000001ec57b39fe0 WorkerThread "GC Thread#6"                     [id=12848, stack(0x000000bb67a00000,0x000000bb67b00000) (1024K)]
  0x000001ec57b3a380 WorkerThread "GC Thread#7"                     [id=7988, stack(0x000000bb67b00000,0x000000bb67c00000) (1024K)]
  0x000001ec57b3ab30 WorkerThread "GC Thread#8"                     [id=19816, stack(0x000000bb67c00000,0x000000bb67d00000) (1024K)]
  0x000001ec57b3b2e0 WorkerThread "GC Thread#9"                     [id=21500, stack(0x000000bb67d00000,0x000000bb67e00000) (1024K)]
  0x000001ec57b3d030 WorkerThread "GC Thread#10"                    [id=17256, stack(0x000000bb67e00000,0x000000bb67f00000) (1024K)]
  0x000001ec57b3c550 WorkerThread "GC Thread#11"                    [id=24296, stack(0x000000bb67f00000,0x000000bb68000000) (1024K)]
  0x000001ec77afe5b0 ConcurrentGCThread "G1 Main Marker"            [id=20100, stack(0x000000bb65700000,0x000000bb65800000) (1024K)]
  0x000001ec77b00610 WorkerThread "G1 Conc#0"                       [id=14936, stack(0x000000bb65800000,0x000000bb65900000) (1024K)]
  0x000001ec7eefa8f0 ConcurrentGCThread "G1 Refine#0"               [id=15544, stack(0x000000bb65900000,0x000000bb65a00000) (1024K)]
  0x000001ec7eefe230 ConcurrentGCThread "G1 Service"                [id=17444, stack(0x000000bb65a00000,0x000000bb65b00000) (1024K)]
Total: 18

Threads with active compile tasks:
C2 CompilerThread1  1608 1883       4       sun.security.ec.ECOperations::setDouble (463 bytes)
Total: 1

VM state: not at safepoint (normal execution)

VM Mutex/Monitor currently owned by a thread: None

Heap address: 0x0000000080000000, size: 2048 MB, Compressed Oops mode: 32-bit

CDS archive(s) mapped at: [0x000001ec11000000-0x000001ec12c00000-0x000001ec12c00000), size 29360128, SharedBaseAddress: 0x000001ec11000000, ArchiveRelocationMode: 1.
Compressed class space mapped at: 0x000001ec13000000-0x000001ec53000000, reserved size: 1073741824
Narrow klass base: 0x000001ec11000000, Narrow klass shift: 0, Narrow klass range: 0x100000000

GC Precious Log:
 CardTable entry size: 512
 Card Set container configuration: InlinePtr #cards 5 size 8 Array Of Cards #cards 12 size 40 Howl #buckets 4 coarsen threshold 1843 Howl Bitmap #cards 512 size 80 coarsen threshold 460 Card regions per heap region 1 cards per card region 2048
 CPUs: 16 total, 16 available
 Memory: 16052M
 Large Page Support: Disabled
 NUMA Support: Disabled
 Compressed Oops: Enabled (32-bit)
 Heap Region Size: 1M
 Heap Min Capacity: 128M
 Heap Initial Capacity: 128M
 Heap Max Capacity: 2G
 Pre-touch: Disabled
 Parallel Workers: 13
 Concurrent Workers: 3
 Concurrent Refinement Workers: 13
 Periodic GC: Disabled

Heap:
 garbage-first heap   total 131072K, used 17268K [0x0000000080000000, 0x0000000100000000)
  region size 1024K, 13 young (13312K), 3 survivors (3072K)
 Metaspace       used 7013K, committed 7360K, reserved 1114112K
  class space    used 921K, committed 1088K, reserved 1048576K

Heap Regions: E=young(eden), S=young(survivor), O=old, HS=humongous(starts), HC=humongous(continues), CS=collection set, F=free, TAMS=top-at-mark-start, PB=parsable bottom
|   0|0x0000000080000000, 0x0000000080100000, 0x0000000080100000|100%|HS|  |TAMS 0x0000000080000000| PB 0x0000000080000000| Complete 
|   1|0x0000000080100000, 0x0000000080200000, 0x0000000080200000|100%|HC|  |TAMS 0x0000000080100000| PB 0x0000000080100000| Complete 
|   2|0x0000000080200000, 0x0000000080300000, 0x0000000080300000|100%|HS|  |TAMS 0x0000000080200000| PB 0x0000000080200000| Complete 
|   3|0x0000000080300000, 0x0000000080400000, 0x0000000080400000|100%|HS|  |TAMS 0x0000000080300000| PB 0x0000000080300000| Complete 
|   4|0x0000000080400000, 0x0000000080500000, 0x0000000080500000|100%| O|  |TAMS 0x0000000080400000| PB 0x0000000080400000| Untracked 
|   5|0x0000000080500000, 0x00000000805dd000, 0x0000000080600000| 86%| O|  |TAMS 0x0000000080500000| PB 0x0000000080500000| Untracked 
|   6|0x0000000080600000, 0x0000000080600000, 0x0000000080700000|  0%| F|  |TAMS 0x0000000080600000| PB 0x0000000080600000| Untracked 
|   7|0x0000000080700000, 0x0000000080700000, 0x0000000080800000|  0%| F|  |TAMS 0x0000000080700000| PB 0x0000000080700000| Untracked 
|   8|0x0000000080800000, 0x0000000080800000, 0x0000000080900000|  0%| F|  |TAMS 0x0000000080800000| PB 0x0000000080800000| Untracked 
|   9|0x0000000080900000, 0x0000000080900000, 0x0000000080a00000|  0%| F|  |TAMS 0x0000000080900000| PB 0x0000000080900000| Untracked 
|  10|0x0000000080a00000, 0x0000000080a00000, 0x0000000080b00000|  0%| F|  |TAMS 0x0000000080a00000| PB 0x0000000080a00000| Untracked 
|  11|0x0000000080b00000, 0x0000000080b00000, 0x0000000080c00000|  0%| F|  |TAMS 0x0000000080b00000| PB 0x0000000080b00000| Untracked 
|  12|0x0000000080c00000, 0x0000000080c00000, 0x0000000080d00000|  0%| F|  |TAMS 0x0000000080c00000| PB 0x0000000080c00000| Untracked 
|  13|0x0000000080d00000, 0x0000000080d00000, 0x0000000080e00000|  0%| F|  |TAMS 0x0000000080d00000| PB 0x0000000080d00000| Untracked 
|  14|0x0000000080e00000, 0x0000000080e00000, 0x0000000080f00000|  0%| F|  |TAMS 0x0000000080e00000| PB 0x0000000080e00000| Untracked 
|  15|0x0000000080f00000, 0x0000000080f00000, 0x0000000081000000|  0%| F|  |TAMS 0x0000000080f00000| PB 0x0000000080f00000| Untracked 
|  16|0x0000000081000000, 0x0000000081000000, 0x0000000081100000|  0%| F|  |TAMS 0x0000000081000000| PB 0x0000000081000000| Untracked 
|  17|0x0000000081100000, 0x0000000081100000, 0x0000000081200000|  0%| F|  |TAMS 0x0000000081100000| PB 0x0000000081100000| Untracked 
|  18|0x0000000081200000, 0x0000000081200000, 0x0000000081300000|  0%| F|  |TAMS 0x0000000081200000| PB 0x0000000081200000| Untracked 
|  19|0x0000000081300000, 0x0000000081300000, 0x0000000081400000|  0%| F|  |TAMS 0x0000000081300000| PB 0x0000000081300000| Untracked 
|  20|0x0000000081400000, 0x0000000081400000, 0x0000000081500000|  0%| F|  |TAMS 0x0000000081400000| PB 0x0000000081400000| Untracked 
|  21|0x0000000081500000, 0x0000000081500000, 0x0000000081600000|  0%| F|  |TAMS 0x0000000081500000| PB 0x0000000081500000| Untracked 
|  22|0x0000000081600000, 0x0000000081600000, 0x0000000081700000|  0%| F|  |TAMS 0x0000000081600000| PB 0x0000000081600000| Untracked 
|  23|0x0000000081700000, 0x0000000081700000, 0x0000000081800000|  0%| F|  |TAMS 0x0000000081700000| PB 0x0000000081700000| Untracked 
|  24|0x0000000081800000, 0x0000000081800000, 0x0000000081900000|  0%| F|  |TAMS 0x0000000081800000| PB 0x0000000081800000| Untracked 
|  25|0x0000000081900000, 0x0000000081900000, 0x0000000081a00000|  0%| F|  |TAMS 0x0000000081900000| PB 0x0000000081900000| Untracked 
|  26|0x0000000081a00000, 0x0000000081a00000, 0x0000000081b00000|  0%| F|  |TAMS 0x0000000081a00000| PB 0x0000000081a00000| Untracked 
|  27|0x0000000081b00000, 0x0000000081b00000, 0x0000000081c00000|  0%| F|  |TAMS 0x0000000081b00000| PB 0x0000000081b00000| Untracked 
|  28|0x0000000081c00000, 0x0000000081c00000, 0x0000000081d00000|  0%| F|  |TAMS 0x0000000081c00000| PB 0x0000000081c00000| Untracked 
|  29|0x0000000081d00000, 0x0000000081d00000, 0x0000000081e00000|  0%| F|  |TAMS 0x0000000081d00000| PB 0x0000000081d00000| Untracked 
|  30|0x0000000081e00000, 0x0000000081e00000, 0x0000000081f00000|  0%| F|  |TAMS 0x0000000081e00000| PB 0x0000000081e00000| Untracked 
|  31|0x0000000081f00000, 0x0000000081f00000, 0x0000000082000000|  0%| F|  |TAMS 0x0000000081f00000| PB 0x0000000081f00000| Untracked 
|  32|0x0000000082000000, 0x0000000082000000, 0x0000000082100000|  0%| F|  |TAMS 0x0000000082000000| PB 0x0000000082000000| Untracked 
|  33|0x0000000082100000, 0x0000000082100000, 0x0000000082200000|  0%| F|  |TAMS 0x0000000082100000| PB 0x0000000082100000| Untracked 
|  34|0x0000000082200000, 0x0000000082200000, 0x0000000082300000|  0%| F|  |TAMS 0x0000000082200000| PB 0x0000000082200000| Untracked 
|  35|0x0000000082300000, 0x0000000082300000, 0x0000000082400000|  0%| F|  |TAMS 0x0000000082300000| PB 0x0000000082300000| Untracked 
|  36|0x0000000082400000, 0x0000000082400000, 0x0000000082500000|  0%| F|  |TAMS 0x0000000082400000| PB 0x0000000082400000| Untracked 
|  37|0x0000000082500000, 0x0000000082500000, 0x0000000082600000|  0%| F|  |TAMS 0x0000000082500000| PB 0x0000000082500000| Untracked 
|  38|0x0000000082600000, 0x0000000082600000, 0x0000000082700000|  0%| F|  |TAMS 0x0000000082600000| PB 0x0000000082600000| Untracked 
|  39|0x0000000082700000, 0x0000000082700000, 0x0000000082800000|  0%| F|  |TAMS 0x0000000082700000| PB 0x0000000082700000| Untracked 
|  40|0x0000000082800000, 0x0000000082800000, 0x0000000082900000|  0%| F|  |TAMS 0x0000000082800000| PB 0x0000000082800000| Untracked 
|  41|0x0000000082900000, 0x0000000082900000, 0x0000000082a00000|  0%| F|  |TAMS 0x0000000082900000| PB 0x0000000082900000| Untracked 
|  42|0x0000000082a00000, 0x0000000082a00000, 0x0000000082b00000|  0%| F|  |TAMS 0x0000000082a00000| PB 0x0000000082a00000| Untracked 
|  43|0x0000000082b00000, 0x0000000082b00000, 0x0000000082c00000|  0%| F|  |TAMS 0x0000000082b00000| PB 0x0000000082b00000| Untracked 
|  44|0x0000000082c00000, 0x0000000082c00000, 0x0000000082d00000|  0%| F|  |TAMS 0x0000000082c00000| PB 0x0000000082c00000| Untracked 
|  45|0x0000000082d00000, 0x0000000082d00000, 0x0000000082e00000|  0%| F|  |TAMS 0x0000000082d00000| PB 0x0000000082d00000| Untracked 
|  46|0x0000000082e00000, 0x0000000082e00000, 0x0000000082f00000|  0%| F|  |TAMS 0x0000000082e00000| PB 0x0000000082e00000| Untracked 
|  47|0x0000000082f00000, 0x0000000082f00000, 0x0000000083000000|  0%| F|  |TAMS 0x0000000082f00000| PB 0x0000000082f00000| Untracked 
|  48|0x0000000083000000, 0x0000000083000000, 0x0000000083100000|  0%| F|  |TAMS 0x0000000083000000| PB 0x0000000083000000| Untracked 
|  49|0x0000000083100000, 0x0000000083100000, 0x0000000083200000|  0%| F|  |TAMS 0x0000000083100000| PB 0x0000000083100000| Untracked 
|  50|0x0000000083200000, 0x0000000083200000, 0x0000000083300000|  0%| F|  |TAMS 0x0000000083200000| PB 0x0000000083200000| Untracked 
|  51|0x0000000083300000, 0x0000000083300000, 0x0000000083400000|  0%| F|  |TAMS 0x0000000083300000| PB 0x0000000083300000| Untracked 
|  52|0x0000000083400000, 0x0000000083400000, 0x0000000083500000|  0%| F|  |TAMS 0x0000000083400000| PB 0x0000000083400000| Untracked 
|  53|0x0000000083500000, 0x0000000083500000, 0x0000000083600000|  0%| F|  |TAMS 0x0000000083500000| PB 0x0000000083500000| Untracked 
|  54|0x0000000083600000, 0x0000000083600000, 0x0000000083700000|  0%| F|  |TAMS 0x0000000083600000| PB 0x0000000083600000| Untracked 
|  55|0x0000000083700000, 0x0000000083700000, 0x0000000083800000|  0%| F|  |TAMS 0x0000000083700000| PB 0x0000000083700000| Untracked 
|  56|0x0000000083800000, 0x0000000083800000, 0x0000000083900000|  0%| F|  |TAMS 0x0000000083800000| PB 0x0000000083800000| Untracked 
|  57|0x0000000083900000, 0x0000000083900000, 0x0000000083a00000|  0%| F|  |TAMS 0x0000000083900000| PB 0x0000000083900000| Untracked 
|  58|0x0000000083a00000, 0x0000000083a00000, 0x0000000083b00000|  0%| F|  |TAMS 0x0000000083a00000| PB 0x0000000083a00000| Untracked 
|  59|0x0000000083b00000, 0x0000000083b00000, 0x0000000083c00000|  0%| F|  |TAMS 0x0000000083b00000| PB 0x0000000083b00000| Untracked 
|  60|0x0000000083c00000, 0x0000000083c00000, 0x0000000083d00000|  0%| F|  |TAMS 0x0000000083c00000| PB 0x0000000083c00000| Untracked 
|  61|0x0000000083d00000, 0x0000000083d00000, 0x0000000083e00000|  0%| F|  |TAMS 0x0000000083d00000| PB 0x0000000083d00000| Untracked 
|  62|0x0000000083e00000, 0x0000000083e00000, 0x0000000083f00000|  0%| F|  |TAMS 0x0000000083e00000| PB 0x0000000083e00000| Untracked 
|  63|0x0000000083f00000, 0x0000000083f00000, 0x0000000084000000|  0%| F|  |TAMS 0x0000000083f00000| PB 0x0000000083f00000| Untracked 
|  64|0x0000000084000000, 0x0000000084000000, 0x0000000084100000|  0%| F|  |TAMS 0x0000000084000000| PB 0x0000000084000000| Untracked 
|  65|0x0000000084100000, 0x0000000084100000, 0x0000000084200000|  0%| F|  |TAMS 0x0000000084100000| PB 0x0000000084100000| Untracked 
|  66|0x0000000084200000, 0x0000000084200000, 0x0000000084300000|  0%| F|  |TAMS 0x0000000084200000| PB 0x0000000084200000| Untracked 
|  67|0x0000000084300000, 0x0000000084300000, 0x0000000084400000|  0%| F|  |TAMS 0x0000000084300000| PB 0x0000000084300000| Untracked 
|  68|0x0000000084400000, 0x0000000084400000, 0x0000000084500000|  0%| F|  |TAMS 0x0000000084400000| PB 0x0000000084400000| Untracked 
|  69|0x0000000084500000, 0x0000000084500000, 0x0000000084600000|  0%| F|  |TAMS 0x0000000084500000| PB 0x0000000084500000| Untracked 
|  70|0x0000000084600000, 0x0000000084600000, 0x0000000084700000|  0%| F|  |TAMS 0x0000000084600000| PB 0x0000000084600000| Untracked 
|  71|0x0000000084700000, 0x0000000084700000, 0x0000000084800000|  0%| F|  |TAMS 0x0000000084700000| PB 0x0000000084700000| Untracked 
|  72|0x0000000084800000, 0x0000000084800000, 0x0000000084900000|  0%| F|  |TAMS 0x0000000084800000| PB 0x0000000084800000| Untracked 
|  73|0x0000000084900000, 0x0000000084900000, 0x0000000084a00000|  0%| F|  |TAMS 0x0000000084900000| PB 0x0000000084900000| Untracked 
|  74|0x0000000084a00000, 0x0000000084a00000, 0x0000000084b00000|  0%| F|  |TAMS 0x0000000084a00000| PB 0x0000000084a00000| Untracked 
|  75|0x0000000084b00000, 0x0000000084b00000, 0x0000000084c00000|  0%| F|  |TAMS 0x0000000084b00000| PB 0x0000000084b00000| Untracked 
|  76|0x0000000084c00000, 0x0000000084c00000, 0x0000000084d00000|  0%| F|  |TAMS 0x0000000084c00000| PB 0x0000000084c00000| Untracked 
|  77|0x0000000084d00000, 0x0000000084d00000, 0x0000000084e00000|  0%| F|  |TAMS 0x0000000084d00000| PB 0x0000000084d00000| Untracked 
|  78|0x0000000084e00000, 0x0000000084e00000, 0x0000000084f00000|  0%| F|  |TAMS 0x0000000084e00000| PB 0x0000000084e00000| Untracked 
|  79|0x0000000084f00000, 0x0000000084f00000, 0x0000000085000000|  0%| F|  |TAMS 0x0000000084f00000| PB 0x0000000084f00000| Untracked 
|  80|0x0000000085000000, 0x0000000085000000, 0x0000000085100000|  0%| F|  |TAMS 0x0000000085000000| PB 0x0000000085000000| Untracked 
|  81|0x0000000085100000, 0x0000000085100000, 0x0000000085200000|  0%| F|  |TAMS 0x0000000085100000| PB 0x0000000085100000| Untracked 
|  82|0x0000000085200000, 0x0000000085200000, 0x0000000085300000|  0%| F|  |TAMS 0x0000000085200000| PB 0x0000000085200000| Untracked 
|  83|0x0000000085300000, 0x0000000085300000, 0x0000000085400000|  0%| F|  |TAMS 0x0000000085300000| PB 0x0000000085300000| Untracked 
|  84|0x0000000085400000, 0x0000000085400000, 0x0000000085500000|  0%| F|  |TAMS 0x0000000085400000| PB 0x0000000085400000| Untracked 
|  85|0x0000000085500000, 0x0000000085500000, 0x0000000085600000|  0%| F|  |TAMS 0x0000000085500000| PB 0x0000000085500000| Untracked 
|  86|0x0000000085600000, 0x0000000085600000, 0x0000000085700000|  0%| F|  |TAMS 0x0000000085600000| PB 0x0000000085600000| Untracked 
|  87|0x0000000085700000, 0x0000000085700000, 0x0000000085800000|  0%| F|  |TAMS 0x0000000085700000| PB 0x0000000085700000| Untracked 
|  88|0x0000000085800000, 0x0000000085800000, 0x0000000085900000|  0%| F|  |TAMS 0x0000000085800000| PB 0x0000000085800000| Untracked 
|  89|0x0000000085900000, 0x0000000085900000, 0x0000000085a00000|  0%| F|  |TAMS 0x0000000085900000| PB 0x0000000085900000| Untracked 
|  90|0x0000000085a00000, 0x0000000085a00000, 0x0000000085b00000|  0%| F|  |TAMS 0x0000000085a00000| PB 0x0000000085a00000| Untracked 
|  91|0x0000000085b00000, 0x0000000085b00000, 0x0000000085c00000|  0%| F|  |TAMS 0x0000000085b00000| PB 0x0000000085b00000| Untracked 
|  92|0x0000000085c00000, 0x0000000085c00000, 0x0000000085d00000|  0%| F|  |TAMS 0x0000000085c00000| PB 0x0000000085c00000| Untracked 
|  93|0x0000000085d00000, 0x0000000085d00000, 0x0000000085e00000|  0%| F|  |TAMS 0x0000000085d00000| PB 0x0000000085d00000| Untracked 
|  94|0x0000000085e00000, 0x0000000085e00000, 0x0000000085f00000|  0%| F|  |TAMS 0x0000000085e00000| PB 0x0000000085e00000| Untracked 
|  95|0x0000000085f00000, 0x0000000085f00000, 0x0000000086000000|  0%| F|  |TAMS 0x0000000085f00000| PB 0x0000000085f00000| Untracked 
|  96|0x0000000086000000, 0x0000000086000000, 0x0000000086100000|  0%| F|  |TAMS 0x0000000086000000| PB 0x0000000086000000| Untracked 
|  97|0x0000000086100000, 0x0000000086100000, 0x0000000086200000|  0%| F|  |TAMS 0x0000000086100000| PB 0x0000000086100000| Untracked 
|  98|0x0000000086200000, 0x0000000086200000, 0x0000000086300000|  0%| F|  |TAMS 0x0000000086200000| PB 0x0000000086200000| Untracked 
|  99|0x0000000086300000, 0x0000000086300000, 0x0000000086400000|  0%| F|  |TAMS 0x0000000086300000| PB 0x0000000086300000| Untracked 
| 100|0x0000000086400000, 0x0000000086400000, 0x0000000086500000|  0%| F|  |TAMS 0x0000000086400000| PB 0x0000000086400000| Untracked 
| 101|0x0000000086500000, 0x0000000086500000, 0x0000000086600000|  0%| F|  |TAMS 0x0000000086500000| PB 0x0000000086500000| Untracked 
| 102|0x0000000086600000, 0x0000000086700000, 0x0000000086700000|100%| S|CS|TAMS 0x0000000086600000| PB 0x0000000086600000| Complete 
| 103|0x0000000086700000, 0x0000000086800000, 0x0000000086800000|100%| S|CS|TAMS 0x0000000086700000| PB 0x0000000086700000| Complete 
| 104|0x0000000086800000, 0x0000000086900000, 0x0000000086900000|100%| S|CS|TAMS 0x0000000086800000| PB 0x0000000086800000| Complete 
| 105|0x0000000086900000, 0x0000000086900000, 0x0000000086a00000|  0%| F|  |TAMS 0x0000000086900000| PB 0x0000000086900000| Untracked 
| 106|0x0000000086a00000, 0x0000000086a00000, 0x0000000086b00000|  0%| F|  |TAMS 0x0000000086a00000| PB 0x0000000086a00000| Untracked 
| 107|0x0000000086b00000, 0x0000000086b00000, 0x0000000086c00000|  0%| F|  |TAMS 0x0000000086b00000| PB 0x0000000086b00000| Untracked 
| 108|0x0000000086c00000, 0x0000000086c00000, 0x0000000086d00000|  0%| F|  |TAMS 0x0000000086c00000| PB 0x0000000086c00000| Untracked 
| 109|0x0000000086d00000, 0x0000000086d00000, 0x0000000086e00000|  0%| F|  |TAMS 0x0000000086d00000| PB 0x0000000086d00000| Untracked 
| 110|0x0000000086e00000, 0x0000000086e00000, 0x0000000086f00000|  0%| F|  |TAMS 0x0000000086e00000| PB 0x0000000086e00000| Untracked 
| 111|0x0000000086f00000, 0x0000000086f00000, 0x0000000087000000|  0%| F|  |TAMS 0x0000000086f00000| PB 0x0000000086f00000| Untracked 
| 112|0x0000000087000000, 0x0000000087000000, 0x0000000087100000|  0%| F|  |TAMS 0x0000000087000000| PB 0x0000000087000000| Untracked 
| 113|0x0000000087100000, 0x0000000087100000, 0x0000000087200000|  0%| F|  |TAMS 0x0000000087100000| PB 0x0000000087100000| Untracked 
| 114|0x0000000087200000, 0x0000000087200000, 0x0000000087300000|  0%| F|  |TAMS 0x0000000087200000| PB 0x0000000087200000| Untracked 
| 115|0x0000000087300000, 0x0000000087300000, 0x0000000087400000|  0%| F|  |TAMS 0x0000000087300000| PB 0x0000000087300000| Untracked 
| 116|0x0000000087400000, 0x0000000087400000, 0x0000000087500000|  0%| F|  |TAMS 0x0000000087400000| PB 0x0000000087400000| Untracked 
| 117|0x0000000087500000, 0x0000000087500000, 0x0000000087600000|  0%| F|  |TAMS 0x0000000087500000| PB 0x0000000087500000| Untracked 
| 118|0x0000000087600000, 0x0000000087677ce0, 0x0000000087700000| 46%| E|  |TAMS 0x0000000087600000| PB 0x0000000087600000| Complete 
| 119|0x0000000087700000, 0x0000000087800000, 0x0000000087800000|100%| E|CS|TAMS 0x0000000087700000| PB 0x0000000087700000| Complete 
| 120|0x0000000087800000, 0x0000000087900000, 0x0000000087900000|100%| E|CS|TAMS 0x0000000087800000| PB 0x0000000087800000| Complete 
| 121|0x0000000087900000, 0x0000000087a00000, 0x0000000087a00000|100%| E|  |TAMS 0x0000000087900000| PB 0x0000000087900000| Complete 
| 122|0x0000000087a00000, 0x0000000087b00000, 0x0000000087b00000|100%| E|CS|TAMS 0x0000000087a00000| PB 0x0000000087a00000| Complete 
| 123|0x0000000087b00000, 0x0000000087c00000, 0x0000000087c00000|100%| E|CS|TAMS 0x0000000087b00000| PB 0x0000000087b00000| Complete 
| 124|0x0000000087c00000, 0x0000000087d00000, 0x0000000087d00000|100%| E|CS|TAMS 0x0000000087c00000| PB 0x0000000087c00000| Complete 
| 125|0x0000000087d00000, 0x0000000087e00000, 0x0000000087e00000|100%| E|CS|TAMS 0x0000000087d00000| PB 0x0000000087d00000| Complete 
| 126|0x0000000087e00000, 0x0000000087f00000, 0x0000000087f00000|100%| E|CS|TAMS 0x0000000087e00000| PB 0x0000000087e00000| Complete 
| 127|0x0000000087f00000, 0x0000000088000000, 0x0000000088000000|100%| E|CS|TAMS 0x0000000087f00000| PB 0x0000000087f00000| Complete 

Card table byte_map: [0x000001ec7c750000,0x000001ec7cb50000] _byte_map_base: 0x000001ec7c350000

Marking Bits: (CMBitMap*) 0x000001ec77aebe40
 Bits: [0x000001ec7cb50000, 0x000001ec7eb50000)

Polling page: 0x000001ec75b60000

Metaspace:

Usage:
  Non-class:      5.95 MB used.
      Class:    921.07 KB used.
       Both:      6.85 MB used.

Virtual space:
  Non-class space:       64.00 MB reserved,       6.12 MB ( 10%) committed,  1 nodes.
      Class space:        1.00 GB reserved,       1.06 MB ( <1%) committed,  1 nodes.
             Both:        1.06 GB reserved,       7.19 MB ( <1%) committed. 

Chunk freelists:
   Non-Class:  8.51 MB
       Class:  14.95 MB
        Both:  23.47 MB

MaxMetaspaceSize: unlimited
CompressedClassSpaceSize: 1.00 GB
Initial GC threshold: 21.00 MB
Current GC threshold: 21.00 MB
CDS: on
 - commit_granule_bytes: 65536.
 - commit_granule_words: 8192.
 - virtual_space_node_default_size: 8388608.
 - enlarge_chunks_in_place: 1.
 - use_allocation_guard: 0.


Internal statistics:

num_allocs_failed_limit: 0.
num_arena_births: 408.
num_arena_deaths: 0.
num_vsnodes_births: 2.
num_vsnodes_deaths: 0.
num_space_committed: 115.
num_space_uncommitted: 0.
num_chunks_returned_to_freelist: 0.
num_chunks_taken_from_freelist: 647.
num_chunk_merges: 0.
num_chunk_splits: 420.
num_chunks_enlarged: 222.
num_inconsistent_stats: 0.

CodeHeap 'non-profiled nmethods': size=119168Kb used=663Kb max_used=663Kb free=118504Kb
 bounds [0x000001ec07ba0000, 0x000001ec07e10000, 0x000001ec0f000000]
CodeHeap 'profiled nmethods': size=119104Kb used=3550Kb max_used=3550Kb free=115553Kb
 bounds [0x000001ec00000000, 0x000001ec00380000, 0x000001ec07450000]
CodeHeap 'non-nmethods': size=7488Kb used=3165Kb max_used=3184Kb free=4322Kb
 bounds [0x000001ec07450000, 0x000001ec07770000, 0x000001ec07ba0000]
CodeCache: size=245760Kb, used=7378Kb, max_used=7397Kb, free=238379Kb
 total_blobs=2509, nmethods=1952, adapters=459, full_count=0
Compilation: enabled, stopped_count=0, restarted_count=0

Compilation events (20 events):
Event: 1.506 Thread 0x000001ec570215c0 nmethod 1941 0x000001ec07c40f10 code [0x000001ec07c410c0, 0x000001ec07c41678]
Event: 1.509 Thread 0x000001ec5702fef0 1945       3       java.lang.StringUTF16::getChar (60 bytes)
Event: 1.509 Thread 0x000001ec5702fef0 nmethod 1945 0x000001ec00373a90 code [0x000001ec00373c40, 0x000001ec00373db0]
Event: 1.510 Thread 0x000001ec570305c0 1946       4       java.lang.StringUTF16::getChar (60 bytes)
Event: 1.511 Thread 0x000001ec570305c0 nmethod 1946 0x000001ec07c41910 code [0x000001ec07c41aa0, 0x000001ec07c41b88]
Event: 1.511 Thread 0x000001ec570215c0 1947       4       java.lang.Character::digit (6 bytes)
Event: 1.512 Thread 0x000001ec5702fef0 1948       3       java.lang.CharacterData::of (136 bytes)
Event: 1.512 Thread 0x000001ec57031360 1949       3       java.lang.AbstractStringBuilder::appendChars (130 bytes)
Event: 1.512 Thread 0x000001ec5702fef0 nmethod 1948 0x000001ec00373e90 code [0x000001ec003740e0, 0x000001ec00374970]
Event: 1.513 Thread 0x000001ec570215c0 nmethod 1947 0x000001ec07c41c90 code [0x000001ec07c41e20, 0x000001ec07c41f78]
Event: 1.513 Thread 0x000001ec57031360 nmethod 1949 0x000001ec00374b90 code [0x000001ec00374da0, 0x000001ec00375300]
Event: 1.515 Thread 0x000001ec570305c0 1950       4       java.lang.String::toUpperCase (29 bytes)
Event: 1.515 Thread 0x000001ec57032100 1951       3       com.sun.crypto.provider.AESCrypt::implEncryptBlock (947 bytes)
Event: 1.515 Thread 0x000001ec5702fef0 1952       3       sun.security.provider.SHA2::implCompress (13 bytes)
Event: 1.515 Thread 0x000001ec57031360 1953       3       sun.security.provider.SHA2::implCompressCheck (18 bytes)
Event: 1.516 Thread 0x000001ec57031360 nmethod 1953 0x000001ec00375590 code [0x000001ec00375760, 0x000001ec00375af0]
Event: 1.516 Thread 0x000001ec5702fef0 nmethod 1952 0x000001ec00375c90 code [0x000001ec00375e80, 0x000001ec003762b8]
Event: 1.516 Thread 0x000001ec57032100 nmethod 1951 0x000001ec00376510 code [0x000001ec00376740, 0x000001ec00377470]
Event: 1.530 Thread 0x000001ec570305c0 nmethod 1950 0x000001ec07c42110 code [0x000001ec07c42300, 0x000001ec07c42d38]
Event: 1.537 Thread 0x000001ec57032ea0 nmethod 1936 0x000001ec07c43210 code [0x000001ec07c43520, 0x000001ec07c44ab8]

GC Heap History (2 events):
Event: 0.864 GC heap before
{Heap before GC invocations=0 (full 0):
 garbage-first heap   total 131072K, used 26624K [0x0000000080000000, 0x0000000100000000)
  region size 1024K, 23 young (23552K), 0 survivors (0K)
 Metaspace       used 5236K, committed 5568K, reserved 1114112K
  class space    used 713K, committed 896K, reserved 1048576K
}
Event: 0.872 GC heap after
{Heap after GC invocations=1 (full 0):
 garbage-first heap   total 131072K, used 9076K [0x0000000080000000, 0x0000000100000000)
  region size 1024K, 3 young (3072K), 3 survivors (3072K)
 Metaspace       used 5236K, committed 5568K, reserved 1114112K
  class space    used 713K, committed 896K, reserved 1048576K
}

Dll operation events (2 events):
Event: 0.013 Loaded shared library C:\Program Files\JetBrains\IntelliJ IDEA 2025.2.3\jbr\bin\java.dll
Event: 0.070 Loaded shared library C:\Program Files\JetBrains\IntelliJ IDEA 2025.2.3\jbr\bin\zip.dll

Deoptimization events (20 events):
Event: 1.466 Thread 0x000001ec57b41010 Uncommon trap: trap_request=0xffffff66 fr.pc=0x000001ec07c38af8 relative=0x0000000000000318
Event: 1.466 Thread 0x000001ec57b41010 Uncommon trap: reason=speculate_class_check action=maybe_recompile pc=0x000001ec07c38af8 method=sun.security.util.math.intpoly.IntegerPolynomial.multByInt([JJ)V @ 26 c2
Event: 1.466 Thread 0x000001ec57b41010 DEOPT PACKING pc=0x000001ec07c38af8 sp=0x000000bb672fda60
Event: 1.466 Thread 0x000001ec57b41010 DEOPT UNPACKING pc=0x000001ec074a46a2 sp=0x000000bb672fd9b0 mode 2
Event: 1.466 Thread 0x000001ec57b41010 Uncommon trap: trap_request=0xffffff66 fr.pc=0x000001ec07c38af8 relative=0x0000000000000318
Event: 1.466 Thread 0x000001ec57b41010 Uncommon trap: reason=speculate_class_check action=maybe_recompile pc=0x000001ec07c38af8 method=sun.security.util.math.intpoly.IntegerPolynomial.multByInt([JJ)V @ 26 c2
Event: 1.466 Thread 0x000001ec57b41010 DEOPT PACKING pc=0x000001ec07c38af8 sp=0x000000bb672fda60
Event: 1.466 Thread 0x000001ec57b41010 DEOPT UNPACKING pc=0x000001ec074a46a2 sp=0x000000bb672fd9b0 mode 2
Event: 1.508 Thread 0x000001ec57b41010 Uncommon trap: trap_request=0xffffff45 fr.pc=0x000001ec07bdee74 relative=0x0000000000000054
Event: 1.508 Thread 0x000001ec57b41010 Uncommon trap: reason=unstable_if action=reinterpret pc=0x000001ec07bdee74 method=java.lang.CharacterData.of(I)Ljava/lang/CharacterData; @ 4 c2
Event: 1.508 Thread 0x000001ec57b41010 DEOPT PACKING pc=0x000001ec07bdee74 sp=0x000000bb672fd290
Event: 1.508 Thread 0x000001ec57b41010 DEOPT UNPACKING pc=0x000001ec074a46a2 sp=0x000000bb672fd230 mode 2
Event: 1.511 Thread 0x000001ec57b41010 Uncommon trap: trap_request=0xffffff45 fr.pc=0x000001ec07c21b48 relative=0x00000000000000a8
Event: 1.511 Thread 0x000001ec57b41010 Uncommon trap: reason=unstable_if action=reinterpret pc=0x000001ec07c21b48 method=java.lang.CharacterDataLatin1.digit(II)I @ 7 c2
Event: 1.511 Thread 0x000001ec57b41010 DEOPT PACKING pc=0x000001ec07c21b48 sp=0x000000bb672fd490
Event: 1.511 Thread 0x000001ec57b41010 DEOPT UNPACKING pc=0x000001ec074a46a2 sp=0x000000bb672fd410 mode 2
Event: 1.515 Thread 0x000001ec57b41010 Uncommon trap: trap_request=0xffffffde fr.pc=0x000001ec07c26b28 relative=0x0000000000000528
Event: 1.515 Thread 0x000001ec57b41010 Uncommon trap: reason=class_check action=maybe_recompile pc=0x000001ec07c26b28 method=java.util.HashMap.putVal(ILjava/lang/Object;Ljava/lang/Object;ZZ)Ljava/lang/Object; @ 253 c2
Event: 1.515 Thread 0x000001ec57b41010 DEOPT PACKING pc=0x000001ec07c26b28 sp=0x000000bb672fdbb0
Event: 1.515 Thread 0x000001ec57b41010 DEOPT UNPACKING pc=0x000001ec074a46a2 sp=0x000000bb672fdb70 mode 2

Classes loaded (20 events):
Event: 1.231 Loading class com/sun/security/sasl/Provider$1
Event: 1.231 Loading class com/sun/security/sasl/Provider$1 done
Event: 1.231 Loading class com/sun/security/sasl/Provider$ProviderService
Event: 1.231 Loading class com/sun/security/sasl/Provider$ProviderService done
Event: 1.231 Loading class sun/security/provider/certpath/ldap/JdkLDAP
Event: 1.231 Loading class sun/security/provider/certpath/ldap/JdkLDAP done
Event: 1.232 Loading class sun/security/provider/certpath/ldap/JdkLDAP$ProviderService
Event: 1.232 Loading class sun/security/provider/certpath/ldap/JdkLDAP$ProviderService done
Event: 1.482 Loading class jdk/internal/event/X509CertificateEvent
Event: 1.482 Loading class jdk/internal/event/X509CertificateEvent done
Event: 1.491 Loading class jdk/internal/event/TLSHandshakeEvent
Event: 1.491 Loading class jdk/internal/event/TLSHandshakeEvent done
Event: 1.499 Loading class sun/util/resources/LocaleData$CommonResourceBundleProvider
Event: 1.499 Loading class sun/util/resources/LocaleData$LocaleDataResourceBundleProvider
Event: 1.499 Loading class java/util/spi/ResourceBundleProvider
Event: 1.499 Loading class java/util/spi/ResourceBundleProvider done
Event: 1.500 Loading class sun/util/resources/LocaleData$LocaleDataResourceBundleProvider done
Event: 1.500 Loading class sun/util/resources/LocaleData$CommonResourceBundleProvider done
Event: 1.501 Loading class sun/util/resources/Bundles$2
Event: 1.501 Loading class sun/util/resources/Bundles$2 done

Classes unloaded (0 events):
No events

Classes redefined (0 events):
No events

Internal exceptions (20 events):
Event: 0.687 Thread 0x000001ec575cc610 Exception <a 'java/lang/NoSuchMethodError'{0x0000000086e48048}: 'long java.lang.invoke.Invokers$Holder.invokeExact_MT(java.lang.Object, java.lang.Object)'> (0x0000000086e48048) 
thrown [s\src\hotspot\share\interpreter\linkResolver.cpp, line 784]
Event: 0.699 Thread 0x000001ec575cc610 Exception <a 'java/lang/NoSuchMethodError'{0x0000000086e6fae0}: 'void java.lang.invoke.DirectMethodHandle$Holder.invokeSpecial(java.lang.Object, java.lang.Object, java.lang.Object)'> (0x0000000086e6fae0) 
thrown [s\src\hotspot\share\interpreter\linkResolver.cpp, line 784]
Event: 0.699 Thread 0x000001ec579f7570 Exception <a 'java/lang/NoSuchMethodError'{0x0000000086ecda60}: 'void java.lang.invoke.DirectMethodHandle$Holder.invokeSpecial(java.lang.Object, java.lang.Object, java.lang.Object)'> (0x0000000086ecda60) 
thrown [s\src\hotspot\share\interpreter\linkResolver.cpp, line 784]
Event: 0.715 Thread 0x000001ec57b41010 Exception <a 'java/lang/NoSuchMethodError'{0x0000000086d9a3c8}: static [B.<clinit>()V> (0x0000000086d9a3c8) 
thrown [s\src\hotspot\share\prims\jni.cpp, line 1144]
Event: 0.715 Thread 0x000001ec576cbd10 Exception <a 'java/lang/NoSuchMethodError'{0x0000000086c0ed48}: static [B.<clinit>()V> (0x0000000086c0ed48) 
thrown [s\src\hotspot\share\prims\jni.cpp, line 1144]
Event: 0.717 Thread 0x000001ec57b41010 Exception <a 'java/lang/NoSuchMethodError'{0x0000000086d9bda8}: 'long java.lang.invoke.DirectMethodHandle$Holder.invokeInterface(java.lang.Object, java.lang.Object)'> (0x0000000086d9bda8) 
thrown [s\src\hotspot\share\interpreter\linkResolver.cpp, line 784]
Event: 0.717 Thread 0x000001ec576cbd10 Exception <a 'java/lang/NoSuchMethodError'{0x0000000086c10718}: 'int java.lang.invoke.DirectMethodHandle$Holder.invokeInterface(java.lang.Object, java.lang.Object)'> (0x0000000086c10718) 
thrown [s\src\hotspot\share\interpreter\linkResolver.cpp, line 784]
Event: 0.738 Thread 0x000001ec57b41010 Exception <a 'java/lang/NoSuchMethodError'{0x0000000086c86188}: static [Ljava/rmi/server/ObjID;.<clinit>()V> (0x0000000086c86188) 
thrown [s\src\hotspot\share\prims\jni.cpp, line 1144]
Event: 0.741 Thread 0x000001ec576caff0 Exception <a 'java/lang/NoSuchMethodError'{0x0000000086ced350}: 'java.lang.Object java.lang.invoke.DirectMethodHandle$Holder.invokeSpecial(java.lang.Object, java.lang.Object, int, java.lang.Object, long)'> (0x0000000086ced350) 
thrown [s\src\hotspot\share\interpreter\linkResolver.cpp, line 784]
Event: 0.742 Thread 0x000001ec576caff0 Exception <a 'java/lang/NoSuchMethodError'{0x0000000086cf4108}: 'java.lang.Object java.lang.invoke.DirectMethodHandle$Holder.newInvokeSpecial(java.lang.Object, java.lang.Object, int, java.lang.Object, long)'> (0x0000000086cf4108) 
thrown [s\src\hotspot\share\interpreter\linkResolver.cpp, line 784]
Event: 0.745 Thread 0x000001ec57b41010 Exception <a 'java/lang/NoSuchMethodError'{0x0000000086c9d748}: 'void java.lang.invoke.Invokers$Holder.linkToTargetMethod(java.lang.Object, java.lang.Object)'> (0x0000000086c9d748) 
thrown [s\src\hotspot\share\interpreter\linkResolver.cpp, line 784]
Event: 0.747 Thread 0x000001ec57b41010 Exception <a 'java/lang/NoSuchMethodError'{0x0000000086ca25a0}: 'void java.lang.invoke.DirectMethodHandle$Holder.invokeInterface(java.lang.Object, java.lang.Object)'> (0x0000000086ca25a0) 
thrown [s\src\hotspot\share\interpreter\linkResolver.cpp, line 784]
Event: 0.783 Thread 0x000001ec57b41010 Exception <a 'java/lang/NoSuchMethodError'{0x0000000086b86908}: 'java.lang.Object java.lang.invoke.DirectMethodHandle$Holder.invokeInterface(java.lang.Object, java.lang.Object, java.lang.Object, java.lang.Object, java.lang.Object)'> (0x0000000086b86908) 
thrown [s\src\hotspot\share\interpreter\linkResolver.cpp, line 784]
Event: 0.785 Thread 0x000001ec57b41010 Exception <a 'java/lang/NoSuchMethodError'{0x0000000086b99cc0}: 'java.lang.Object java.lang.invoke.Invokers$Holder.invokeExact_MT(java.lang.Object, java.lang.Object, java.lang.Object, java.lang.Object, java.lang.Object, java.lang.Object)'> (0x0000000086b99cc0) 
thrown [s\src\hotspot\share\interpreter\linkResolver.cpp, line 784]
Event: 0.863 Thread 0x000001ec57b41010 Exception <a 'java/lang/NoSuchMethodError'{0x00000000869f9818}: method resolution failed> (0x00000000869f9818) 
thrown [s\src\hotspot\share\prims\methodHandles.cpp, line 1144]
Event: 0.874 Thread 0x000001ec57b41010 Exception <a 'java/lang/NoSuchMethodError'{0x0000000087f03d08}: 'java.lang.Object java.lang.invoke.Invokers$Holder.invokeExact_MT(java.lang.Object, java.lang.Object, java.lang.Object, java.lang.Object, java.lang.Object)'> (0x0000000087f03d08) 
thrown [s\src\hotspot\share\interpreter\linkResolver.cpp, line 784]
Event: 0.891 Thread 0x000001ec57b41010 Exception <a 'java/lang/NoSuchMethodError'{0x0000000087fdfe60}: 'java.lang.Object java.lang.invoke.DirectMethodHandle$Holder.invokeVirtual(java.lang.Object, java.lang.Object, java.lang.Object, java.lang.Object)'> (0x0000000087fdfe60) 
thrown [s\src\hotspot\share\interpreter\linkResolver.cpp, line 784]
Event: 0.892 Thread 0x000001ec57b41010 Exception <a 'java/lang/NoSuchMethodError'{0x0000000087fe7a28}: 'void java.lang.invoke.DirectMethodHandle$Holder.invokeStatic(java.lang.Object, java.lang.Object, java.lang.Object, java.lang.Object)'> (0x0000000087fe7a28) 
thrown [s\src\hotspot\share\interpreter\linkResolver.cpp, line 784]
Event: 0.905 Thread 0x000001ec57b41010 Exception <a 'java/lang/IncompatibleClassChangeError'{0x0000000087e57590}: Found class java.lang.Object, but interface was expected> (0x0000000087e57590) 
thrown [s\src\hotspot\share\interpreter\linkResolver.cpp, line 851]
Event: 1.170 Thread 0x000001ec57b41010 Exception <a 'sun/nio/fs/WindowsException'{0x0000000087ca84a8}> (0x0000000087ca84a8) 
thrown [s\src\hotspot\share\prims\jni.cpp, line 537]

ZGC Phase Switch (0 events):
No events

VM Operations (20 events):
Event: 0.792 Executing VM operation: HandshakeAllThreads (Deoptimize)
Event: 0.792 Executing VM operation: HandshakeAllThreads (Deoptimize) done
Event: 0.864 Executing VM operation: G1CollectForAllocation (G1 Evacuation Pause)
Event: 0.872 Executing VM operation: G1CollectForAllocation (G1 Evacuation Pause) done
Event: 1.141 Executing VM operation: HandshakeAllThreads (Deoptimize)
Event: 1.141 Executing VM operation: HandshakeAllThreads (Deoptimize) done
Event: 1.152 Executing VM operation: HandshakeAllThreads (Deoptimize)
Event: 1.152 Executing VM operation: HandshakeAllThreads (Deoptimize) done
Event: 1.172 Executing VM operation: HandshakeAllThreads (Deoptimize)
Event: 1.172 Executing VM operation: HandshakeAllThreads (Deoptimize) done
Event: 1.177 Executing VM operation: HandshakeAllThreads (Deoptimize)
Event: 1.177 Executing VM operation: HandshakeAllThreads (Deoptimize) done
Event: 1.201 Executing VM operation: HandshakeAllThreads (Deoptimize)
Event: 1.201 Executing VM operation: HandshakeAllThreads (Deoptimize) done
Event: 1.269 Executing VM operation: HandshakeAllThreads (Deoptimize)
Event: 1.269 Executing VM operation: HandshakeAllThreads (Deoptimize) done
Event: 1.476 Executing VM operation: HandshakeAllThreads (Deoptimize)
Event: 1.476 Executing VM operation: HandshakeAllThreads (Deoptimize) done
Event: 1.509 Executing VM operation: HandshakeAllThreads (Deoptimize)
Event: 1.509 Executing VM operation: HandshakeAllThreads (Deoptimize) done

Memory protections (0 events):
No events

Nmethod flushes (0 events):
No events

Events (20 events):
Event: 0.550 Thread 0x000001ec57032ea0 Thread exited: 0x000001ec57032ea0
Event: 0.600 Loaded shared library C:\Program Files\JetBrains\IntelliJ IDEA 2025.2.3\jbr\bin\extnet.dll
Event: 0.608 Thread 0x000001ec757c89b0 Thread added: 0x000001ec576a2e00
Event: 0.621 Thread 0x000001ec757c89b0 Thread added: 0x000001ec573e01e0
Event: 0.621 Thread 0x000001ec757c89b0 Thread added: 0x000001ec573e0c60
Event: 0.631 Loaded shared library C:\Program Files\JetBrains\IntelliJ IDEA 2025.2.3\jbr\bin\rmi.dll
Event: 0.633 Thread 0x000001ec757c89b0 Thread added: 0x000001ec5736d920
Event: 0.663 Thread 0x000001ec576a2e00 Thread added: 0x000001ec575cc610
Event: 0.663 Thread 0x000001ec576a2e00 Thread added: 0x000001ec579f7570
Event: 0.702 Thread 0x000001ec579f7570 Thread added: 0x000001ec579eb9b0
Event: 0.704 Thread 0x000001ec573e01e0 Thread added: 0x000001ec57b41010
Event: 0.704 Thread 0x000001ec573e01e0 Thread added: 0x000001ec576cbd10
Event: 0.733 Thread 0x000001ec57b41010 Thread added: 0x000001ec576caff0
Event: 1.013 Thread 0x000001ec5702f820 Thread exited: 0x000001ec5702f820
Event: 1.026 Loaded shared library C:\Program Files\JetBrains\IntelliJ IDEA 2025.2.3\jbr\bin\management.dll
Event: 1.033 Loaded shared library C:\Program Files\JetBrains\IntelliJ IDEA 2025.2.3\jbr\bin\management_ext.dll
Event: 1.148 Loaded shared library C:\Program Files\JetBrains\IntelliJ IDEA 2025.2.3\jbr\bin\sunmscapi.dll
Event: 1.196 Thread 0x000001ec5702fef0 Thread added: 0x000001ec570327d0
Event: 1.317 Thread 0x000001ec5702fef0 Thread added: 0x000001ec57032ea0
Event: 1.322 Thread 0x000001ec570327d0 Thread added: 0x000001ec570305c0


Dynamic libraries:
0x00007ff7c5630000 - 0x00007ff7c563a000 	C:\Program Files\JetBrains\IntelliJ IDEA 2025.2.3\jbr\bin\java.exe
0x00007ffc937e0000 - 0x00007ffc93a47000 	C:\WINDOWS\SYSTEM32\ntdll.dll
0x00007ffc93020000 - 0x00007ffc930e9000 	C:\WINDOWS\System32\KERNEL32.DLL
0x00007ffc91180000 - 0x00007ffc9156f000 	C:\WINDOWS\System32\KERNELBASE.dll
0x00007ffc90d40000 - 0x00007ffc90e8b000 	C:\WINDOWS\System32\ucrtbase.dll
0x00007ffc76380000 - 0x00007ffc7639b000 	C:\Program Files\JetBrains\IntelliJ IDEA 2025.2.3\jbr\bin\VCRUNTIME140.dll
0x00007ffc762e0000 - 0x00007ffc762f8000 	C:\Program Files\JetBrains\IntelliJ IDEA 2025.2.3\jbr\bin\jli.dll
0x00007ffc91f70000 - 0x00007ffc92135000 	C:\WINDOWS\System32\USER32.dll
0x00007ffc91150000 - 0x00007ffc91177000 	C:\WINDOWS\System32\win32u.dll
0x00007ffc936a0000 - 0x00007ffc936cb000 	C:\WINDOWS\System32\GDI32.dll
0x00007ffc6e0f0000 - 0x00007ffc6e383000 	C:\WINDOWS\WinSxS\amd64_microsoft.windows.common-controls_6595b64144ccf1df_6.0.26100.7309_none_3e05feeae336a044\COMCTL32.dll
0x00007ffc90930000 - 0x00007ffc90a5c000 	C:\WINDOWS\System32\gdi32full.dll
0x00007ffc92220000 - 0x00007ffc922c9000 	C:\WINDOWS\System32\msvcrt.dll
0x00007ffc90e90000 - 0x00007ffc90f33000 	C:\WINDOWS\System32\msvcp_win.dll
0x00007ffc91a90000 - 0x00007ffc91ac1000 	C:\WINDOWS\System32\IMM32.DLL
0x00007ffc8b310000 - 0x00007ffc8b31c000 	C:\Program Files\JetBrains\IntelliJ IDEA 2025.2.3\jbr\bin\vcruntime140_1.dll
0x00007ffc4cd50000 - 0x00007ffc4cddd000 	C:\Program Files\JetBrains\IntelliJ IDEA 2025.2.3\jbr\bin\msvcp140.dll
0x00007ffb9f930000 - 0x00007ffba06fb000 	C:\Program Files\JetBrains\IntelliJ IDEA 2025.2.3\jbr\bin\server\jvm.dll
0x00007ffc92140000 - 0x00007ffc921f4000 	C:\WINDOWS\System32\ADVAPI32.dll
0x00007ffc936d0000 - 0x00007ffc93776000 	C:\WINDOWS\System32\sechost.dll
0x00007ffc92450000 - 0x00007ffc92568000 	C:\WINDOWS\System32\RPCRT4.dll
0x00007ffc92710000 - 0x00007ffc92784000 	C:\WINDOWS\System32\WS2_32.dll
0x00007ffc90110000 - 0x00007ffc9016e000 	C:\WINDOWS\SYSTEM32\POWRPROF.dll
0x00007ffc82a50000 - 0x00007ffc82a85000 	C:\WINDOWS\SYSTEM32\WINMM.dll
0x00007ffc85df0000 - 0x00007ffc85dfb000 	C:\WINDOWS\SYSTEM32\VERSION.dll
0x00007ffc900f0000 - 0x00007ffc90104000 	C:\WINDOWS\SYSTEM32\UMPDC.dll
0x00007ffc8f6e0000 - 0x00007ffc8f6fb000 	C:\WINDOWS\SYSTEM32\kernel.appcore.dll
0x00007ffc715c0000 - 0x00007ffc715ca000 	C:\Program Files\JetBrains\IntelliJ IDEA 2025.2.3\jbr\bin\jimage.dll
0x00007ffc8d740000 - 0x00007ffc8d982000 	C:\WINDOWS\SYSTEM32\DBGHELP.DLL
0x00007ffc93310000 - 0x00007ffc93696000 	C:\WINDOWS\System32\combase.dll
0x00007ffc92370000 - 0x00007ffc92446000 	C:\WINDOWS\System32\OLEAUT32.dll
0x00007ffc6ba20000 - 0x00007ffc6ba5c000 	C:\WINDOWS\SYSTEM32\dbgcore.DLL
0x00007ffc90c90000 - 0x00007ffc90d35000 	C:\WINDOWS\System32\bcryptPrimitives.dll
0x00007ffc715f0000 - 0x00007ffc71610000 	C:\Program Files\JetBrains\IntelliJ IDEA 2025.2.3\jbr\bin\java.dll
0x00007ffc928c0000 - 0x00007ffc93013000 	C:\WINDOWS\System32\SHELL32.dll
0x00007ffc90a60000 - 0x00007ffc90bca000 	C:\WINDOWS\System32\wintypes.dll
0x00007ffc8e500000 - 0x00007ffc8ed5e000 	C:\WINDOWS\SYSTEM32\windows.storage.dll
0x00007ffc927c0000 - 0x00007ffc928b4000 	C:\WINDOWS\System32\SHCORE.dll
0x00007ffc91e80000 - 0x00007ffc91ee6000 	C:\WINDOWS\System32\shlwapi.dll
0x00007ffc90850000 - 0x00007ffc90879000 	C:\WINDOWS\SYSTEM32\profapi.dll
0x00007ffc715d0000 - 0x00007ffc715e8000 	C:\Program Files\JetBrains\IntelliJ IDEA 2025.2.3\jbr\bin\zip.dll
0x00007ffc71440000 - 0x00007ffc71450000 	C:\Program Files\JetBrains\IntelliJ IDEA 2025.2.3\jbr\bin\net.dll
0x00007ffc8a600000 - 0x00007ffc8a728000 	C:\WINDOWS\SYSTEM32\WINHTTP.dll
0x00007ffc8fc50000 - 0x00007ffc8fcbb000 	C:\WINDOWS\system32\mswsock.dll
0x00007ffc668d0000 - 0x00007ffc668e6000 	C:\Program Files\JetBrains\IntelliJ IDEA 2025.2.3\jbr\bin\nio.dll
0x00007ffc8f160000 - 0x00007ffc8f194000 	C:\WINDOWS\SYSTEM32\IPHLPAPI.DLL
0x00007ffc92200000 - 0x00007ffc9220a000 	C:\WINDOWS\System32\NSI.dll
0x00007ffc8ff10000 - 0x00007ffc8ff2b000 	C:\WINDOWS\SYSTEM32\CRYPTSP.dll
0x00007ffc8f640000 - 0x00007ffc8f67a000 	C:\WINDOWS\system32\rsaenh.dll
0x00007ffc8fd00000 - 0x00007ffc8fd2b000 	C:\WINDOWS\SYSTEM32\USERENV.dll
0x00007ffc90820000 - 0x00007ffc9084a000 	C:\WINDOWS\SYSTEM32\bcrypt.dll
0x00007ffc8ff30000 - 0x00007ffc8ff3c000 	C:\WINDOWS\SYSTEM32\CRYPTBASE.dll
0x00007ffc588e0000 - 0x00007ffc588e9000 	C:\Program Files\JetBrains\IntelliJ IDEA 2025.2.3\jbr\bin\extnet.dll
0x00007ffc76310000 - 0x00007ffc76317000 	C:\Program Files\JetBrains\IntelliJ IDEA 2025.2.3\jbr\bin\rmi.dll
0x00007ffc8f1a0000 - 0x00007ffc8f2cc000 	C:\WINDOWS\SYSTEM32\DNSAPI.dll
0x00007ffc892e0000 - 0x00007ffc892eb000 	C:\Windows\System32\rasadhlp.dll
0x00007ffc8ad90000 - 0x00007ffc8ae16000 	C:\WINDOWS\System32\fwpuclnt.dll
0x00007ffc588d0000 - 0x00007ffc588d9000 	C:\Program Files\JetBrains\IntelliJ IDEA 2025.2.3\jbr\bin\management.dll
0x00007ffc56bf0000 - 0x00007ffc56bfb000 	C:\Program Files\JetBrains\IntelliJ IDEA 2025.2.3\jbr\bin\management_ext.dll
0x00007ffc93240000 - 0x00007ffc93248000 	C:\WINDOWS\System32\PSAPI.DLL
0x00007ffc61020000 - 0x00007ffc6102e000 	C:\Program Files\JetBrains\IntelliJ IDEA 2025.2.3\jbr\bin\sunmscapi.dll
0x00007ffc90f40000 - 0x00007ffc910b7000 	C:\WINDOWS\System32\CRYPT32.dll
0x00007ffc90250000 - 0x00007ffc90280000 	C:\WINDOWS\SYSTEM32\ncrypt.dll
0x00007ffc90200000 - 0x00007ffc9023f000 	C:\WINDOWS\SYSTEM32\NTASN1.dll

JVMTI agents: none

dbghelp: loaded successfully - version: 4.0.5 - missing functions: none
symbol engine: initialized successfully - sym options: 0x614 - pdb path: .;C:\Program Files\JetBrains\IntelliJ IDEA 2025.2.3\jbr\bin;C:\WINDOWS\SYSTEM32;C:\WINDOWS\WinSxS\amd64_microsoft.windows.common-controls_6595b64144ccf1df_6.0.26100.7309_none_3e05feeae336a044;C:\Program Files\JetBrains\IntelliJ IDEA 2025.2.3\jbr\bin\server

VM Arguments:
jvm_args: -Djava.rmi.server.hostname=127.0.0.1 -Duser.timezone=UTC -Xmx2048m -Xms128m -Djdbc.classpath=C:\Users\Jeyer\AppData\Local\Temp\RemoteDriver1.classpath.txt --add-exports=java.desktop/sun.awt=ALL-UNNAMED --add-exports=java.desktop/java.awt.peer=ALL-UNNAMED --add-opens=java.desktop/java.awt=ALL-UNNAMED --add-opens=jdk.unsupported/sun.misc=ALL-UNNAMED --add-opens=java.base/java.nio=ALL-UNNAMED --add-opens=java.base/java.util=ALL-UNNAMED -Dfile.encoding=UTF-8 -Dsun.stdout.encoding=UTF-8 -Dsun.stderr.encoding=UTF-8 
java_command: com.intellij.database.remote.RemoteJdbcServer org.postgresql.Driver
java_class_path (initial): C:\Program Files\JetBrains\IntelliJ IDEA 2025.2.3\lib\util_rt.jar;C:\Program Files\JetBrains\IntelliJ IDEA 2025.2.3\lib\util-8.jar;C:\Program Files\JetBrains\IntelliJ IDEA 2025.2.3\lib\groovy.jar;C:\Program Files\JetBrains\IntelliJ IDEA 2025.2.3\plugins\DatabaseTools\lib\jdbc-console.jar;C:\Program Files\JetBrains\IntelliJ IDEA 2025.2.3\lib\modules\intellij.grid.types.jar;C:\Program Files\JetBrains\IntelliJ IDEA 2025.2.3\lib\util.jar;C:\Program Files\JetBrains\IntelliJ IDEA 2025.2.3\lib\bouncy-castle.jar
Launcher Type: SUN_STANDARD

[Global flags]
     intx CICompilerCount                          = 12                                        {product} {ergonomic}
     uint ConcGCThreads                            = 3                                         {product} {ergonomic}
     uint G1ConcRefinementThreads                  = 13                                        {product} {ergonomic}
   size_t G1HeapRegionSize                         = 1048576                                   {product} {ergonomic}
    uintx GCDrainStackTargetSize                   = 64                                        {product} {ergonomic}
   size_t InitialHeapSize                          = 134217728                                 {product} {command line}
   size_t MarkStackSize                            = 4194304                                   {product} {ergonomic}
   size_t MaxHeapSize                              = 2147483648                                {product} {command line}
   size_t MaxNewSize                               = 1287651328                                {product} {ergonomic}
   size_t MinHeapDeltaBytes                        = 1048576                                   {product} {ergonomic}
   size_t MinHeapSize                              = 134217728                                 {product} {command line}
    uintx NonNMethodCodeHeapSize                   = 7602480                                {pd product} {ergonomic}
    uintx NonProfiledCodeHeapSize                  = 122027880                              {pd product} {ergonomic}
    uintx ProfiledCodeHeapSize                     = 122027880                              {pd product} {ergonomic}
    uintx ReservedCodeCacheSize                    = 251658240                              {pd product} {ergonomic}
     bool SegmentedCodeCache                       = true                                      {product} {ergonomic}
   size_t SoftMaxHeapSize                          = 2147483648                             {manageable} {ergonomic}
     bool UseCompressedOops                        = true                           {product lp64_product} {ergonomic}
     bool UseG1GC                                  = true                                      {product} {ergonomic}
     bool UseLargePagesIndividualAllocation        = false                                  {pd product} {ergonomic}

Logging:
Log output configuration:
 #0: stdout all=warning uptime,level,tags foldmultilines=false
 #1: stderr all=off uptime,level,tags foldmultilines=false

Environment Variables:
JAVA_HOME=C:\Program Files\Java\jdk-17
PATH=C:\Program Files\Microsoft\jdk-17.0.10.7-hotspot\bin;C:\Program Files\Common Files\Oracle\Java\javapath;C:\ProgramData\chocolatey\bin;C:\Program Files\MySQL\mysql-8.0.39-winx64\bin;C:\Windows\System32;C:\Program Files (x86)\NVIDIA Corporation\PhysX\Common;C:\xampp\php;C:\WINDOWS\system32;C:\WINDOWS;C:\WINDOWS\System32\Wbem;C:\WINDOWS\System32\WindowsPowerShell\v1.0\;C:\WINDOWS\System32\OpenSSH\;C:\Program Files\Docker\Docker\resources\bin;C:\Program Files\Vagrant\bin;C:\Program Files\MySQL\MySQL Server 8.0\bin;C:\Program Files\PostgreSQL\16\bin;C:\ProgramData\nvm;C:\nvm4w\nodejs;C:\Program Files\NVIDIA Corporation\NVIDIA App\NvDLISR;C:\Program Files\Git\cmd;C:\Program Files\MySQL\MySQL Shell 8.0\bin\;C:\Users\Jeyer\AppData\Local\Programs\Python\Python311\Scripts\;C:\Users\Jeyer\AppData\Local\Programs\Python\Python311\;C:\Users\Jeyer\AppData\Local\Microsoft\WindowsApps;C:\Users\Jeyer\AppData\Local\Programs\Microsoft VS Code\bin;C:\Program Files\JetBrains\IntelliJ IDEA 2023.2.1\bin;;C:\Program Files\apache-maven-3.9.6\bin\bin;C:\Program Files\apache-maven-3.9.6\bin;C:\Users\Jeyer\AppData\Local\Programs\mongosh\;C:\Users\Jeyer\AppData\Local\Android\Sdk\platform-tools;C:\Program Files\MySQL\mysql-8.0.39-winx64\bin;C:\Users\Jeyer\Downloads\stripe_1.19.2_windows_x86_64;C:\Program Files\Gradle\gradle-8.6\bin;C:\Users\Jeyer\AppData\Local\ComposerSetup\bin;C:\Users\Jeyer\AppData\Roaming\Composer\vendor\bin;C:\Users\Jeyer\AppData\Local\GitHubDesktop\bin;C:\ProgramData\nvm;C:\nvm4w\nodejs;D:\Program Files\stripe;D:\Program Files\PostgreSQL\18\bin;
USERNAME=Jeyer
OS=Windows_NT
PROCESSOR_IDENTIFIER=Intel64 Family 6 Model 154 Stepping 3, GenuineIntel
TMP=C:\Users\Jeyer\AppData\Local\Temp
TEMP=C:\Users\Jeyer\AppData\Local\Temp




Periodic native trim disabled

JNI global refs:
JNI global refs: 27, weak refs: 0

JNI global refs memory usage: 835, weak refs: 833

Process memory usage:
Resident Set Size: 123596K (0% of 16437284K total physical memory with 1252836K free physical memory)

OOME stack traces (most recent first):
Classloader memory used:
Loader bootstrap                                                                       : 3257K
Loader jdk.internal.loader.ClassLoaders$AppClassLoader                                 : 2501K
Loader jdk.internal.loader.ClassLoaders$PlatformClassLoader                            : 734K
Loader com.intellij.database.remote.jdbc.impl.JdbcClassLoader$JdbcClassLoaderImpl      : 441K
Loader jdk.internal.reflect.DelegatingClassLoader                                      : 80056B

---------------  S Y S T E M  ---------------

OS:
 Windows 11 , 64 bit Build 26100 (10.0.26100.7309)
OS uptime: 0 days 1:35 hours
Hyper-V role detected

CPU: total 16 (initial active 16) (8 cores per cpu, 2 threads per core) family 6 model 154 stepping 3 microcode 0x42c, cx8, cmov, fxsr, ht, mmx, 3dnowpref, sse, sse2, sse3, ssse3, sse4.1, sse4.2, popcnt, lzcnt, tsc, tscinvbit, avx, avx2, aes, erms, clmul, bmi1, bmi2, adx, sha, fma, vzeroupper, clflush, clflushopt, clwb, hv, serialize, rdtscp, rdpid, fsrm, f16c, cet_ibt, cet_ss
Processor Information for processor 0
  Max Mhz: 2500, Current Mhz: 2500, Mhz Limit: 2500
Processor Information for processor 1
  Max Mhz: 2500, Current Mhz: 2500, Mhz Limit: 2500
Processor Information for processor 2
  Max Mhz: 2500, Current Mhz: 2500, Mhz Limit: 2500
Processor Information for processor 3
  Max Mhz: 2500, Current Mhz: 2500, Mhz Limit: 2500
Processor Information for processor 4
  Max Mhz: 2500, Current Mhz: 2500, Mhz Limit: 2500
Processor Information for processor 5
  Max Mhz: 2500, Current Mhz: 2500, Mhz Limit: 2500
Processor Information for processor 6
  Max Mhz: 2500, Current Mhz: 2500, Mhz Limit: 2500
Processor Information for processor 7
  Max Mhz: 2500, Current Mhz: 2500, Mhz Limit: 2500
Processor Information for processor 8
  Max Mhz: 2500, Current Mhz: 1500, Mhz Limit: 1800
Processor Information for processor 9
  Max Mhz: 2500, Current Mhz: 1500, Mhz Limit: 1800
Processor Information for processor 10
  Max Mhz: 2500, Current Mhz: 1500, Mhz Limit: 1800
Processor Information for processor 11
  Max Mhz: 2500, Current Mhz: 1500, Mhz Limit: 1800
Processor Information for processor 12
  Max Mhz: 2500, Current Mhz: 1500, Mhz Limit: 1800
Processor Information for processor 13
  Max Mhz: 2500, Current Mhz: 1500, Mhz Limit: 1800
Processor Information for processor 14
  Max Mhz: 2500, Current Mhz: 1500, Mhz Limit: 1800
Processor Information for processor 15
  Max Mhz: 2500, Current Mhz: 1500, Mhz Limit: 1800

Memory: 4k page, system-wide physical 16052M (1224M free)
TotalPageFile size 21672M (AvailPageFile size 7M)
current process WorkingSet (physical memory assigned to process): 120M, peak: 122M
current process commit charge ("private bytes"): 269M, peak: 272M

vm_info: OpenJDK 64-Bit Server VM (21.0.8+1-b1038.72) for windows-amd64 JRE (21.0.8+1-b1038.72), built on 2025-09-08 by "builduser" with MS VC++ 16.10 / 16.11 (VS2019)

END.
