#
# There is insufficient memory for the Java Runtime Environment to continue.
# Native memory allocation (malloc) failed to allocate 877936 bytes. Error detail: Chunk::new
# Possible reasons:
#   The system is out of physical RAM or swap space
#   This process is running with CompressedOops enabled, and the Java Heap may be blocking the growth of the native heap
# Possible solutions:
#   Reduce memory load on the system
#   Increase physical memory or swap space
#   Check if swap backing store is full
#   Decrease Java heap size (-Xmx/-Xms)
#   Decrease number of Java threads
#   Decrease Java thread stack sizes (-Xss)
#   Set larger code cache with -XX:ReservedCodeCacheSize=
#   JVM is running with Unscaled Compressed Oops mode in which the Java heap is
#     placed in the first 4GB address space. The Java Heap base address is the
#     maximum limit for the native heap growth. Please use -XX:HeapBaseMinAddress
#     to set the Java Heap base and to place the Java Heap above 4GB virtual address.
# This output file may be truncated or incomplete.
#
#  Out of Memory Error (arena.cpp:168), pid=6172, tid=17596
#
# JRE version: OpenJDK Runtime Environment JBR-21.0.8+1-1038.72-jcef (21.0.8+1) (build 21.0.8+1-b1038.72)
# Java VM: OpenJDK 64-Bit Server VM JBR-21.0.8+1-1038.72-jcef (21.0.8+1-b1038.72, mixed mode, sharing, tiered, compressed oops, compressed class ptrs, g1 gc, windows-amd64)
# No core dump will be written. Minidumps are not enabled by default on client versions of Windows
#

---------------  S U M M A R Y ------------

Command Line: -Djava.rmi.server.hostname=127.0.0.1 -Duser.timezone=UTC -Xmx2048m -Xms128m -Djdbc.classpath=C:\Users\Jeyer\AppData\Local\Temp\RemoteDriver7.classpath.txt --add-exports=java.desktop/sun.awt=ALL-UNNAMED --add-exports=java.desktop/java.awt.peer=ALL-UNNAMED --add-opens=java.desktop/java.awt=ALL-UNNAMED --add-opens=jdk.unsupported/sun.misc=ALL-UNNAMED --add-opens=java.base/java.nio=ALL-UNNAMED --add-opens=java.base/java.util=ALL-UNNAMED -Dfile.encoding=UTF-8 -Dsun.stdout.encoding=UTF-8 -Dsun.stderr.encoding=UTF-8 com.intellij.database.remote.RemoteJdbcServer org.postgresql.Driver

Host: 12th Gen Intel(R) Core(TM) i5-12500H, 16 cores, 15G,  Windows 11 , 64 bit Build 26100 (10.0.26100.7309)
Time: Sat Feb 14 21:02:07 2026 SE Asia Standard Time elapsed time: 1.280669 seconds (0d 0h 0m 1s)

---------------  T H R E A D  ---------------

Current thread (0x00000209a5c4b340):  JavaThread "C2 CompilerThread2" daemon [_thread_in_native, id=17596, stack(0x00000054c2c00000,0x00000054c2d00000) (1024K)]


Current CompileTask:
C2:1280 1883       4       sun.security.ec.ECOperations::setDouble (463 bytes)

Stack: [0x00000054c2c00000,0x00000054c2d00000]
Native frames: (J=compiled Java code, j=interpreted, Vv=VM code, C=native code)
V  [jvm.dll+0x6ebeb9]
V  [jvm.dll+0x8cbec3]
V  [jvm.dll+0x8ce47e]
V  [jvm.dll+0x8ceb63]
V  [jvm.dll+0x28adf6]
V  [jvm.dll+0xc6f3d]
V  [jvm.dll+0xc7473]
V  [jvm.dll+0x301d10]
V  [jvm.dll+0x611aa9]
V  [jvm.dll+0x25aea2]
V  [jvm.dll+0x25b25f]
V  [jvm.dll+0x253a05]
V  [jvm.dll+0x25125e]
V  [jvm.dll+0x1ceb64]
V  [jvm.dll+0x260bfe]
V  [jvm.dll+0x25f146]
V  [jvm.dll+0x402ee6]
V  [jvm.dll+0x873a78]
V  [jvm.dll+0x6ea63d]
C  [ucrtbase.dll+0x37b0]
C  [KERNEL32.DLL+0x2e8d7]
C  [ntdll.dll+0x8c53c]


---------------  P R O C E S S  ---------------

Threads class SMR info:
_java_thread_list=0x00000209a535c2a0, length=27, elements={
0x0000020989bd8470, 0x00000209a49b60a0, 0x00000209a49bcd20, 0x00000209a49bf890,
0x00000209a49c0d10, 0x00000209a49c1770, 0x00000209a49c21d0, 0x00000209a49c2c30,
0x00000209a49c39c0, 0x00000209a49c89e0, 0x00000209a5206050, 0x00000209a5207710,
0x00000209a5354470, 0x00000209a55ae0d0, 0x00000209a55e6320, 0x00000209a5a47050,
0x00000209a5a476c0, 0x00000209a5a48550, 0x00000209a55aaed0, 0x00000209a5689db0,
0x00000209a591b0a0, 0x00000209a591df60, 0x00000209a5b3f610, 0x00000209a5b3c820,
0x00000209a5b1d7c0, 0x00000209a5c4b340, 0x00000209a5c919e0
}

Java Threads: ( => current thread )
  0x0000020989bd8470 JavaThread "main"                              [_thread_blocked, id=23844, stack(0x00000054c1700000,0x00000054c1800000) (1024K)]
  0x00000209a49b60a0 JavaThread "Common-Cleaner"             daemon [_thread_blocked, id=12848, stack(0x00000054c1f00000,0x00000054c2000000) (1024K)]
  0x00000209a49bcd20 JavaThread "Reference Handler"          daemon [_thread_blocked, id=7988, stack(0x00000054c2000000,0x00000054c2100000) (1024K)]
  0x00000209a49bf890 JavaThread "Finalizer"                  daemon [_thread_blocked, id=19816, stack(0x00000054c2100000,0x00000054c2200000) (1024K)]
  0x00000209a49c0d10 JavaThread "Signal Dispatcher"          daemon [_thread_blocked, id=21500, stack(0x00000054c2200000,0x00000054c2300000) (1024K)]
  0x00000209a49c1770 JavaThread "Attach Listener"            daemon [_thread_blocked, id=17256, stack(0x00000054c2300000,0x00000054c2400000) (1024K)]
  0x00000209a49c21d0 JavaThread "Service Thread"             daemon [_thread_blocked, id=24296, stack(0x00000054c2400000,0x00000054c2500000) (1024K)]
  0x00000209a49c2c30 JavaThread "Monitor Deflation Thread"   daemon [_thread_blocked, id=22576, stack(0x00000054c2500000,0x00000054c2600000) (1024K)]
  0x00000209a49c39c0 JavaThread "C2 CompilerThread0"         daemon [_thread_blocked, id=17764, stack(0x00000054c2600000,0x00000054c2700000) (1024K)]
  0x00000209a49c89e0 JavaThread "C1 CompilerThread0"         daemon [_thread_blocked, id=25332, stack(0x00000054c2700000,0x00000054c2800000) (1024K)]
  0x00000209a5206050 JavaThread "C1 CompilerThread1"         daemon [_thread_in_vm, id=11108, stack(0x00000054c2800000,0x00000054c2900000) (1024K)]
  0x00000209a5207710 JavaThread "C1 CompilerThread2"         daemon [_thread_blocked, id=16052, stack(0x00000054c2900000,0x00000054c2a00000) (1024K)]
  0x00000209a5354470 JavaThread "Notification Thread"        daemon [_thread_blocked, id=24360, stack(0x00000054c2a00000,0x00000054c2b00000) (1024K)]
  0x00000209a55ae0d0 JavaThread "C1 CompilerThread3"         daemon [_thread_blocked, id=25292, stack(0x00000054c2d00000,0x00000054c2e00000) (1024K)]
  0x00000209a55e6320 JavaThread "RMI TCP Accept-43509"       daemon [_thread_in_native, id=14564, stack(0x00000054c2e00000,0x00000054c2f00000) (1024K)]
  0x00000209a5a47050 JavaThread "RMI TCP Accept-0"           daemon [_thread_in_native, id=22808, stack(0x00000054c2f00000,0x00000054c3000000) (1024K)]
  0x00000209a5a476c0 JavaThread "RMI Reaper"                        [_thread_blocked, id=11912, stack(0x00000054c3000000,0x00000054c3100000) (1024K)]
  0x00000209a5a48550 JavaThread "RMI GC Daemon"              daemon [_thread_blocked, id=10136, stack(0x00000054c3100000,0x00000054c3200000) (1024K)]
  0x00000209a55aaed0 JavaThread "RMI TCP Connection(1)-127.0.0.1" daemon [_thread_in_native, id=24100, stack(0x00000054c3200000,0x00000054c3300000) (1024K)]
  0x00000209a5689db0 JavaThread "RMI TCP Connection(2)-127.0.0.1" daemon [_thread_in_native, id=22532, stack(0x00000054c3300000,0x00000054c3400000) (1024K)]
  0x00000209a591b0a0 JavaThread "RMI Scheduler(0)"           daemon [_thread_blocked, id=21924, stack(0x00000054c3400000,0x00000054c3500000) (1024K)]
  0x00000209a591df60 JavaThread "RMI TCP Connection(3)-127.0.0.1" daemon [_thread_in_Java, id=8272, stack(0x00000054c3500000,0x00000054c3600000) (1024K)]
  0x00000209a5b3f610 JavaThread "RMI TCP Connection(4)-127.0.0.1" daemon [_thread_in_native, id=3116, stack(0x00000054c3600000,0x00000054c3700000) (1024K)]
  0x00000209a5b3c820 JavaThread "RMI RenewClean-[127.0.0.1:55060]" daemon [_thread_blocked, id=25484, stack(0x00000054c3700000,0x00000054c3800000) (1024K)]
  0x00000209a5b1d7c0 JavaThread "C2 CompilerThread1"         daemon [_thread_in_native, id=23888, stack(0x00000054c2b00000,0x00000054c2c00000) (1024K)]
=>0x00000209a5c4b340 JavaThread "C2 CompilerThread2"         daemon [_thread_in_native, id=17596, stack(0x00000054c2c00000,0x00000054c2d00000) (1024K)]
  0x00000209a5c919e0 JavaThread "C2 CompilerThread3"         daemon [_thread_in_native, id=9100, stack(0x00000054c4400000,0x00000054c4500000) (1024K)]
Total: 27

Other Threads:
  0x00000209a499aca0 VMThread "VM Thread"                           [id=12488, stack(0x00000054c1e00000,0x00000054c1f00000) (1024K)]
  0x00000209a498a6b0 WatcherThread "VM Periodic Task Thread"        [id=7276, stack(0x00000054c1d00000,0x00000054c1e00000) (1024K)]
  0x000002098bf2ade0 WorkerThread "GC Thread#0"                     [id=11796, stack(0x00000054c1800000,0x00000054c1900000) (1024K)]
  0x00000209a588f310 WorkerThread "GC Thread#1"                     [id=25556, stack(0x00000054c3800000,0x00000054c3900000) (1024K)]
  0x00000209a5869370 WorkerThread "GC Thread#2"                     [id=14460, stack(0x00000054c3900000,0x00000054c3a00000) (1024K)]
  0x00000209a5869710 WorkerThread "GC Thread#3"                     [id=23656, stack(0x00000054c3a00000,0x00000054c3b00000) (1024K)]
  0x00000209a572b740 WorkerThread "GC Thread#4"                     [id=18080, stack(0x00000054c3b00000,0x00000054c3c00000) (1024K)]
  0x00000209a5869ec0 WorkerThread "GC Thread#5"                     [id=23804, stack(0x00000054c3c00000,0x00000054c3d00000) (1024K)]
  0x00000209a5910ef0 WorkerThread "GC Thread#6"                     [id=13964, stack(0x00000054c3d00000,0x00000054c3e00000) (1024K)]
  0x00000209a59116a0 WorkerThread "GC Thread#7"                     [id=23768, stack(0x00000054c3e00000,0x00000054c3f00000) (1024K)]
  0x00000209a5911a40 WorkerThread "GC Thread#8"                     [id=23516, stack(0x00000054c3f00000,0x00000054c4000000) (1024K)]
  0x00000209a5911de0 WorkerThread "GC Thread#9"                     [id=23992, stack(0x00000054c4000000,0x00000054c4100000) (1024K)]
  0x00000209a5912180 WorkerThread "GC Thread#10"                    [id=5852, stack(0x00000054c4100000,0x00000054c4200000) (1024K)]
  0x00000209a5912520 WorkerThread "GC Thread#11"                    [id=22828, stack(0x00000054c4200000,0x00000054c4300000) (1024K)]
  0x000002098bf7a010 ConcurrentGCThread "G1 Main Marker"            [id=4936, stack(0x00000054c1900000,0x00000054c1a00000) (1024K)]
  0x000002098bf7aa20 WorkerThread "G1 Conc#0"                       [id=25184, stack(0x00000054c1a00000,0x00000054c1b00000) (1024K)]
  0x00000209a484fc30 ConcurrentGCThread "G1 Refine#0"               [id=25208, stack(0x00000054c1b00000,0x00000054c1c00000) (1024K)]
  0x00000209a4853870 ConcurrentGCThread "G1 Service"                [id=10728, stack(0x00000054c1c00000,0x00000054c1d00000) (1024K)]
Total: 18

Threads with active compile tasks:
C1 CompilerThread0  1305 1908       3       java.lang.invoke.VarHandleByteArrayAsLongs$ArrayHandle::get (36 bytes)
C1 CompilerThread3  1305 1907       3       java.lang.invoke.VarHandleGuards::guard_LI_J (78 bytes)
C2 CompilerThread1  1305 1896       4       sun.security.util.math.intpoly.IntegerPolynomial$MutableElement::setProduct (58 bytes)
C2 CompilerThread2  1305 1883       4       sun.security.ec.ECOperations::setDouble (463 bytes)
C2 CompilerThread3  1306 1895       4       sun.security.util.math.intpoly.IntegerPolynomial$MutableElement::setProduct (6 bytes)
Total: 5

VM state: not at safepoint (normal execution)

VM Mutex/Monitor currently owned by a thread: None

Heap address: 0x0000000080000000, size: 2048 MB, Compressed Oops mode: 32-bit

CDS archive(s) mapped at: [0x00000209a6000000-0x00000209a7c00000-0x00000209a7c00000), size 29360128, SharedBaseAddress: 0x00000209a6000000, ArchiveRelocationMode: 1.
Compressed class space mapped at: 0x00000209a8000000-0x00000209e8000000, reserved size: 1073741824
Narrow klass base: 0x00000209a6000000, Narrow klass shift: 0, Narrow klass range: 0x100000000

GC Precious Log:
 CardTable entry size: 512
 Card Set container configuration: InlinePtr #cards 5 size 8 Array Of Cards #cards 12 size 40 Howl #buckets 4 coarsen threshold 1843 Howl Bitmap #cards 512 size 80 coarsen threshold 460 Card regions per heap region 1 cards per card region 2048
 CPUs: 16 total, 16 available
 Memory: 16052M
 Large Page Support: Disabled
 NUMA Support: Disabled
 Compressed Oops: Enabled (32-bit)
 Heap Region Size: 1M
 Heap Min Capacity: 128M
 Heap Initial Capacity: 128M
 Heap Max Capacity: 2G
 Pre-touch: Disabled
 Parallel Workers: 13
 Concurrent Workers: 3
 Concurrent Refinement Workers: 13
 Periodic GC: Disabled

Heap:
 garbage-first heap   total 131072K, used 16296K [0x0000000080000000, 0x0000000100000000)
  region size 1024K, 12 young (12288K), 3 survivors (3072K)
 Metaspace       used 6847K, committed 7232K, reserved 1114112K
  class space    used 900K, committed 1088K, reserved 1048576K

Heap Regions: E=young(eden), S=young(survivor), O=old, HS=humongous(starts), HC=humongous(continues), CS=collection set, F=free, TAMS=top-at-mark-start, PB=parsable bottom
|   0|0x0000000080000000, 0x0000000080100000, 0x0000000080100000|100%|HS|  |TAMS 0x0000000080000000| PB 0x0000000080000000| Complete 
|   1|0x0000000080100000, 0x0000000080200000, 0x0000000080200000|100%|HC|  |TAMS 0x0000000080100000| PB 0x0000000080100000| Complete 
|   2|0x0000000080200000, 0x0000000080300000, 0x0000000080300000|100%|HS|  |TAMS 0x0000000080200000| PB 0x0000000080200000| Complete 
|   3|0x0000000080300000, 0x0000000080400000, 0x0000000080400000|100%|HS|  |TAMS 0x0000000080300000| PB 0x0000000080300000| Complete 
|   4|0x0000000080400000, 0x0000000080500000, 0x0000000080500000|100%| O|  |TAMS 0x0000000080400000| PB 0x0000000080400000| Untracked 
|   5|0x0000000080500000, 0x00000000805ea000, 0x0000000080600000| 91%| O|  |TAMS 0x0000000080500000| PB 0x0000000080500000| Untracked 
|   6|0x0000000080600000, 0x0000000080600000, 0x0000000080700000|  0%| F|  |TAMS 0x0000000080600000| PB 0x0000000080600000| Untracked 
|   7|0x0000000080700000, 0x0000000080700000, 0x0000000080800000|  0%| F|  |TAMS 0x0000000080700000| PB 0x0000000080700000| Untracked 
|   8|0x0000000080800000, 0x0000000080800000, 0x0000000080900000|  0%| F|  |TAMS 0x0000000080800000| PB 0x0000000080800000| Untracked 
|   9|0x0000000080900000, 0x0000000080900000, 0x0000000080a00000|  0%| F|  |TAMS 0x0000000080900000| PB 0x0000000080900000| Untracked 
|  10|0x0000000080a00000, 0x0000000080a00000, 0x0000000080b00000|  0%| F|  |TAMS 0x0000000080a00000| PB 0x0000000080a00000| Untracked 
|  11|0x0000000080b00000, 0x0000000080b00000, 0x0000000080c00000|  0%| F|  |TAMS 0x0000000080b00000| PB 0x0000000080b00000| Untracked 
|  12|0x0000000080c00000, 0x0000000080c00000, 0x0000000080d00000|  0%| F|  |TAMS 0x0000000080c00000| PB 0x0000000080c00000| Untracked 
|  13|0x0000000080d00000, 0x0000000080d00000, 0x0000000080e00000|  0%| F|  |TAMS 0x0000000080d00000| PB 0x0000000080d00000| Untracked 
|  14|0x0000000080e00000, 0x0000000080e00000, 0x0000000080f00000|  0%| F|  |TAMS 0x0000000080e00000| PB 0x0000000080e00000| Untracked 
|  15|0x0000000080f00000, 0x0000000080f00000, 0x0000000081000000|  0%| F|  |TAMS 0x0000000080f00000| PB 0x0000000080f00000| Untracked 
|  16|0x0000000081000000, 0x0000000081000000, 0x0000000081100000|  0%| F|  |TAMS 0x0000000081000000| PB 0x0000000081000000| Untracked 
|  17|0x0000000081100000, 0x0000000081100000, 0x0000000081200000|  0%| F|  |TAMS 0x0000000081100000| PB 0x0000000081100000| Untracked 
|  18|0x0000000081200000, 0x0000000081200000, 0x0000000081300000|  0%| F|  |TAMS 0x0000000081200000| PB 0x0000000081200000| Untracked 
|  19|0x0000000081300000, 0x0000000081300000, 0x0000000081400000|  0%| F|  |TAMS 0x0000000081300000| PB 0x0000000081300000| Untracked 
|  20|0x0000000081400000, 0x0000000081400000, 0x0000000081500000|  0%| F|  |TAMS 0x0000000081400000| PB 0x0000000081400000| Untracked 
|  21|0x0000000081500000, 0x0000000081500000, 0x0000000081600000|  0%| F|  |TAMS 0x0000000081500000| PB 0x0000000081500000| Untracked 
|  22|0x0000000081600000, 0x0000000081600000, 0x0000000081700000|  0%| F|  |TAMS 0x0000000081600000| PB 0x0000000081600000| Untracked 
|  23|0x0000000081700000, 0x0000000081700000, 0x0000000081800000|  0%| F|  |TAMS 0x0000000081700000| PB 0x0000000081700000| Untracked 
|  24|0x0000000081800000, 0x0000000081800000, 0x0000000081900000|  0%| F|  |TAMS 0x0000000081800000| PB 0x0000000081800000| Untracked 
|  25|0x0000000081900000, 0x0000000081900000, 0x0000000081a00000|  0%| F|  |TAMS 0x0000000081900000| PB 0x0000000081900000| Untracked 
|  26|0x0000000081a00000, 0x0000000081a00000, 0x0000000081b00000|  0%| F|  |TAMS 0x0000000081a00000| PB 0x0000000081a00000| Untracked 
|  27|0x0000000081b00000, 0x0000000081b00000, 0x0000000081c00000|  0%| F|  |TAMS 0x0000000081b00000| PB 0x0000000081b00000| Untracked 
|  28|0x0000000081c00000, 0x0000000081c00000, 0x0000000081d00000|  0%| F|  |TAMS 0x0000000081c00000| PB 0x0000000081c00000| Untracked 
|  29|0x0000000081d00000, 0x0000000081d00000, 0x0000000081e00000|  0%| F|  |TAMS 0x0000000081d00000| PB 0x0000000081d00000| Untracked 
|  30|0x0000000081e00000, 0x0000000081e00000, 0x0000000081f00000|  0%| F|  |TAMS 0x0000000081e00000| PB 0x0000000081e00000| Untracked 
|  31|0x0000000081f00000, 0x0000000081f00000, 0x0000000082000000|  0%| F|  |TAMS 0x0000000081f00000| PB 0x0000000081f00000| Untracked 
|  32|0x0000000082000000, 0x0000000082000000, 0x0000000082100000|  0%| F|  |TAMS 0x0000000082000000| PB 0x0000000082000000| Untracked 
|  33|0x0000000082100000, 0x0000000082100000, 0x0000000082200000|  0%| F|  |TAMS 0x0000000082100000| PB 0x0000000082100000| Untracked 
|  34|0x0000000082200000, 0x0000000082200000, 0x0000000082300000|  0%| F|  |TAMS 0x0000000082200000| PB 0x0000000082200000| Untracked 
|  35|0x0000000082300000, 0x0000000082300000, 0x0000000082400000|  0%| F|  |TAMS 0x0000000082300000| PB 0x0000000082300000| Untracked 
|  36|0x0000000082400000, 0x0000000082400000, 0x0000000082500000|  0%| F|  |TAMS 0x0000000082400000| PB 0x0000000082400000| Untracked 
|  37|0x0000000082500000, 0x0000000082500000, 0x0000000082600000|  0%| F|  |TAMS 0x0000000082500000| PB 0x0000000082500000| Untracked 
|  38|0x0000000082600000, 0x0000000082600000, 0x0000000082700000|  0%| F|  |TAMS 0x0000000082600000| PB 0x0000000082600000| Untracked 
|  39|0x0000000082700000, 0x0000000082700000, 0x0000000082800000|  0%| F|  |TAMS 0x0000000082700000| PB 0x0000000082700000| Untracked 
|  40|0x0000000082800000, 0x0000000082800000, 0x0000000082900000|  0%| F|  |TAMS 0x0000000082800000| PB 0x0000000082800000| Untracked 
|  41|0x0000000082900000, 0x0000000082900000, 0x0000000082a00000|  0%| F|  |TAMS 0x0000000082900000| PB 0x0000000082900000| Untracked 
|  42|0x0000000082a00000, 0x0000000082a00000, 0x0000000082b00000|  0%| F|  |TAMS 0x0000000082a00000| PB 0x0000000082a00000| Untracked 
|  43|0x0000000082b00000, 0x0000000082b00000, 0x0000000082c00000|  0%| F|  |TAMS 0x0000000082b00000| PB 0x0000000082b00000| Untracked 
|  44|0x0000000082c00000, 0x0000000082c00000, 0x0000000082d00000|  0%| F|  |TAMS 0x0000000082c00000| PB 0x0000000082c00000| Untracked 
|  45|0x0000000082d00000, 0x0000000082d00000, 0x0000000082e00000|  0%| F|  |TAMS 0x0000000082d00000| PB 0x0000000082d00000| Untracked 
|  46|0x0000000082e00000, 0x0000000082e00000, 0x0000000082f00000|  0%| F|  |TAMS 0x0000000082e00000| PB 0x0000000082e00000| Untracked 
|  47|0x0000000082f00000, 0x0000000082f00000, 0x0000000083000000|  0%| F|  |TAMS 0x0000000082f00000| PB 0x0000000082f00000| Untracked 
|  48|0x0000000083000000, 0x0000000083000000, 0x0000000083100000|  0%| F|  |TAMS 0x0000000083000000| PB 0x0000000083000000| Untracked 
|  49|0x0000000083100000, 0x0000000083100000, 0x0000000083200000|  0%| F|  |TAMS 0x0000000083100000| PB 0x0000000083100000| Untracked 
|  50|0x0000000083200000, 0x0000000083200000, 0x0000000083300000|  0%| F|  |TAMS 0x0000000083200000| PB 0x0000000083200000| Untracked 
|  51|0x0000000083300000, 0x0000000083300000, 0x0000000083400000|  0%| F|  |TAMS 0x0000000083300000| PB 0x0000000083300000| Untracked 
|  52|0x0000000083400000, 0x0000000083400000, 0x0000000083500000|  0%| F|  |TAMS 0x0000000083400000| PB 0x0000000083400000| Untracked 
|  53|0x0000000083500000, 0x0000000083500000, 0x0000000083600000|  0%| F|  |TAMS 0x0000000083500000| PB 0x0000000083500000| Untracked 
|  54|0x0000000083600000, 0x0000000083600000, 0x0000000083700000|  0%| F|  |TAMS 0x0000000083600000| PB 0x0000000083600000| Untracked 
|  55|0x0000000083700000, 0x0000000083700000, 0x0000000083800000|  0%| F|  |TAMS 0x0000000083700000| PB 0x0000000083700000| Untracked 
|  56|0x0000000083800000, 0x0000000083800000, 0x0000000083900000|  0%| F|  |TAMS 0x0000000083800000| PB 0x0000000083800000| Untracked 
|  57|0x0000000083900000, 0x0000000083900000, 0x0000000083a00000|  0%| F|  |TAMS 0x0000000083900000| PB 0x0000000083900000| Untracked 
|  58|0x0000000083a00000, 0x0000000083a00000, 0x0000000083b00000|  0%| F|  |TAMS 0x0000000083a00000| PB 0x0000000083a00000| Untracked 
|  59|0x0000000083b00000, 0x0000000083b00000, 0x0000000083c00000|  0%| F|  |TAMS 0x0000000083b00000| PB 0x0000000083b00000| Untracked 
|  60|0x0000000083c00000, 0x0000000083c00000, 0x0000000083d00000|  0%| F|  |TAMS 0x0000000083c00000| PB 0x0000000083c00000| Untracked 
|  61|0x0000000083d00000, 0x0000000083d00000, 0x0000000083e00000|  0%| F|  |TAMS 0x0000000083d00000| PB 0x0000000083d00000| Untracked 
|  62|0x0000000083e00000, 0x0000000083e00000, 0x0000000083f00000|  0%| F|  |TAMS 0x0000000083e00000| PB 0x0000000083e00000| Untracked 
|  63|0x0000000083f00000, 0x0000000083f00000, 0x0000000084000000|  0%| F|  |TAMS 0x0000000083f00000| PB 0x0000000083f00000| Untracked 
|  64|0x0000000084000000, 0x0000000084000000, 0x0000000084100000|  0%| F|  |TAMS 0x0000000084000000| PB 0x0000000084000000| Untracked 
|  65|0x0000000084100000, 0x0000000084100000, 0x0000000084200000|  0%| F|  |TAMS 0x0000000084100000| PB 0x0000000084100000| Untracked 
|  66|0x0000000084200000, 0x0000000084200000, 0x0000000084300000|  0%| F|  |TAMS 0x0000000084200000| PB 0x0000000084200000| Untracked 
|  67|0x0000000084300000, 0x0000000084300000, 0x0000000084400000|  0%| F|  |TAMS 0x0000000084300000| PB 0x0000000084300000| Untracked 
|  68|0x0000000084400000, 0x0000000084400000, 0x0000000084500000|  0%| F|  |TAMS 0x0000000084400000| PB 0x0000000084400000| Untracked 
|  69|0x0000000084500000, 0x0000000084500000, 0x0000000084600000|  0%| F|  |TAMS 0x0000000084500000| PB 0x0000000084500000| Untracked 
|  70|0x0000000084600000, 0x0000000084600000, 0x0000000084700000|  0%| F|  |TAMS 0x0000000084600000| PB 0x0000000084600000| Untracked 
|  71|0x0000000084700000, 0x0000000084700000, 0x0000000084800000|  0%| F|  |TAMS 0x0000000084700000| PB 0x0000000084700000| Untracked 
|  72|0x0000000084800000, 0x0000000084800000, 0x0000000084900000|  0%| F|  |TAMS 0x0000000084800000| PB 0x0000000084800000| Untracked 
|  73|0x0000000084900000, 0x0000000084900000, 0x0000000084a00000|  0%| F|  |TAMS 0x0000000084900000| PB 0x0000000084900000| Untracked 
|  74|0x0000000084a00000, 0x0000000084a00000, 0x0000000084b00000|  0%| F|  |TAMS 0x0000000084a00000| PB 0x0000000084a00000| Untracked 
|  75|0x0000000084b00000, 0x0000000084b00000, 0x0000000084c00000|  0%| F|  |TAMS 0x0000000084b00000| PB 0x0000000084b00000| Untracked 
|  76|0x0000000084c00000, 0x0000000084c00000, 0x0000000084d00000|  0%| F|  |TAMS 0x0000000084c00000| PB 0x0000000084c00000| Untracked 
|  77|0x0000000084d00000, 0x0000000084d00000, 0x0000000084e00000|  0%| F|  |TAMS 0x0000000084d00000| PB 0x0000000084d00000| Untracked 
|  78|0x0000000084e00000, 0x0000000084e00000, 0x0000000084f00000|  0%| F|  |TAMS 0x0000000084e00000| PB 0x0000000084e00000| Untracked 
|  79|0x0000000084f00000, 0x0000000084f00000, 0x0000000085000000|  0%| F|  |TAMS 0x0000000084f00000| PB 0x0000000084f00000| Untracked 
|  80|0x0000000085000000, 0x0000000085000000, 0x0000000085100000|  0%| F|  |TAMS 0x0000000085000000| PB 0x0000000085000000| Untracked 
|  81|0x0000000085100000, 0x0000000085100000, 0x0000000085200000|  0%| F|  |TAMS 0x0000000085100000| PB 0x0000000085100000| Untracked 
|  82|0x0000000085200000, 0x0000000085200000, 0x0000000085300000|  0%| F|  |TAMS 0x0000000085200000| PB 0x0000000085200000| Untracked 
|  83|0x0000000085300000, 0x0000000085300000, 0x0000000085400000|  0%| F|  |TAMS 0x0000000085300000| PB 0x0000000085300000| Untracked 
|  84|0x0000000085400000, 0x0000000085400000, 0x0000000085500000|  0%| F|  |TAMS 0x0000000085400000| PB 0x0000000085400000| Untracked 
|  85|0x0000000085500000, 0x0000000085500000, 0x0000000085600000|  0%| F|  |TAMS 0x0000000085500000| PB 0x0000000085500000| Untracked 
|  86|0x0000000085600000, 0x0000000085600000, 0x0000000085700000|  0%| F|  |TAMS 0x0000000085600000| PB 0x0000000085600000| Untracked 
|  87|0x0000000085700000, 0x0000000085700000, 0x0000000085800000|  0%| F|  |TAMS 0x0000000085700000| PB 0x0000000085700000| Untracked 
|  88|0x0000000085800000, 0x0000000085800000, 0x0000000085900000|  0%| F|  |TAMS 0x0000000085800000| PB 0x0000000085800000| Untracked 
|  89|0x0000000085900000, 0x0000000085900000, 0x0000000085a00000|  0%| F|  |TAMS 0x0000000085900000| PB 0x0000000085900000| Untracked 
|  90|0x0000000085a00000, 0x0000000085a00000, 0x0000000085b00000|  0%| F|  |TAMS 0x0000000085a00000| PB 0x0000000085a00000| Untracked 
|  91|0x0000000085b00000, 0x0000000085b00000, 0x0000000085c00000|  0%| F|  |TAMS 0x0000000085b00000| PB 0x0000000085b00000| Untracked 
|  92|0x0000000085c00000, 0x0000000085c00000, 0x0000000085d00000|  0%| F|  |TAMS 0x0000000085c00000| PB 0x0000000085c00000| Untracked 
|  93|0x0000000085d00000, 0x0000000085d00000, 0x0000000085e00000|  0%| F|  |TAMS 0x0000000085d00000| PB 0x0000000085d00000| Untracked 
|  94|0x0000000085e00000, 0x0000000085e00000, 0x0000000085f00000|  0%| F|  |TAMS 0x0000000085e00000| PB 0x0000000085e00000| Untracked 
|  95|0x0000000085f00000, 0x0000000085f00000, 0x0000000086000000|  0%| F|  |TAMS 0x0000000085f00000| PB 0x0000000085f00000| Untracked 
|  96|0x0000000086000000, 0x0000000086000000, 0x0000000086100000|  0%| F|  |TAMS 0x0000000086000000| PB 0x0000000086000000| Untracked 
|  97|0x0000000086100000, 0x0000000086100000, 0x0000000086200000|  0%| F|  |TAMS 0x0000000086100000| PB 0x0000000086100000| Untracked 
|  98|0x0000000086200000, 0x0000000086200000, 0x0000000086300000|  0%| F|  |TAMS 0x0000000086200000| PB 0x0000000086200000| Untracked 
|  99|0x0000000086300000, 0x0000000086300000, 0x0000000086400000|  0%| F|  |TAMS 0x0000000086300000| PB 0x0000000086300000| Untracked 
| 100|0x0000000086400000, 0x0000000086400000, 0x0000000086500000|  0%| F|  |TAMS 0x0000000086400000| PB 0x0000000086400000| Untracked 
| 101|0x0000000086500000, 0x0000000086500000, 0x0000000086600000|  0%| F|  |TAMS 0x0000000086500000| PB 0x0000000086500000| Untracked 
| 102|0x0000000086600000, 0x0000000086700000, 0x0000000086700000|100%| S|CS|TAMS 0x0000000086600000| PB 0x0000000086600000| Complete 
| 103|0x0000000086700000, 0x0000000086800000, 0x0000000086800000|100%| S|CS|TAMS 0x0000000086700000| PB 0x0000000086700000| Complete 
| 104|0x0000000086800000, 0x0000000086900000, 0x0000000086900000|100%| S|CS|TAMS 0x0000000086800000| PB 0x0000000086800000| Complete 
| 105|0x0000000086900000, 0x0000000086900000, 0x0000000086a00000|  0%| F|  |TAMS 0x0000000086900000| PB 0x0000000086900000| Untracked 
| 106|0x0000000086a00000, 0x0000000086a00000, 0x0000000086b00000|  0%| F|  |TAMS 0x0000000086a00000| PB 0x0000000086a00000| Untracked 
| 107|0x0000000086b00000, 0x0000000086b00000, 0x0000000086c00000|  0%| F|  |TAMS 0x0000000086b00000| PB 0x0000000086b00000| Untracked 
| 108|0x0000000086c00000, 0x0000000086c00000, 0x0000000086d00000|  0%| F|  |TAMS 0x0000000086c00000| PB 0x0000000086c00000| Untracked 
| 109|0x0000000086d00000, 0x0000000086d00000, 0x0000000086e00000|  0%| F|  |TAMS 0x0000000086d00000| PB 0x0000000086d00000| Untracked 
| 110|0x0000000086e00000, 0x0000000086e00000, 0x0000000086f00000|  0%| F|  |TAMS 0x0000000086e00000| PB 0x0000000086e00000| Untracked 
| 111|0x0000000086f00000, 0x0000000086f00000, 0x0000000087000000|  0%| F|  |TAMS 0x0000000086f00000| PB 0x0000000086f00000| Untracked 
| 112|0x0000000087000000, 0x0000000087000000, 0x0000000087100000|  0%| F|  |TAMS 0x0000000087000000| PB 0x0000000087000000| Untracked 
| 113|0x0000000087100000, 0x0000000087100000, 0x0000000087200000|  0%| F|  |TAMS 0x0000000087100000| PB 0x0000000087100000| Untracked 
| 114|0x0000000087200000, 0x0000000087200000, 0x0000000087300000|  0%| F|  |TAMS 0x0000000087200000| PB 0x0000000087200000| Untracked 
| 115|0x0000000087300000, 0x0000000087300000, 0x0000000087400000|  0%| F|  |TAMS 0x0000000087300000| PB 0x0000000087300000| Untracked 
| 116|0x0000000087400000, 0x0000000087400000, 0x0000000087500000|  0%| F|  |TAMS 0x0000000087400000| PB 0x0000000087400000| Untracked 
| 117|0x0000000087500000, 0x0000000087500000, 0x0000000087600000|  0%| F|  |TAMS 0x0000000087500000| PB 0x0000000087500000| Untracked 
| 118|0x0000000087600000, 0x0000000087600000, 0x0000000087700000|  0%| F|  |TAMS 0x0000000087600000| PB 0x0000000087600000| Untracked 
| 119|0x0000000087700000, 0x00000000877ebf30, 0x0000000087800000| 92%| E|  |TAMS 0x0000000087700000| PB 0x0000000087700000| Complete 
| 120|0x0000000087800000, 0x0000000087900000, 0x0000000087900000|100%| E|CS|TAMS 0x0000000087800000| PB 0x0000000087800000| Complete 
| 121|0x0000000087900000, 0x0000000087a00000, 0x0000000087a00000|100%| E|  |TAMS 0x0000000087900000| PB 0x0000000087900000| Complete 
| 122|0x0000000087a00000, 0x0000000087b00000, 0x0000000087b00000|100%| E|CS|TAMS 0x0000000087a00000| PB 0x0000000087a00000| Complete 
| 123|0x0000000087b00000, 0x0000000087c00000, 0x0000000087c00000|100%| E|CS|TAMS 0x0000000087b00000| PB 0x0000000087b00000| Complete 
| 124|0x0000000087c00000, 0x0000000087d00000, 0x0000000087d00000|100%| E|CS|TAMS 0x0000000087c00000| PB 0x0000000087c00000| Complete 
| 125|0x0000000087d00000, 0x0000000087e00000, 0x0000000087e00000|100%| E|CS|TAMS 0x0000000087d00000| PB 0x0000000087d00000| Complete 
| 126|0x0000000087e00000, 0x0000000087f00000, 0x0000000087f00000|100%| E|CS|TAMS 0x0000000087e00000| PB 0x0000000087e00000| Complete 
| 127|0x0000000087f00000, 0x0000000088000000, 0x0000000088000000|100%| E|CS|TAMS 0x0000000087f00000| PB 0x0000000087f00000| Complete 

Card table byte_map: [0x000002099fb90000,0x000002099ff90000] _byte_map_base: 0x000002099f790000

Marking Bits: (CMBitMap*) 0x000002098bf2b3f0
 Bits: [0x000002099ff90000, 0x00000209a1f90000)

Polling page: 0x0000020989d30000

Metaspace:

Usage:
  Non-class:      5.81 MB used.
      Class:    904.11 KB used.
       Both:      6.70 MB used.

Virtual space:
  Non-class space:       64.00 MB reserved,       6.00 MB (  9%) committed,  1 nodes.
      Class space:        1.00 GB reserved,       1.06 MB ( <1%) committed,  1 nodes.
             Both:        1.06 GB reserved,       7.06 MB ( <1%) committed. 

Chunk freelists:
   Non-Class:  8.56 MB
       Class:  14.95 MB
        Both:  23.52 MB

MaxMetaspaceSize: unlimited
CompressedClassSpaceSize: 1.00 GB
Initial GC threshold: 21.00 MB
Current GC threshold: 21.00 MB
CDS: on
 - commit_granule_bytes: 65536.
 - commit_granule_words: 8192.
 - virtual_space_node_default_size: 8388608.
 - enlarge_chunks_in_place: 1.
 - use_allocation_guard: 0.


Internal statistics:

num_allocs_failed_limit: 0.
num_arena_births: 398.
num_arena_deaths: 0.
num_vsnodes_births: 2.
num_vsnodes_deaths: 0.
num_space_committed: 113.
num_space_uncommitted: 0.
num_chunks_returned_to_freelist: 0.
num_chunks_taken_from_freelist: 648.
num_chunk_merges: 0.
num_chunk_splits: 410.
num_chunks_enlarged: 209.
num_inconsistent_stats: 0.

CodeHeap 'non-profiled nmethods': size=119168Kb used=637Kb max_used=637Kb free=118530Kb
 bounds [0x0000020997ab0000, 0x0000020997d20000, 0x000002099ef10000]
CodeHeap 'profiled nmethods': size=119104Kb used=3469Kb max_used=3469Kb free=115634Kb
 bounds [0x000002098ff10000, 0x0000020990280000, 0x0000020997360000]
CodeHeap 'non-nmethods': size=7488Kb used=3152Kb max_used=3180Kb free=4335Kb
 bounds [0x0000020997360000, 0x0000020997680000, 0x0000020997ab0000]
CodeCache: size=245760Kb, used=7258Kb, max_used=7286Kb, free=238499Kb
 total_blobs=2457, nmethods=1911, adapters=448, full_count=0
Compilation: enabled, stopped_count=0, restarted_count=0

Compilation events (20 events):
Event: 1.227 Thread 0x00000209a5207710 1880       3       sun.security.util.math.intpoly.IntegerPolynomial$Element::<init> (40 bytes)
Event: 1.228 Thread 0x00000209a55ae0d0 nmethod 1879 0x0000020990267890 code [0x0000020990267a40, 0x0000020990267b78]
Event: 1.228 Thread 0x00000209a5207710 nmethod 1880 0x0000020990267c10 code [0x0000020990267dc0, 0x0000020990268100]
Event: 1.230 Thread 0x00000209a5c919e0 nmethod 1877 0x0000020997b4a790 code [0x0000020997b4a940, 0x0000020997b4ac30]
Event: 1.231 Thread 0x00000209a5206050 1881       3       sun.security.util.ArrayUtil::swap (15 bytes)
Event: 1.231 Thread 0x00000209a5206050 nmethod 1881 0x0000020990268210 code [0x00000209902683c0, 0x0000020990268508]
Event: 1.233 Thread 0x00000209a5c919e0 1882       4       sun.security.ec.ECOperations$PointMultiplier::lookup (84 bytes)
Event: 1.235 Thread 0x00000209a5c4b340 nmethod 1872 0x0000020997b4ae10 code [0x0000020997b4b000, 0x0000020997b4b8f0]
Event: 1.236 Thread 0x00000209a5c4b340 1883       4       sun.security.ec.ECOperations::setDouble (463 bytes)
Event: 1.237 Thread 0x00000209a5206050 1884       3       sun.security.util.math.intpoly.IntegerPolynomial::get0 (10 bytes)
Event: 1.237 Thread 0x00000209a49c89e0 1885       3       sun.security.util.math.intpoly.IntegerPolynomial::get0 (5 bytes)
Event: 1.237 Thread 0x00000209a5206050 nmethod 1884 0x0000020990268610 code [0x00000209902687c0, 0x00000209902689c8]
Event: 1.237 Thread 0x00000209a49c89e0 nmethod 1885 0x0000020990268b10 code [0x0000020990268cc0, 0x0000020990268fb0]
Event: 1.244 Thread 0x00000209a5b1d7c0 1886       4       sun.security.util.math.intpoly.IntegerPolynomial$MutableElement::setAdditiveInverse (32 bytes)
Event: 1.249 Thread 0x00000209a5b1d7c0 nmethod 1886 0x0000020997b4be10 code [0x0000020997b4bfa0, 0x0000020997b4c170]
Event: 1.256 Thread 0x00000209a5206050 1887       3       sun.security.ec.ECOperations$PointMultiplier$Secp256R1GeneratorMultiplier::bit (13 bytes)
Event: 1.256 Thread 0x00000209a5206050 nmethod 1887 0x0000020990269110 code [0x00000209902692a0, 0x00000209902693c8]
Event: 1.256 Thread 0x00000209a5c919e0 nmethod 1882 0x0000020997b4c290 code [0x0000020997b4c480, 0x0000020997b4cf10]
Event: 1.256 Thread 0x00000209a49c89e0 1888       3       java.util.LinkedList$ListItr::hasNext (20 bytes)
Event: 1.257 Thread 0x00000209a49c89e0 nmethod 1888 0x0000020990269490 code [0x0000020990269640, 0x00000209902697b0]

GC Heap History (2 events):
Event: 0.826 GC heap before
{Heap before GC invocations=0 (full 0):
 garbage-first heap   total 131072K, used 27648K [0x0000000080000000, 0x0000000100000000)
  region size 1024K, 23 young (23552K), 0 survivors (0K)
 Metaspace       used 5029K, committed 5440K, reserved 1114112K
  class space    used 694K, committed 896K, reserved 1048576K
}
Event: 0.835 GC heap after
{Heap after GC invocations=1 (full 0):
 garbage-first heap   total 131072K, used 9128K [0x0000000080000000, 0x0000000100000000)
  region size 1024K, 3 young (3072K), 3 survivors (3072K)
 Metaspace       used 5029K, committed 5440K, reserved 1114112K
  class space    used 694K, committed 896K, reserved 1048576K
}

Dll operation events (2 events):
Event: 0.008 Loaded shared library C:\Program Files\JetBrains\IntelliJ IDEA 2025.2.3\jbr\bin\java.dll
Event: 0.093 Loaded shared library C:\Program Files\JetBrains\IntelliJ IDEA 2025.2.3\jbr\bin\zip.dll

Deoptimization events (20 events):
Event: 0.846 Thread 0x00000209a591df60 Uncommon trap: trap_request=0xffffff45 fr.pc=0x0000020997b1d954 relative=0x0000000000001d34
Event: 0.846 Thread 0x00000209a591df60 Uncommon trap: reason=unstable_if action=reinterpret pc=0x0000020997b1d954 method=jdk.internal.org.objectweb.asm.Frame.execute(IILjdk/internal/org/objectweb/asm/Symbol;Ljdk/internal/org/objectweb/asm/SymbolTable;)V @ 1 c2
Event: 0.846 Thread 0x00000209a591df60 DEOPT PACKING pc=0x0000020997b1d954 sp=0x00000054c35fd760
Event: 0.846 Thread 0x00000209a591df60 DEOPT UNPACKING pc=0x00000209973b46a2 sp=0x00000054c35fd6c8 mode 2
Event: 0.860 Thread 0x00000209a591df60 Uncommon trap: trap_request=0xffffff45 fr.pc=0x0000020997adc298 relative=0x0000000000000e98
Event: 0.860 Thread 0x00000209a591df60 Uncommon trap: reason=unstable_if action=reinterpret pc=0x0000020997adc298 method=java.util.concurrent.ConcurrentHashMap.putVal(Ljava/lang/Object;Ljava/lang/Object;Z)Ljava/lang/Object; @ 148 c2
Event: 0.860 Thread 0x00000209a591df60 DEOPT PACKING pc=0x0000020997adc298 sp=0x00000054c35fde80
Event: 0.860 Thread 0x00000209a591df60 DEOPT UNPACKING pc=0x00000209973b46a2 sp=0x00000054c35fddf0 mode 2
Event: 1.113 Thread 0x00000209a591df60 Uncommon trap: trap_request=0xffffff45 fr.pc=0x0000020997b360f4 relative=0x00000000000001f4
Event: 1.113 Thread 0x00000209a591df60 Uncommon trap: reason=unstable_if action=reinterpret pc=0x0000020997b360f4 method=java.util.HashMap.putVal(ILjava/lang/Object;Ljava/lang/Object;ZZ)Ljava/lang/Object; @ 162 c2
Event: 1.113 Thread 0x00000209a591df60 DEOPT PACKING pc=0x0000020997b360f4 sp=0x00000054c35fb150
Event: 1.113 Thread 0x00000209a591df60 DEOPT UNPACKING pc=0x00000209973b46a2 sp=0x00000054c35fb110 mode 2
Event: 1.125 Thread 0x00000209a591df60 Uncommon trap: trap_request=0xffffff45 fr.pc=0x0000020997aba2b0 relative=0x0000000000000190
Event: 1.125 Thread 0x00000209a591df60 Uncommon trap: reason=unstable_if action=reinterpret pc=0x0000020997aba2b0 method=jdk.internal.util.ArraysSupport.vectorizedHashCode(Ljava/lang/Object;IIII)I @ 2 c2
Event: 1.125 Thread 0x00000209a591df60 DEOPT PACKING pc=0x0000020997aba2b0 sp=0x00000054c35fb150
Event: 1.125 Thread 0x00000209a591df60 DEOPT UNPACKING pc=0x00000209973b46a2 sp=0x00000054c35fb100 mode 2
Event: 1.137 Thread 0x00000209a591df60 Uncommon trap: trap_request=0xffffff45 fr.pc=0x0000020997b3d130 relative=0x0000000000000090
Event: 1.137 Thread 0x00000209a591df60 Uncommon trap: reason=unstable_if action=reinterpret pc=0x0000020997b3d130 method=jdk.internal.misc.Unsafe.convEndian(ZC)C @ 4 c2
Event: 1.137 Thread 0x00000209a591df60 DEOPT PACKING pc=0x0000020997b3d130 sp=0x00000054c35fbc10
Event: 1.137 Thread 0x00000209a591df60 DEOPT UNPACKING pc=0x00000209973b46a2 sp=0x00000054c35fbb40 mode 2

Classes loaded (20 events):
Event: 0.987 Loading class sun/management/MemoryImpl
Event: 0.987 Loading class sun/management/MemoryImpl done
Event: 0.990 Loading class java/lang/management/MemoryUsage
Event: 0.990 Loading class java/lang/management/MemoryUsage done
Event: 1.100 Loading class javax/crypto/NoSuchPaddingException
Event: 1.100 Loading class javax/crypto/NoSuchPaddingException done
Event: 1.100 Loading class javax/security/auth/callback/UnsupportedCallbackException
Event: 1.100 Loading class javax/security/auth/callback/UnsupportedCallbackException done
Event: 1.102 Loading class sun/security/ssl/AbstractKeyManagerWrapper
Event: 1.102 Loading class sun/security/ssl/AbstractKeyManagerWrapper done
Event: 1.110 Loading class sun/security/provider/certpath/ldap/JdkLDAP
Event: 1.110 Loading class sun/security/provider/certpath/ldap/JdkLDAP done
Event: 1.111 Loading class sun/security/provider/certpath/ldap/JdkLDAP$ProviderService
Event: 1.111 Loading class sun/security/provider/certpath/ldap/JdkLDAP$ProviderService done
Event: 1.111 Loading class com/sun/security/sasl/Provider
Event: 1.111 Loading class com/sun/security/sasl/Provider done
Event: 1.111 Loading class com/sun/security/sasl/Provider$1
Event: 1.111 Loading class com/sun/security/sasl/Provider$1 done
Event: 1.112 Loading class com/sun/security/sasl/Provider$ProviderService
Event: 1.112 Loading class com/sun/security/sasl/Provider$ProviderService done

Classes unloaded (0 events):
No events

Classes redefined (0 events):
No events

Internal exceptions (20 events):
Event: 0.678 Thread 0x00000209a5689db0 Exception <a 'java/lang/NoSuchMethodError'{0x0000000086d2b498}: 'long java.lang.invoke.Invokers$Holder.invokeExact_MT(java.lang.Object, java.lang.Object)'> (0x0000000086d2b498) 
thrown [s\src\hotspot\share\interpreter\linkResolver.cpp, line 784]
Event: 0.693 Thread 0x00000209a5689db0 Exception <a 'java/lang/NoSuchMethodError'{0x0000000086d51ba8}: 'void java.lang.invoke.DirectMethodHandle$Holder.invokeSpecial(java.lang.Object, java.lang.Object, java.lang.Object)'> (0x0000000086d51ba8) 
thrown [s\src\hotspot\share\interpreter\linkResolver.cpp, line 784]
Event: 0.693 Thread 0x00000209a55aaed0 Exception <a 'java/lang/NoSuchMethodError'{0x0000000086ecfdf8}: 'void java.lang.invoke.DirectMethodHandle$Holder.invokeSpecial(java.lang.Object, java.lang.Object, java.lang.Object)'> (0x0000000086ecfdf8) 
thrown [s\src\hotspot\share\interpreter\linkResolver.cpp, line 784]
Event: 0.707 Thread 0x00000209a591df60 Exception <a 'java/lang/NoSuchMethodError'{0x0000000086c863b8}: static [B.<clinit>()V> (0x0000000086c863b8) 
thrown [s\src\hotspot\share\prims\jni.cpp, line 1144]
Event: 0.707 Thread 0x00000209a5b3f610 Exception <a 'java/lang/NoSuchMethodError'{0x0000000086c22d28}: static [B.<clinit>()V> (0x0000000086c22d28) 
thrown [s\src\hotspot\share\prims\jni.cpp, line 1144]
Event: 0.709 Thread 0x00000209a5b3f610 Exception <a 'java/lang/NoSuchMethodError'{0x0000000086c246f8}: 'int java.lang.invoke.DirectMethodHandle$Holder.invokeInterface(java.lang.Object, java.lang.Object)'> (0x0000000086c246f8) 
thrown [s\src\hotspot\share\interpreter\linkResolver.cpp, line 784]
Event: 0.709 Thread 0x00000209a591df60 Exception <a 'java/lang/NoSuchMethodError'{0x0000000086c87d98}: 'long java.lang.invoke.DirectMethodHandle$Holder.invokeInterface(java.lang.Object, java.lang.Object)'> (0x0000000086c87d98) 
thrown [s\src\hotspot\share\interpreter\linkResolver.cpp, line 784]
Event: 0.724 Thread 0x00000209a591df60 Exception <a 'java/lang/NoSuchMethodError'{0x0000000086cde148}: static [Ljava/rmi/server/ObjID;.<clinit>()V> (0x0000000086cde148) 
thrown [s\src\hotspot\share\prims\jni.cpp, line 1144]
Event: 0.727 Thread 0x00000209a5b3c820 Exception <a 'java/lang/NoSuchMethodError'{0x0000000086ced038}: 'java.lang.Object java.lang.invoke.DirectMethodHandle$Holder.invokeSpecial(java.lang.Object, java.lang.Object, int, java.lang.Object, long)'> (0x0000000086ced038) 
thrown [s\src\hotspot\share\interpreter\linkResolver.cpp, line 784]
Event: 0.727 Thread 0x00000209a5b3c820 Exception <a 'java/lang/NoSuchMethodError'{0x0000000086cf3df0}: 'java.lang.Object java.lang.invoke.DirectMethodHandle$Holder.newInvokeSpecial(java.lang.Object, java.lang.Object, int, java.lang.Object, long)'> (0x0000000086cf3df0) 
thrown [s\src\hotspot\share\interpreter\linkResolver.cpp, line 784]
Event: 0.730 Thread 0x00000209a591df60 Exception <a 'java/lang/NoSuchMethodError'{0x0000000086b0a0b0}: 'void java.lang.invoke.Invokers$Holder.linkToTargetMethod(java.lang.Object, java.lang.Object)'> (0x0000000086b0a0b0) 
thrown [s\src\hotspot\share\interpreter\linkResolver.cpp, line 784]
Event: 0.732 Thread 0x00000209a591df60 Exception <a 'java/lang/NoSuchMethodError'{0x0000000086b0ef08}: 'void java.lang.invoke.DirectMethodHandle$Holder.invokeInterface(java.lang.Object, java.lang.Object)'> (0x0000000086b0ef08) 
thrown [s\src\hotspot\share\interpreter\linkResolver.cpp, line 784]
Event: 0.766 Thread 0x00000209a591df60 Exception <a 'java/lang/NoSuchMethodError'{0x0000000086be8670}: 'java.lang.Object java.lang.invoke.DirectMethodHandle$Holder.invokeInterface(java.lang.Object, java.lang.Object, java.lang.Object, java.lang.Object, java.lang.Object)'> (0x0000000086be8670) 
thrown [s\src\hotspot\share\interpreter\linkResolver.cpp, line 784]
Event: 0.769 Thread 0x00000209a591df60 Exception <a 'java/lang/NoSuchMethodError'{0x0000000086bfbe70}: 'java.lang.Object java.lang.invoke.Invokers$Holder.invokeExact_MT(java.lang.Object, java.lang.Object, java.lang.Object, java.lang.Object, java.lang.Object, java.lang.Object)'> (0x0000000086bfbe70) 
thrown [s\src\hotspot\share\interpreter\linkResolver.cpp, line 784]
Event: 0.845 Thread 0x00000209a591df60 Exception <a 'java/lang/NoSuchMethodError'{0x0000000087fc7a60}: method resolution failed> (0x0000000087fc7a60) 
thrown [s\src\hotspot\share\prims\methodHandles.cpp, line 1144]
Event: 0.847 Thread 0x00000209a591df60 Exception <a 'java/lang/NoSuchMethodError'{0x0000000087fd1a20}: 'java.lang.Object java.lang.invoke.Invokers$Holder.invokeExact_MT(java.lang.Object, java.lang.Object, java.lang.Object, java.lang.Object, java.lang.Object)'> (0x0000000087fd1a20) 
thrown [s\src\hotspot\share\interpreter\linkResolver.cpp, line 784]
Event: 0.859 Thread 0x00000209a591df60 Exception <a 'java/lang/NoSuchMethodError'{0x0000000087e8dab8}: 'java.lang.Object java.lang.invoke.DirectMethodHandle$Holder.invokeVirtual(java.lang.Object, java.lang.Object, java.lang.Object, java.lang.Object)'> (0x0000000087e8dab8) 
thrown [s\src\hotspot\share\interpreter\linkResolver.cpp, line 784]
Event: 0.859 Thread 0x00000209a591df60 Exception <a 'java/lang/NoSuchMethodError'{0x0000000087e95998}: 'void java.lang.invoke.DirectMethodHandle$Holder.invokeStatic(java.lang.Object, java.lang.Object, java.lang.Object, java.lang.Object)'> (0x0000000087e95998) 
thrown [s\src\hotspot\share\interpreter\linkResolver.cpp, line 784]
Event: 0.868 Thread 0x00000209a591df60 Exception <a 'java/lang/IncompatibleClassChangeError'{0x0000000087d05d20}: Found class java.lang.Object, but interface was expected> (0x0000000087d05d20) 
thrown [s\src\hotspot\share\interpreter\linkResolver.cpp, line 851]
Event: 1.064 Thread 0x00000209a591df60 Exception <a 'sun/nio/fs/WindowsException'{0x0000000087b2d530}> (0x0000000087b2d530) 
thrown [s\src\hotspot\share\prims\jni.cpp, line 537]

ZGC Phase Switch (0 events):
No events

VM Operations (20 events):
Event: 0.432 Executing VM operation: HandshakeAllThreads (Deoptimize)
Event: 0.432 Executing VM operation: HandshakeAllThreads (Deoptimize) done
Event: 0.651 Executing VM operation: ICBufferFull
Event: 0.651 Executing VM operation: ICBufferFull done
Event: 0.773 Executing VM operation: HandshakeAllThreads (Deoptimize)
Event: 0.774 Executing VM operation: HandshakeAllThreads (Deoptimize) done
Event: 0.826 Executing VM operation: G1CollectForAllocation (G1 Evacuation Pause)
Event: 0.835 Executing VM operation: G1CollectForAllocation (G1 Evacuation Pause) done
Event: 1.030 Executing VM operation: HandshakeAllThreads (Deoptimize)
Event: 1.030 Executing VM operation: HandshakeAllThreads (Deoptimize) done
Event: 1.047 Executing VM operation: HandshakeAllThreads (Deoptimize)
Event: 1.047 Executing VM operation: HandshakeAllThreads (Deoptimize) done
Event: 1.065 Executing VM operation: HandshakeAllThreads (Deoptimize)
Event: 1.065 Executing VM operation: HandshakeAllThreads (Deoptimize) done
Event: 1.071 Executing VM operation: HandshakeAllThreads (Deoptimize)
Event: 1.071 Executing VM operation: HandshakeAllThreads (Deoptimize) done
Event: 1.098 Executing VM operation: HandshakeAllThreads (Deoptimize)
Event: 1.099 Executing VM operation: HandshakeAllThreads (Deoptimize) done
Event: 1.143 Executing VM operation: HandshakeAllThreads (Deoptimize)
Event: 1.143 Executing VM operation: HandshakeAllThreads (Deoptimize) done

Memory protections (0 events):
No events

Nmethod flushes (0 events):
No events

Events (20 events):
Event: 0.595 Loaded shared library C:\Program Files\JetBrains\IntelliJ IDEA 2025.2.3\jbr\bin\extnet.dll
Event: 0.601 Thread 0x0000020989bd8470 Thread added: 0x00000209a55e6320
Event: 0.614 Thread 0x0000020989bd8470 Thread added: 0x00000209a5a47050
Event: 0.614 Thread 0x0000020989bd8470 Thread added: 0x00000209a5a476c0
Event: 0.616 Loaded shared library C:\Program Files\JetBrains\IntelliJ IDEA 2025.2.3\jbr\bin\rmi.dll
Event: 0.616 Thread 0x0000020989bd8470 Thread added: 0x00000209a5a48550
Event: 0.650 Thread 0x00000209a55e6320 Thread added: 0x00000209a55aaed0
Event: 0.650 Thread 0x00000209a55e6320 Thread added: 0x00000209a5689db0
Event: 0.696 Thread 0x00000209a55aaed0 Thread added: 0x00000209a591b0a0
Event: 0.697 Thread 0x00000209a5a47050 Thread added: 0x00000209a591df60
Event: 0.697 Thread 0x00000209a5a47050 Thread added: 0x00000209a5b3f610
Event: 0.720 Thread 0x00000209a591df60 Thread added: 0x00000209a5b3c820
Event: 0.967 Thread 0x00000209a5365100 Thread exited: 0x00000209a5365100
Event: 0.972 Loaded shared library C:\Program Files\JetBrains\IntelliJ IDEA 2025.2.3\jbr\bin\management.dll
Event: 0.977 Loaded shared library C:\Program Files\JetBrains\IntelliJ IDEA 2025.2.3\jbr\bin\management_ext.dll
Event: 0.986 Thread 0x00000209a53610f0 Thread exited: 0x00000209a53610f0
Event: 1.042 Loaded shared library C:\Program Files\JetBrains\IntelliJ IDEA 2025.2.3\jbr\bin\sunmscapi.dll
Event: 1.100 Thread 0x00000209a49c89e0 Thread added: 0x00000209a5b1d7c0
Event: 1.134 Thread 0x00000209a49c39c0 Thread added: 0x00000209a5c4b340
Event: 1.184 Thread 0x00000209a5206050 Thread added: 0x00000209a5c919e0


Dynamic libraries:
0x00007ff7c5630000 - 0x00007ff7c563a000 	C:\Program Files\JetBrains\IntelliJ IDEA 2025.2.3\jbr\bin\java.exe
0x00007ffc937e0000 - 0x00007ffc93a47000 	C:\WINDOWS\SYSTEM32\ntdll.dll
0x00007ffc93020000 - 0x00007ffc930e9000 	C:\WINDOWS\System32\KERNEL32.DLL
0x00007ffc91180000 - 0x00007ffc9156f000 	C:\WINDOWS\System32\KERNELBASE.dll
0x00007ffc90d40000 - 0x00007ffc90e8b000 	C:\WINDOWS\System32\ucrtbase.dll
0x00007ffc762e0000 - 0x00007ffc762f8000 	C:\Program Files\JetBrains\IntelliJ IDEA 2025.2.3\jbr\bin\jli.dll
0x00007ffc76380000 - 0x00007ffc7639b000 	C:\Program Files\JetBrains\IntelliJ IDEA 2025.2.3\jbr\bin\VCRUNTIME140.dll
0x00007ffc91f70000 - 0x00007ffc92135000 	C:\WINDOWS\System32\USER32.dll
0x00007ffc91150000 - 0x00007ffc91177000 	C:\WINDOWS\System32\win32u.dll
0x00007ffc936a0000 - 0x00007ffc936cb000 	C:\WINDOWS\System32\GDI32.dll
0x00007ffc6e0f0000 - 0x00007ffc6e383000 	C:\WINDOWS\WinSxS\amd64_microsoft.windows.common-controls_6595b64144ccf1df_6.0.26100.7309_none_3e05feeae336a044\COMCTL32.dll
0x00007ffc92220000 - 0x00007ffc922c9000 	C:\WINDOWS\System32\msvcrt.dll
0x00007ffc90930000 - 0x00007ffc90a5c000 	C:\WINDOWS\System32\gdi32full.dll
0x00007ffc90e90000 - 0x00007ffc90f33000 	C:\WINDOWS\System32\msvcp_win.dll
0x00007ffc91a90000 - 0x00007ffc91ac1000 	C:\WINDOWS\System32\IMM32.DLL
0x00007ffc8b310000 - 0x00007ffc8b31c000 	C:\Program Files\JetBrains\IntelliJ IDEA 2025.2.3\jbr\bin\vcruntime140_1.dll
0x00007ffc4cd50000 - 0x00007ffc4cddd000 	C:\Program Files\JetBrains\IntelliJ IDEA 2025.2.3\jbr\bin\msvcp140.dll
0x00007ffb9f930000 - 0x00007ffba06fb000 	C:\Program Files\JetBrains\IntelliJ IDEA 2025.2.3\jbr\bin\server\jvm.dll
0x00007ffc92140000 - 0x00007ffc921f4000 	C:\WINDOWS\System32\ADVAPI32.dll
0x00007ffc936d0000 - 0x00007ffc93776000 	C:\WINDOWS\System32\sechost.dll
0x00007ffc92450000 - 0x00007ffc92568000 	C:\WINDOWS\System32\RPCRT4.dll
0x00007ffc92710000 - 0x00007ffc92784000 	C:\WINDOWS\System32\WS2_32.dll
0x00007ffc90110000 - 0x00007ffc9016e000 	C:\WINDOWS\SYSTEM32\POWRPROF.dll
0x00007ffc82a50000 - 0x00007ffc82a85000 	C:\WINDOWS\SYSTEM32\WINMM.dll
0x00007ffc85df0000 - 0x00007ffc85dfb000 	C:\WINDOWS\SYSTEM32\VERSION.dll
0x00007ffc900f0000 - 0x00007ffc90104000 	C:\WINDOWS\SYSTEM32\UMPDC.dll
0x00007ffc8f6e0000 - 0x00007ffc8f6fb000 	C:\WINDOWS\SYSTEM32\kernel.appcore.dll
0x00007ffc715c0000 - 0x00007ffc715ca000 	C:\Program Files\JetBrains\IntelliJ IDEA 2025.2.3\jbr\bin\jimage.dll
0x00007ffc8d740000 - 0x00007ffc8d982000 	C:\WINDOWS\SYSTEM32\DBGHELP.DLL
0x00007ffc93310000 - 0x00007ffc93696000 	C:\WINDOWS\System32\combase.dll
0x00007ffc92370000 - 0x00007ffc92446000 	C:\WINDOWS\System32\OLEAUT32.dll
0x00007ffc6ba20000 - 0x00007ffc6ba5c000 	C:\WINDOWS\SYSTEM32\dbgcore.DLL
0x00007ffc90c90000 - 0x00007ffc90d35000 	C:\WINDOWS\System32\bcryptPrimitives.dll
0x00007ffc715f0000 - 0x00007ffc71610000 	C:\Program Files\JetBrains\IntelliJ IDEA 2025.2.3\jbr\bin\java.dll
0x00007ffc928c0000 - 0x00007ffc93013000 	C:\WINDOWS\System32\SHELL32.dll
0x00007ffc90a60000 - 0x00007ffc90bca000 	C:\WINDOWS\System32\wintypes.dll
0x00007ffc8e500000 - 0x00007ffc8ed5e000 	C:\WINDOWS\SYSTEM32\windows.storage.dll
0x00007ffc927c0000 - 0x00007ffc928b4000 	C:\WINDOWS\System32\SHCORE.dll
0x00007ffc91e80000 - 0x00007ffc91ee6000 	C:\WINDOWS\System32\shlwapi.dll
0x00007ffc90850000 - 0x00007ffc90879000 	C:\WINDOWS\SYSTEM32\profapi.dll
0x00007ffc715d0000 - 0x00007ffc715e8000 	C:\Program Files\JetBrains\IntelliJ IDEA 2025.2.3\jbr\bin\zip.dll
0x00007ffc71440000 - 0x00007ffc71450000 	C:\Program Files\JetBrains\IntelliJ IDEA 2025.2.3\jbr\bin\net.dll
0x00007ffc8a600000 - 0x00007ffc8a728000 	C:\WINDOWS\SYSTEM32\WINHTTP.dll
0x00007ffc8fc50000 - 0x00007ffc8fcbb000 	C:\WINDOWS\system32\mswsock.dll
0x00007ffc668d0000 - 0x00007ffc668e6000 	C:\Program Files\JetBrains\IntelliJ IDEA 2025.2.3\jbr\bin\nio.dll
0x00007ffc8f160000 - 0x00007ffc8f194000 	C:\WINDOWS\SYSTEM32\IPHLPAPI.DLL
0x00007ffc92200000 - 0x00007ffc9220a000 	C:\WINDOWS\System32\NSI.dll
0x00007ffc8ff10000 - 0x00007ffc8ff2b000 	C:\WINDOWS\SYSTEM32\CRYPTSP.dll
0x00007ffc8f640000 - 0x00007ffc8f67a000 	C:\WINDOWS\system32\rsaenh.dll
0x00007ffc8fd00000 - 0x00007ffc8fd2b000 	C:\WINDOWS\SYSTEM32\USERENV.dll
0x00007ffc90820000 - 0x00007ffc9084a000 	C:\WINDOWS\SYSTEM32\bcrypt.dll
0x00007ffc8ff30000 - 0x00007ffc8ff3c000 	C:\WINDOWS\SYSTEM32\CRYPTBASE.dll
0x00007ffc588e0000 - 0x00007ffc588e9000 	C:\Program Files\JetBrains\IntelliJ IDEA 2025.2.3\jbr\bin\extnet.dll
0x00007ffc76310000 - 0x00007ffc76317000 	C:\Program Files\JetBrains\IntelliJ IDEA 2025.2.3\jbr\bin\rmi.dll
0x00007ffc8f1a0000 - 0x00007ffc8f2cc000 	C:\WINDOWS\SYSTEM32\DNSAPI.dll
0x00007ffc892e0000 - 0x00007ffc892eb000 	C:\Windows\System32\rasadhlp.dll
0x00007ffc8ad90000 - 0x00007ffc8ae16000 	C:\WINDOWS\System32\fwpuclnt.dll
0x00007ffc588d0000 - 0x00007ffc588d9000 	C:\Program Files\JetBrains\IntelliJ IDEA 2025.2.3\jbr\bin\management.dll
0x00007ffc56bf0000 - 0x00007ffc56bfb000 	C:\Program Files\JetBrains\IntelliJ IDEA 2025.2.3\jbr\bin\management_ext.dll
0x00007ffc93240000 - 0x00007ffc93248000 	C:\WINDOWS\System32\PSAPI.DLL
0x00007ffc61020000 - 0x00007ffc6102e000 	C:\Program Files\JetBrains\IntelliJ IDEA 2025.2.3\jbr\bin\sunmscapi.dll
0x00007ffc90f40000 - 0x00007ffc910b7000 	C:\WINDOWS\System32\CRYPT32.dll
0x00007ffc90250000 - 0x00007ffc90280000 	C:\WINDOWS\SYSTEM32\ncrypt.dll
0x00007ffc90200000 - 0x00007ffc9023f000 	C:\WINDOWS\SYSTEM32\NTASN1.dll

JVMTI agents: none

dbghelp: loaded successfully - version: 4.0.5 - missing functions: none
symbol engine: initialized successfully - sym options: 0x614 - pdb path: .;C:\Program Files\JetBrains\IntelliJ IDEA 2025.2.3\jbr\bin;C:\WINDOWS\SYSTEM32;C:\WINDOWS\WinSxS\amd64_microsoft.windows.common-controls_6595b64144ccf1df_6.0.26100.7309_none_3e05feeae336a044;C:\Program Files\JetBrains\IntelliJ IDEA 2025.2.3\jbr\bin\server

VM Arguments:
jvm_args: -Djava.rmi.server.hostname=127.0.0.1 -Duser.timezone=UTC -Xmx2048m -Xms128m -Djdbc.classpath=C:\Users\Jeyer\AppData\Local\Temp\RemoteDriver7.classpath.txt --add-exports=java.desktop/sun.awt=ALL-UNNAMED --add-exports=java.desktop/java.awt.peer=ALL-UNNAMED --add-opens=java.desktop/java.awt=ALL-UNNAMED --add-opens=jdk.unsupported/sun.misc=ALL-UNNAMED --add-opens=java.base/java.nio=ALL-UNNAMED --add-opens=java.base/java.util=ALL-UNNAMED -Dfile.encoding=UTF-8 -Dsun.stdout.encoding=UTF-8 -Dsun.stderr.encoding=UTF-8 
java_command: com.intellij.database.remote.RemoteJdbcServer org.postgresql.Driver
java_class_path (initial): C:\Program Files\JetBrains\IntelliJ IDEA 2025.2.3\lib\util_rt.jar;C:\Program Files\JetBrains\IntelliJ IDEA 2025.2.3\lib\util-8.jar;C:\Program Files\JetBrains\IntelliJ IDEA 2025.2.3\lib\groovy.jar;C:\Program Files\JetBrains\IntelliJ IDEA 2025.2.3\plugins\DatabaseTools\lib\jdbc-console.jar;C:\Program Files\JetBrains\IntelliJ IDEA 2025.2.3\lib\modules\intellij.grid.types.jar;C:\Program Files\JetBrains\IntelliJ IDEA 2025.2.3\lib\util.jar;C:\Program Files\JetBrains\IntelliJ IDEA 2025.2.3\lib\bouncy-castle.jar
Launcher Type: SUN_STANDARD

[Global flags]
     intx CICompilerCount                          = 12                                        {product} {ergonomic}
     uint ConcGCThreads                            = 3                                         {product} {ergonomic}
     uint G1ConcRefinementThreads                  = 13                                        {product} {ergonomic}
   size_t G1HeapRegionSize                         = 1048576                                   {product} {ergonomic}
    uintx GCDrainStackTargetSize                   = 64                                        {product} {ergonomic}
   size_t InitialHeapSize                          = 134217728                                 {product} {command line}
   size_t MarkStackSize                            = 4194304                                   {product} {ergonomic}
   size_t MaxHeapSize                              = 2147483648                                {product} {command line}
   size_t MaxNewSize                               = 1287651328                                {product} {ergonomic}
   size_t MinHeapDeltaBytes                        = 1048576                                   {product} {ergonomic}
   size_t MinHeapSize                              = 134217728                                 {product} {command line}
    uintx NonNMethodCodeHeapSize                   = 7602480                                {pd product} {ergonomic}
    uintx NonProfiledCodeHeapSize                  = 122027880                              {pd product} {ergonomic}
    uintx ProfiledCodeHeapSize                     = 122027880                              {pd product} {ergonomic}
    uintx ReservedCodeCacheSize                    = 251658240                              {pd product} {ergonomic}
     bool SegmentedCodeCache                       = true                                      {product} {ergonomic}
   size_t SoftMaxHeapSize                          = 2147483648                             {manageable} {ergonomic}
     bool UseCompressedOops                        = true                           {product lp64_product} {ergonomic}
     bool UseG1GC                                  = true                                      {product} {ergonomic}
     bool UseLargePagesIndividualAllocation        = false                                  {pd product} {ergonomic}

Logging:
Log output configuration:
 #0: stdout all=warning uptime,level,tags foldmultilines=false
 #1: stderr all=off uptime,level,tags foldmultilines=false

Environment Variables:
JAVA_HOME=C:\Program Files\Java\jdk-17
PATH=C:\Program Files\Microsoft\jdk-17.0.10.7-hotspot\bin;C:\Program Files\Common Files\Oracle\Java\javapath;C:\ProgramData\chocolatey\bin;C:\Program Files\MySQL\mysql-8.0.39-winx64\bin;C:\Windows\System32;C:\Program Files (x86)\NVIDIA Corporation\PhysX\Common;C:\xampp\php;C:\WINDOWS\system32;C:\WINDOWS;C:\WINDOWS\System32\Wbem;C:\WINDOWS\System32\WindowsPowerShell\v1.0\;C:\WINDOWS\System32\OpenSSH\;C:\Program Files\Docker\Docker\resources\bin;C:\Program Files\Vagrant\bin;C:\Program Files\MySQL\MySQL Server 8.0\bin;C:\Program Files\PostgreSQL\16\bin;C:\ProgramData\nvm;C:\nvm4w\nodejs;C:\Program Files\NVIDIA Corporation\NVIDIA App\NvDLISR;C:\Program Files\Git\cmd;C:\Program Files\MySQL\MySQL Shell 8.0\bin\;C:\Users\Jeyer\AppData\Local\Programs\Python\Python311\Scripts\;C:\Users\Jeyer\AppData\Local\Programs\Python\Python311\;C:\Users\Jeyer\AppData\Local\Microsoft\WindowsApps;C:\Users\Jeyer\AppData\Local\Programs\Microsoft VS Code\bin;C:\Program Files\JetBrains\IntelliJ IDEA 2023.2.1\bin;;C:\Program Files\apache-maven-3.9.6\bin\bin;C:\Program Files\apache-maven-3.9.6\bin;C:\Users\Jeyer\AppData\Local\Programs\mongosh\;C:\Users\Jeyer\AppData\Local\Android\Sdk\platform-tools;C:\Program Files\MySQL\mysql-8.0.39-winx64\bin;C:\Users\Jeyer\Downloads\stripe_1.19.2_windows_x86_64;C:\Program Files\Gradle\gradle-8.6\bin;C:\Users\Jeyer\AppData\Local\ComposerSetup\bin;C:\Users\Jeyer\AppData\Roaming\Composer\vendor\bin;C:\Users\Jeyer\AppData\Local\GitHubDesktop\bin;C:\ProgramData\nvm;C:\nvm4w\nodejs;D:\Program Files\stripe;D:\Program Files\PostgreSQL\18\bin;
USERNAME=Jeyer
OS=Windows_NT
PROCESSOR_IDENTIFIER=Intel64 Family 6 Model 154 Stepping 3, GenuineIntel
TMP=C:\Users\Jeyer\AppData\Local\Temp
TEMP=C:\Users\Jeyer\AppData\Local\Temp




Periodic native trim disabled

JNI global refs:
JNI global refs: 27, weak refs: 0

JNI global refs memory usage: 835, weak refs: 833

Process memory usage:
Resident Set Size: 113704K (0% of 16437284K total physical memory with 1232936K free physical memory)

OOME stack traces (most recent first):
Classloader memory used:
Loader bootstrap                                                                       : 3193K
Loader jdk.internal.loader.ClassLoaders$AppClassLoader                                 : 2501K
Loader jdk.internal.loader.ClassLoaders$PlatformClassLoader                            : 690K
Loader com.intellij.database.remote.jdbc.impl.JdbcClassLoader$JdbcClassLoaderImpl      : 420K
Loader jdk.internal.reflect.DelegatingClassLoader                                      : 79528B

---------------  S Y S T E M  ---------------

OS:
 Windows 11 , 64 bit Build 26100 (10.0.26100.7309)
OS uptime: 0 days 1:36 hours
Hyper-V role detected

CPU: total 16 (initial active 16) (8 cores per cpu, 2 threads per core) family 6 model 154 stepping 3 microcode 0x42c, cx8, cmov, fxsr, ht, mmx, 3dnowpref, sse, sse2, sse3, ssse3, sse4.1, sse4.2, popcnt, lzcnt, tsc, tscinvbit, avx, avx2, aes, erms, clmul, bmi1, bmi2, adx, sha, fma, vzeroupper, clflush, clflushopt, clwb, hv, serialize, rdtscp, rdpid, fsrm, f16c, cet_ibt, cet_ss
Processor Information for processor 0
  Max Mhz: 2500, Current Mhz: 2500, Mhz Limit: 2500
Processor Information for processor 1
  Max Mhz: 2500, Current Mhz: 2500, Mhz Limit: 2500
Processor Information for processor 2
  Max Mhz: 2500, Current Mhz: 2500, Mhz Limit: 2500
Processor Information for processor 3
  Max Mhz: 2500, Current Mhz: 2500, Mhz Limit: 2500
Processor Information for processor 4
  Max Mhz: 2500, Current Mhz: 2500, Mhz Limit: 2500
Processor Information for processor 5
  Max Mhz: 2500, Current Mhz: 2500, Mhz Limit: 2500
Processor Information for processor 6
  Max Mhz: 2500, Current Mhz: 2500, Mhz Limit: 2500
Processor Information for processor 7
  Max Mhz: 2500, Current Mhz: 2500, Mhz Limit: 2500
Processor Information for processor 8
  Max Mhz: 2500, Current Mhz: 1500, Mhz Limit: 1800
Processor Information for processor 9
  Max Mhz: 2500, Current Mhz: 1500, Mhz Limit: 1800
Processor Information for processor 10
  Max Mhz: 2500, Current Mhz: 1500, Mhz Limit: 1800
Processor Information for processor 11
  Max Mhz: 2500, Current Mhz: 1500, Mhz Limit: 1800
Processor Information for processor 12
  Max Mhz: 2500, Current Mhz: 1800, Mhz Limit: 1800
Processor Information for processor 13
  Max Mhz: 2500, Current Mhz: 1500, Mhz Limit: 1800
Processor Information for processor 14
  Max Mhz: 2500, Current Mhz: 1800, Mhz Limit: 1800
Processor Information for processor 15
  Max Mhz: 2500, Current Mhz: 1800, Mhz Limit: 1800

Memory: 4k page, system-wide physical 16052M (1204M free)
TotalPageFile size 21672M (AvailPageFile size 5M)
current process WorkingSet (physical memory assigned to process): 111M, peak: 111M
current process commit charge ("private bytes"): 258M, peak: 259M

vm_info: OpenJDK 64-Bit Server VM (21.0.8+1-b1038.72) for windows-amd64 JRE (21.0.8+1-b1038.72), built on 2025-09-08 by "builduser" with MS VC++ 16.10 / 16.11 (VS2019)

END.
