#
# There is insufficient memory for the Java Runtime Environment to continue.
# Native memory allocation (malloc) failed to allocate 1345536 bytes. Error detail: Chunk::new
# Possible reasons:
#   The system is out of physical RAM or swap space
#   This process is running with CompressedOops enabled, and the Java Heap may be blocking the growth of the native heap
# Possible solutions:
#   Reduce memory load on the system
#   Increase physical memory or swap space
#   Check if swap backing store is full
#   Decrease Java heap size (-Xmx/-Xms)
#   Decrease number of Java threads
#   Decrease Java thread stack sizes (-Xss)
#   Set larger code cache with -XX:ReservedCodeCacheSize=
#   JVM is running with Unscaled Compressed Oops mode in which the Java heap is
#     placed in the first 4GB address space. The Java Heap base address is the
#     maximum limit for the native heap growth. Please use -XX:HeapBaseMinAddress
#     to set the Java Heap base and to place the Java Heap above 4GB virtual address.
# This output file may be truncated or incomplete.
#
#  Out of Memory Error (arena.cpp:168), pid=23932, tid=21696
#
# JRE version: OpenJDK Runtime Environment JBR-21.0.8+1-1038.72-jcef (21.0.8+1) (build 21.0.8+1-b1038.72)
# Java VM: OpenJDK 64-Bit Server VM JBR-21.0.8+1-1038.72-jcef (21.0.8+1-b1038.72, mixed mode, sharing, tiered, compressed oops, compressed class ptrs, g1 gc, windows-amd64)
# No core dump will be written. Minidumps are not enabled by default on client versions of Windows
#

---------------  S U M M A R Y ------------

Command Line: -Djava.rmi.server.hostname=127.0.0.1 -Duser.timezone=UTC -Xmx2048m -Xms128m -Djdbc.classpath=C:\Users\Jeyer\AppData\Local\Temp\RemoteDriver6.classpath.txt --add-exports=java.desktop/sun.awt=ALL-UNNAMED --add-exports=java.desktop/java.awt.peer=ALL-UNNAMED --add-opens=java.desktop/java.awt=ALL-UNNAMED --add-opens=jdk.unsupported/sun.misc=ALL-UNNAMED --add-opens=java.base/java.nio=ALL-UNNAMED --add-opens=java.base/java.util=ALL-UNNAMED -Dfile.encoding=UTF-8 -Dsun.stdout.encoding=UTF-8 -Dsun.stderr.encoding=UTF-8 com.intellij.database.remote.RemoteJdbcServer org.postgresql.Driver

Host: 12th Gen Intel(R) Core(TM) i5-12500H, 16 cores, 15G,  Windows 11 , 64 bit Build 26100 (10.0.26100.7309)
Time: Sat Feb 14 21:01:59 2026 SE Asia Standard Time elapsed time: 1.141405 seconds (0d 0h 0m 1s)

---------------  T H R E A D  ---------------

Current thread (0x00000175a1b925b0):  JavaThread "C2 CompilerThread2" daemon [_thread_in_native, id=21696, stack(0x0000001261f00000,0x0000001262000000) (1024K)]


Current CompileTask:
C2:1141 1883       4       sun.security.ec.ECOperations::setDouble (463 bytes)

Stack: [0x0000001261f00000,0x0000001262000000]
Native frames: (J=compiled Java code, j=interpreted, Vv=VM code, C=native code)
V  [jvm.dll+0x6ebeb9]
V  [jvm.dll+0x8cbec3]
V  [jvm.dll+0x8ce47e]
V  [jvm.dll+0x8ceb63]
V  [jvm.dll+0x28adf6]
V  [jvm.dll+0xc6f3d]
V  [jvm.dll+0xc7473]
V  [jvm.dll+0x3c7aeb]
V  [jvm.dll+0x393697]
V  [jvm.dll+0x392b0a]
V  [jvm.dll+0x251d92]
V  [jvm.dll+0x251361]
V  [jvm.dll+0x1ceb64]
V  [jvm.dll+0x260bfe]
V  [jvm.dll+0x25f146]
V  [jvm.dll+0x402ee6]
V  [jvm.dll+0x873a78]
V  [jvm.dll+0x6ea63d]
C  [ucrtbase.dll+0x37b0]
C  [KERNEL32.DLL+0x2e8d7]
C  [ntdll.dll+0x8c53c]


---------------  P R O C E S S  ---------------

Threads class SMR info:
_java_thread_list=0x00000175e803e620, length=27, elements={
0x000001758654a7b0, 0x00000175a1a02c00, 0x00000175a1a04aa0, 0x00000175a1a087a0,
0x00000175a1a0a4d0, 0x00000175a1a0b190, 0x00000175a1a0f010, 0x00000175a1a10570,
0x00000175a1b70b70, 0x00000175a1b93350, 0x00000175a1b92c80, 0x00000175a1b947c0,
0x00000175a1d1b930, 0x00000175a1b94e90, 0x00000175a1b95560, 0x00000175e80348a0,
0x00000175e82faef0, 0x00000175e8389e00, 0x00000175e838a470, 0x00000175e816d5b0,
0x00000175e805ee40, 0x00000175e8169370, 0x00000175e851f860, 0x00000175e85206e0,
0x00000175e84979c0, 0x00000175a1b925b0, 0x00000175a1b95c30
}

Java Threads: ( => current thread )
  0x000001758654a7b0 JavaThread "main"                              [_thread_blocked, id=4548, stack(0x000000125f300000,0x000000125f400000) (1024K)]
  0x00000175a1a02c00 JavaThread "Common-Cleaner"             daemon [_thread_blocked, id=10348, stack(0x000000125fb00000,0x000000125fc00000) (1024K)]
  0x00000175a1a04aa0 JavaThread "Reference Handler"          daemon [_thread_blocked, id=7424, stack(0x000000125fc00000,0x000000125fd00000) (1024K)]
  0x00000175a1a087a0 JavaThread "Finalizer"                  daemon [_thread_blocked, id=12108, stack(0x000000125fd00000,0x000000125fe00000) (1024K)]
  0x00000175a1a0a4d0 JavaThread "Signal Dispatcher"          daemon [_thread_blocked, id=16644, stack(0x000000125fe00000,0x000000125ff00000) (1024K)]
  0x00000175a1a0b190 JavaThread "Attach Listener"            daemon [_thread_blocked, id=23072, stack(0x000000125ff00000,0x0000001260000000) (1024K)]
  0x00000175a1a0f010 JavaThread "Service Thread"             daemon [_thread_blocked, id=24436, stack(0x0000001260000000,0x0000001260100000) (1024K)]
  0x00000175a1a10570 JavaThread "Monitor Deflation Thread"   daemon [_thread_blocked, id=23500, stack(0x0000001260100000,0x0000001260200000) (1024K)]
  0x00000175a1b70b70 JavaThread "C2 CompilerThread0"         daemon [_thread_blocked, id=7552, stack(0x0000001260200000,0x0000001260300000) (1024K)]
  0x00000175a1b93350 JavaThread "C1 CompilerThread0"         daemon [_thread_blocked, id=13512, stack(0x0000001260300000,0x0000001260400000) (1024K)]
  0x00000175a1b92c80 JavaThread "C1 CompilerThread1"         daemon [_thread_blocked, id=3052, stack(0x0000001260400000,0x0000001260500000) (1024K)]
  0x00000175a1b947c0 JavaThread "C1 CompilerThread2"         daemon [_thread_blocked, id=24820, stack(0x0000001260500000,0x0000001260600000) (1024K)]
  0x00000175a1d1b930 JavaThread "Notification Thread"        daemon [_thread_blocked, id=21316, stack(0x0000001260600000,0x0000001260700000) (1024K)]
  0x00000175a1b94e90 JavaThread "C2 CompilerThread1"         daemon [_thread_in_native, id=24208, stack(0x0000001260700000,0x0000001260800000) (1024K)]
  0x00000175a1b95560 JavaThread "C1 CompilerThread3"         daemon [_thread_blocked, id=24448, stack(0x0000001260800000,0x0000001260900000) (1024K)]
  0x00000175e80348a0 JavaThread "RMI TCP Accept-35886"       daemon [_thread_in_native, id=19640, stack(0x0000001260900000,0x0000001260a00000) (1024K)]
  0x00000175e82faef0 JavaThread "RMI TCP Accept-0"           daemon [_thread_in_native, id=24976, stack(0x0000001260a00000,0x0000001260b00000) (1024K)]
  0x00000175e8389e00 JavaThread "RMI Reaper"                        [_thread_blocked, id=15332, stack(0x0000001260b00000,0x0000001260c00000) (1024K)]
  0x00000175e838a470 JavaThread "RMI GC Daemon"              daemon [_thread_blocked, id=13680, stack(0x0000001260c00000,0x0000001260d00000) (1024K)]
  0x00000175e816d5b0 JavaThread "RMI TCP Connection(1)-127.0.0.1" daemon [_thread_in_native, id=24992, stack(0x0000001260d00000,0x0000001260e00000) (1024K)]
  0x00000175e805ee40 JavaThread "RMI TCP Connection(2)-127.0.0.1" daemon [_thread_in_native, id=9084, stack(0x0000001260e00000,0x0000001260f00000) (1024K)]
  0x00000175e8169370 JavaThread "RMI Scheduler(0)"           daemon [_thread_blocked, id=25312, stack(0x0000001260f00000,0x0000001261000000) (1024K)]
  0x00000175e851f860 JavaThread "RMI TCP Connection(3)-127.0.0.1" daemon [_thread_in_native, id=14464, stack(0x0000001261000000,0x0000001261100000) (1024K)]
  0x00000175e85206e0 JavaThread "RMI TCP Connection(4)-127.0.0.1" daemon [_thread_in_native, id=24244, stack(0x0000001261100000,0x0000001261200000) (1024K)]
  0x00000175e84979c0 JavaThread "RMI RenewClean-[127.0.0.1:55060]" daemon [_thread_blocked, id=24716, stack(0x0000001261200000,0x0000001261300000) (1024K)]
=>0x00000175a1b925b0 JavaThread "C2 CompilerThread2"         daemon [_thread_in_native, id=21696, stack(0x0000001261f00000,0x0000001262000000) (1024K)]
  0x00000175a1b95c30 JavaThread "C2 CompilerThread3"         daemon [_thread_blocked, id=3452, stack(0x0000001262000000,0x0000001262100000) (1024K)]
Total: 27

Other Threads:
  0x00000175a19e5030 VMThread "VM Thread"                           [id=23876, stack(0x000000125fa00000,0x000000125fb00000) (1024K)]
  0x00000175a19d1c20 WatcherThread "VM Periodic Task Thread"        [id=3492, stack(0x000000125f900000,0x000000125fa00000) (1024K)]
  0x00000175888fab40 WorkerThread "GC Thread#0"                     [id=22884, stack(0x000000125f400000,0x000000125f500000) (1024K)]
  0x00000175e8058680 WorkerThread "GC Thread#1"                     [id=22824, stack(0x0000001261300000,0x0000001261400000) (1024K)]
  0x00000175a1f31b00 WorkerThread "GC Thread#2"                     [id=23948, stack(0x0000001261400000,0x0000001261500000) (1024K)]
  0x00000175a1f31ea0 WorkerThread "GC Thread#3"                     [id=19804, stack(0x0000001261500000,0x0000001261600000) (1024K)]
  0x00000175e8641ea0 WorkerThread "GC Thread#4"                     [id=25308, stack(0x0000001261600000,0x0000001261700000) (1024K)]
  0x00000175e8655d20 WorkerThread "GC Thread#5"                     [id=3200, stack(0x0000001261700000,0x0000001261800000) (1024K)]
  0x00000175e86560c0 WorkerThread "GC Thread#6"                     [id=24280, stack(0x0000001261800000,0x0000001261900000) (1024K)]
  0x00000175e8656460 WorkerThread "GC Thread#7"                     [id=6560, stack(0x0000001261900000,0x0000001261a00000) (1024K)]
  0x00000175e8656800 WorkerThread "GC Thread#8"                     [id=13348, stack(0x0000001261a00000,0x0000001261b00000) (1024K)]
  0x00000175e8657e10 WorkerThread "GC Thread#9"                     [id=16088, stack(0x0000001261b00000,0x0000001261c00000) (1024K)]
  0x00000175e86581b0 WorkerThread "GC Thread#10"                    [id=8728, stack(0x0000001261c00000,0x0000001261d00000) (1024K)]
  0x00000175e8657a70 WorkerThread "GC Thread#11"                    [id=19176, stack(0x0000001261d00000,0x0000001261e00000) (1024K)]
  0x000001758894a010 ConcurrentGCThread "G1 Main Marker"            [id=22700, stack(0x000000125f500000,0x000000125f600000) (1024K)]
  0x000001758894c070 WorkerThread "G1 Conc#0"                       [id=5960, stack(0x000000125f600000,0x000000125f700000) (1024K)]
  0x00000175a18957b0 ConcurrentGCThread "G1 Refine#0"               [id=25508, stack(0x000000125f700000,0x000000125f800000) (1024K)]
  0x00000175a1898ff0 ConcurrentGCThread "G1 Service"                [id=10768, stack(0x000000125f800000,0x000000125f900000) (1024K)]
Total: 18

Threads with active compile tasks:
C2 CompilerThread1  1159 1941       4       java.util.regex.Matcher::search (154 bytes)
C2 CompilerThread2  1159 1883       4       sun.security.ec.ECOperations::setDouble (463 bytes)
Total: 2

VM state: not at safepoint (normal execution)

VM Mutex/Monitor currently owned by a thread: None

Heap address: 0x0000000080000000, size: 2048 MB, Compressed Oops mode: 32-bit

CDS archive(s) mapped at: [0x00000175a2000000-0x00000175a3c00000-0x00000175a3c00000), size 29360128, SharedBaseAddress: 0x00000175a2000000, ArchiveRelocationMode: 1.
Compressed class space mapped at: 0x00000175a4000000-0x00000175e4000000, reserved size: 1073741824
Narrow klass base: 0x00000175a2000000, Narrow klass shift: 0, Narrow klass range: 0x100000000

GC Precious Log:
 CardTable entry size: 512
 Card Set container configuration: InlinePtr #cards 5 size 8 Array Of Cards #cards 12 size 40 Howl #buckets 4 coarsen threshold 1843 Howl Bitmap #cards 512 size 80 coarsen threshold 460 Card regions per heap region 1 cards per card region 2048
 CPUs: 16 total, 16 available
 Memory: 16052M
 Large Page Support: Disabled
 NUMA Support: Disabled
 Compressed Oops: Enabled (32-bit)
 Heap Region Size: 1M
 Heap Min Capacity: 128M
 Heap Initial Capacity: 128M
 Heap Max Capacity: 2G
 Pre-touch: Disabled
 Parallel Workers: 13
 Concurrent Workers: 3
 Concurrent Refinement Workers: 13
 Periodic GC: Disabled

Heap:
 garbage-first heap   total 131072K, used 17164K [0x0000000080000000, 0x0000000100000000)
  region size 1024K, 13 young (13312K), 3 survivors (3072K)
 Metaspace       used 7016K, committed 7360K, reserved 1114112K
  class space    used 920K, committed 1088K, reserved 1048576K

Heap Regions: E=young(eden), S=young(survivor), O=old, HS=humongous(starts), HC=humongous(continues), CS=collection set, F=free, TAMS=top-at-mark-start, PB=parsable bottom
|   0|0x0000000080000000, 0x0000000080100000, 0x0000000080100000|100%|HS|  |TAMS 0x0000000080000000| PB 0x0000000080000000| Complete 
|   1|0x0000000080100000, 0x0000000080200000, 0x0000000080200000|100%|HC|  |TAMS 0x0000000080100000| PB 0x0000000080100000| Complete 
|   2|0x0000000080200000, 0x0000000080300000, 0x0000000080300000|100%|HS|  |TAMS 0x0000000080200000| PB 0x0000000080200000| Complete 
|   3|0x0000000080300000, 0x0000000080400000, 0x0000000080400000|100%|HS|  |TAMS 0x0000000080300000| PB 0x0000000080300000| Complete 
|   4|0x0000000080400000, 0x0000000080500000, 0x0000000080500000|100%| O|  |TAMS 0x0000000080400000| PB 0x0000000080400000| Untracked 
|   5|0x0000000080500000, 0x00000000805c3000, 0x0000000080600000| 76%| O|  |TAMS 0x0000000080500000| PB 0x0000000080500000| Untracked 
|   6|0x0000000080600000, 0x0000000080600000, 0x0000000080700000|  0%| F|  |TAMS 0x0000000080600000| PB 0x0000000080600000| Untracked 
|   7|0x0000000080700000, 0x0000000080700000, 0x0000000080800000|  0%| F|  |TAMS 0x0000000080700000| PB 0x0000000080700000| Untracked 
|   8|0x0000000080800000, 0x0000000080800000, 0x0000000080900000|  0%| F|  |TAMS 0x0000000080800000| PB 0x0000000080800000| Untracked 
|   9|0x0000000080900000, 0x0000000080900000, 0x0000000080a00000|  0%| F|  |TAMS 0x0000000080900000| PB 0x0000000080900000| Untracked 
|  10|0x0000000080a00000, 0x0000000080a00000, 0x0000000080b00000|  0%| F|  |TAMS 0x0000000080a00000| PB 0x0000000080a00000| Untracked 
|  11|0x0000000080b00000, 0x0000000080b00000, 0x0000000080c00000|  0%| F|  |TAMS 0x0000000080b00000| PB 0x0000000080b00000| Untracked 
|  12|0x0000000080c00000, 0x0000000080c00000, 0x0000000080d00000|  0%| F|  |TAMS 0x0000000080c00000| PB 0x0000000080c00000| Untracked 
|  13|0x0000000080d00000, 0x0000000080d00000, 0x0000000080e00000|  0%| F|  |TAMS 0x0000000080d00000| PB 0x0000000080d00000| Untracked 
|  14|0x0000000080e00000, 0x0000000080e00000, 0x0000000080f00000|  0%| F|  |TAMS 0x0000000080e00000| PB 0x0000000080e00000| Untracked 
|  15|0x0000000080f00000, 0x0000000080f00000, 0x0000000081000000|  0%| F|  |TAMS 0x0000000080f00000| PB 0x0000000080f00000| Untracked 
|  16|0x0000000081000000, 0x0000000081000000, 0x0000000081100000|  0%| F|  |TAMS 0x0000000081000000| PB 0x0000000081000000| Untracked 
|  17|0x0000000081100000, 0x0000000081100000, 0x0000000081200000|  0%| F|  |TAMS 0x0000000081100000| PB 0x0000000081100000| Untracked 
|  18|0x0000000081200000, 0x0000000081200000, 0x0000000081300000|  0%| F|  |TAMS 0x0000000081200000| PB 0x0000000081200000| Untracked 
|  19|0x0000000081300000, 0x0000000081300000, 0x0000000081400000|  0%| F|  |TAMS 0x0000000081300000| PB 0x0000000081300000| Untracked 
|  20|0x0000000081400000, 0x0000000081400000, 0x0000000081500000|  0%| F|  |TAMS 0x0000000081400000| PB 0x0000000081400000| Untracked 
|  21|0x0000000081500000, 0x0000000081500000, 0x0000000081600000|  0%| F|  |TAMS 0x0000000081500000| PB 0x0000000081500000| Untracked 
|  22|0x0000000081600000, 0x0000000081600000, 0x0000000081700000|  0%| F|  |TAMS 0x0000000081600000| PB 0x0000000081600000| Untracked 
|  23|0x0000000081700000, 0x0000000081700000, 0x0000000081800000|  0%| F|  |TAMS 0x0000000081700000| PB 0x0000000081700000| Untracked 
|  24|0x0000000081800000, 0x0000000081800000, 0x0000000081900000|  0%| F|  |TAMS 0x0000000081800000| PB 0x0000000081800000| Untracked 
|  25|0x0000000081900000, 0x0000000081900000, 0x0000000081a00000|  0%| F|  |TAMS 0x0000000081900000| PB 0x0000000081900000| Untracked 
|  26|0x0000000081a00000, 0x0000000081a00000, 0x0000000081b00000|  0%| F|  |TAMS 0x0000000081a00000| PB 0x0000000081a00000| Untracked 
|  27|0x0000000081b00000, 0x0000000081b00000, 0x0000000081c00000|  0%| F|  |TAMS 0x0000000081b00000| PB 0x0000000081b00000| Untracked 
|  28|0x0000000081c00000, 0x0000000081c00000, 0x0000000081d00000|  0%| F|  |TAMS 0x0000000081c00000| PB 0x0000000081c00000| Untracked 
|  29|0x0000000081d00000, 0x0000000081d00000, 0x0000000081e00000|  0%| F|  |TAMS 0x0000000081d00000| PB 0x0000000081d00000| Untracked 
|  30|0x0000000081e00000, 0x0000000081e00000, 0x0000000081f00000|  0%| F|  |TAMS 0x0000000081e00000| PB 0x0000000081e00000| Untracked 
|  31|0x0000000081f00000, 0x0000000081f00000, 0x0000000082000000|  0%| F|  |TAMS 0x0000000081f00000| PB 0x0000000081f00000| Untracked 
|  32|0x0000000082000000, 0x0000000082000000, 0x0000000082100000|  0%| F|  |TAMS 0x0000000082000000| PB 0x0000000082000000| Untracked 
|  33|0x0000000082100000, 0x0000000082100000, 0x0000000082200000|  0%| F|  |TAMS 0x0000000082100000| PB 0x0000000082100000| Untracked 
|  34|0x0000000082200000, 0x0000000082200000, 0x0000000082300000|  0%| F|  |TAMS 0x0000000082200000| PB 0x0000000082200000| Untracked 
|  35|0x0000000082300000, 0x0000000082300000, 0x0000000082400000|  0%| F|  |TAMS 0x0000000082300000| PB 0x0000000082300000| Untracked 
|  36|0x0000000082400000, 0x0000000082400000, 0x0000000082500000|  0%| F|  |TAMS 0x0000000082400000| PB 0x0000000082400000| Untracked 
|  37|0x0000000082500000, 0x0000000082500000, 0x0000000082600000|  0%| F|  |TAMS 0x0000000082500000| PB 0x0000000082500000| Untracked 
|  38|0x0000000082600000, 0x0000000082600000, 0x0000000082700000|  0%| F|  |TAMS 0x0000000082600000| PB 0x0000000082600000| Untracked 
|  39|0x0000000082700000, 0x0000000082700000, 0x0000000082800000|  0%| F|  |TAMS 0x0000000082700000| PB 0x0000000082700000| Untracked 
|  40|0x0000000082800000, 0x0000000082800000, 0x0000000082900000|  0%| F|  |TAMS 0x0000000082800000| PB 0x0000000082800000| Untracked 
|  41|0x0000000082900000, 0x0000000082900000, 0x0000000082a00000|  0%| F|  |TAMS 0x0000000082900000| PB 0x0000000082900000| Untracked 
|  42|0x0000000082a00000, 0x0000000082a00000, 0x0000000082b00000|  0%| F|  |TAMS 0x0000000082a00000| PB 0x0000000082a00000| Untracked 
|  43|0x0000000082b00000, 0x0000000082b00000, 0x0000000082c00000|  0%| F|  |TAMS 0x0000000082b00000| PB 0x0000000082b00000| Untracked 
|  44|0x0000000082c00000, 0x0000000082c00000, 0x0000000082d00000|  0%| F|  |TAMS 0x0000000082c00000| PB 0x0000000082c00000| Untracked 
|  45|0x0000000082d00000, 0x0000000082d00000, 0x0000000082e00000|  0%| F|  |TAMS 0x0000000082d00000| PB 0x0000000082d00000| Untracked 
|  46|0x0000000082e00000, 0x0000000082e00000, 0x0000000082f00000|  0%| F|  |TAMS 0x0000000082e00000| PB 0x0000000082e00000| Untracked 
|  47|0x0000000082f00000, 0x0000000082f00000, 0x0000000083000000|  0%| F|  |TAMS 0x0000000082f00000| PB 0x0000000082f00000| Untracked 
|  48|0x0000000083000000, 0x0000000083000000, 0x0000000083100000|  0%| F|  |TAMS 0x0000000083000000| PB 0x0000000083000000| Untracked 
|  49|0x0000000083100000, 0x0000000083100000, 0x0000000083200000|  0%| F|  |TAMS 0x0000000083100000| PB 0x0000000083100000| Untracked 
|  50|0x0000000083200000, 0x0000000083200000, 0x0000000083300000|  0%| F|  |TAMS 0x0000000083200000| PB 0x0000000083200000| Untracked 
|  51|0x0000000083300000, 0x0000000083300000, 0x0000000083400000|  0%| F|  |TAMS 0x0000000083300000| PB 0x0000000083300000| Untracked 
|  52|0x0000000083400000, 0x0000000083400000, 0x0000000083500000|  0%| F|  |TAMS 0x0000000083400000| PB 0x0000000083400000| Untracked 
|  53|0x0000000083500000, 0x0000000083500000, 0x0000000083600000|  0%| F|  |TAMS 0x0000000083500000| PB 0x0000000083500000| Untracked 
|  54|0x0000000083600000, 0x0000000083600000, 0x0000000083700000|  0%| F|  |TAMS 0x0000000083600000| PB 0x0000000083600000| Untracked 
|  55|0x0000000083700000, 0x0000000083700000, 0x0000000083800000|  0%| F|  |TAMS 0x0000000083700000| PB 0x0000000083700000| Untracked 
|  56|0x0000000083800000, 0x0000000083800000, 0x0000000083900000|  0%| F|  |TAMS 0x0000000083800000| PB 0x0000000083800000| Untracked 
|  57|0x0000000083900000, 0x0000000083900000, 0x0000000083a00000|  0%| F|  |TAMS 0x0000000083900000| PB 0x0000000083900000| Untracked 
|  58|0x0000000083a00000, 0x0000000083a00000, 0x0000000083b00000|  0%| F|  |TAMS 0x0000000083a00000| PB 0x0000000083a00000| Untracked 
|  59|0x0000000083b00000, 0x0000000083b00000, 0x0000000083c00000|  0%| F|  |TAMS 0x0000000083b00000| PB 0x0000000083b00000| Untracked 
|  60|0x0000000083c00000, 0x0000000083c00000, 0x0000000083d00000|  0%| F|  |TAMS 0x0000000083c00000| PB 0x0000000083c00000| Untracked 
|  61|0x0000000083d00000, 0x0000000083d00000, 0x0000000083e00000|  0%| F|  |TAMS 0x0000000083d00000| PB 0x0000000083d00000| Untracked 
|  62|0x0000000083e00000, 0x0000000083e00000, 0x0000000083f00000|  0%| F|  |TAMS 0x0000000083e00000| PB 0x0000000083e00000| Untracked 
|  63|0x0000000083f00000, 0x0000000083f00000, 0x0000000084000000|  0%| F|  |TAMS 0x0000000083f00000| PB 0x0000000083f00000| Untracked 
|  64|0x0000000084000000, 0x0000000084000000, 0x0000000084100000|  0%| F|  |TAMS 0x0000000084000000| PB 0x0000000084000000| Untracked 
|  65|0x0000000084100000, 0x0000000084100000, 0x0000000084200000|  0%| F|  |TAMS 0x0000000084100000| PB 0x0000000084100000| Untracked 
|  66|0x0000000084200000, 0x0000000084200000, 0x0000000084300000|  0%| F|  |TAMS 0x0000000084200000| PB 0x0000000084200000| Untracked 
|  67|0x0000000084300000, 0x0000000084300000, 0x0000000084400000|  0%| F|  |TAMS 0x0000000084300000| PB 0x0000000084300000| Untracked 
|  68|0x0000000084400000, 0x0000000084400000, 0x0000000084500000|  0%| F|  |TAMS 0x0000000084400000| PB 0x0000000084400000| Untracked 
|  69|0x0000000084500000, 0x0000000084500000, 0x0000000084600000|  0%| F|  |TAMS 0x0000000084500000| PB 0x0000000084500000| Untracked 
|  70|0x0000000084600000, 0x0000000084600000, 0x0000000084700000|  0%| F|  |TAMS 0x0000000084600000| PB 0x0000000084600000| Untracked 
|  71|0x0000000084700000, 0x0000000084700000, 0x0000000084800000|  0%| F|  |TAMS 0x0000000084700000| PB 0x0000000084700000| Untracked 
|  72|0x0000000084800000, 0x0000000084800000, 0x0000000084900000|  0%| F|  |TAMS 0x0000000084800000| PB 0x0000000084800000| Untracked 
|  73|0x0000000084900000, 0x0000000084900000, 0x0000000084a00000|  0%| F|  |TAMS 0x0000000084900000| PB 0x0000000084900000| Untracked 
|  74|0x0000000084a00000, 0x0000000084a00000, 0x0000000084b00000|  0%| F|  |TAMS 0x0000000084a00000| PB 0x0000000084a00000| Untracked 
|  75|0x0000000084b00000, 0x0000000084b00000, 0x0000000084c00000|  0%| F|  |TAMS 0x0000000084b00000| PB 0x0000000084b00000| Untracked 
|  76|0x0000000084c00000, 0x0000000084c00000, 0x0000000084d00000|  0%| F|  |TAMS 0x0000000084c00000| PB 0x0000000084c00000| Untracked 
|  77|0x0000000084d00000, 0x0000000084d00000, 0x0000000084e00000|  0%| F|  |TAMS 0x0000000084d00000| PB 0x0000000084d00000| Untracked 
|  78|0x0000000084e00000, 0x0000000084e00000, 0x0000000084f00000|  0%| F|  |TAMS 0x0000000084e00000| PB 0x0000000084e00000| Untracked 
|  79|0x0000000084f00000, 0x0000000084f00000, 0x0000000085000000|  0%| F|  |TAMS 0x0000000084f00000| PB 0x0000000084f00000| Untracked 
|  80|0x0000000085000000, 0x0000000085000000, 0x0000000085100000|  0%| F|  |TAMS 0x0000000085000000| PB 0x0000000085000000| Untracked 
|  81|0x0000000085100000, 0x0000000085100000, 0x0000000085200000|  0%| F|  |TAMS 0x0000000085100000| PB 0x0000000085100000| Untracked 
|  82|0x0000000085200000, 0x0000000085200000, 0x0000000085300000|  0%| F|  |TAMS 0x0000000085200000| PB 0x0000000085200000| Untracked 
|  83|0x0000000085300000, 0x0000000085300000, 0x0000000085400000|  0%| F|  |TAMS 0x0000000085300000| PB 0x0000000085300000| Untracked 
|  84|0x0000000085400000, 0x0000000085400000, 0x0000000085500000|  0%| F|  |TAMS 0x0000000085400000| PB 0x0000000085400000| Untracked 
|  85|0x0000000085500000, 0x0000000085500000, 0x0000000085600000|  0%| F|  |TAMS 0x0000000085500000| PB 0x0000000085500000| Untracked 
|  86|0x0000000085600000, 0x0000000085600000, 0x0000000085700000|  0%| F|  |TAMS 0x0000000085600000| PB 0x0000000085600000| Untracked 
|  87|0x0000000085700000, 0x0000000085700000, 0x0000000085800000|  0%| F|  |TAMS 0x0000000085700000| PB 0x0000000085700000| Untracked 
|  88|0x0000000085800000, 0x0000000085800000, 0x0000000085900000|  0%| F|  |TAMS 0x0000000085800000| PB 0x0000000085800000| Untracked 
|  89|0x0000000085900000, 0x0000000085900000, 0x0000000085a00000|  0%| F|  |TAMS 0x0000000085900000| PB 0x0000000085900000| Untracked 
|  90|0x0000000085a00000, 0x0000000085a00000, 0x0000000085b00000|  0%| F|  |TAMS 0x0000000085a00000| PB 0x0000000085a00000| Untracked 
|  91|0x0000000085b00000, 0x0000000085b00000, 0x0000000085c00000|  0%| F|  |TAMS 0x0000000085b00000| PB 0x0000000085b00000| Untracked 
|  92|0x0000000085c00000, 0x0000000085c00000, 0x0000000085d00000|  0%| F|  |TAMS 0x0000000085c00000| PB 0x0000000085c00000| Untracked 
|  93|0x0000000085d00000, 0x0000000085d00000, 0x0000000085e00000|  0%| F|  |TAMS 0x0000000085d00000| PB 0x0000000085d00000| Untracked 
|  94|0x0000000085e00000, 0x0000000085e00000, 0x0000000085f00000|  0%| F|  |TAMS 0x0000000085e00000| PB 0x0000000085e00000| Untracked 
|  95|0x0000000085f00000, 0x0000000085f00000, 0x0000000086000000|  0%| F|  |TAMS 0x0000000085f00000| PB 0x0000000085f00000| Untracked 
|  96|0x0000000086000000, 0x0000000086000000, 0x0000000086100000|  0%| F|  |TAMS 0x0000000086000000| PB 0x0000000086000000| Untracked 
|  97|0x0000000086100000, 0x0000000086100000, 0x0000000086200000|  0%| F|  |TAMS 0x0000000086100000| PB 0x0000000086100000| Untracked 
|  98|0x0000000086200000, 0x0000000086200000, 0x0000000086300000|  0%| F|  |TAMS 0x0000000086200000| PB 0x0000000086200000| Untracked 
|  99|0x0000000086300000, 0x0000000086300000, 0x0000000086400000|  0%| F|  |TAMS 0x0000000086300000| PB 0x0000000086300000| Untracked 
| 100|0x0000000086400000, 0x0000000086400000, 0x0000000086500000|  0%| F|  |TAMS 0x0000000086400000| PB 0x0000000086400000| Untracked 
| 101|0x0000000086500000, 0x0000000086500000, 0x0000000086600000|  0%| F|  |TAMS 0x0000000086500000| PB 0x0000000086500000| Untracked 
| 102|0x0000000086600000, 0x0000000086700000, 0x0000000086700000|100%| S|CS|TAMS 0x0000000086600000| PB 0x0000000086600000| Complete 
| 103|0x0000000086700000, 0x0000000086800000, 0x0000000086800000|100%| S|CS|TAMS 0x0000000086700000| PB 0x0000000086700000| Complete 
| 104|0x0000000086800000, 0x0000000086900000, 0x0000000086900000|100%| S|CS|TAMS 0x0000000086800000| PB 0x0000000086800000| Complete 
| 105|0x0000000086900000, 0x0000000086900000, 0x0000000086a00000|  0%| F|  |TAMS 0x0000000086900000| PB 0x0000000086900000| Untracked 
| 106|0x0000000086a00000, 0x0000000086a00000, 0x0000000086b00000|  0%| F|  |TAMS 0x0000000086a00000| PB 0x0000000086a00000| Untracked 
| 107|0x0000000086b00000, 0x0000000086b00000, 0x0000000086c00000|  0%| F|  |TAMS 0x0000000086b00000| PB 0x0000000086b00000| Untracked 
| 108|0x0000000086c00000, 0x0000000086c00000, 0x0000000086d00000|  0%| F|  |TAMS 0x0000000086c00000| PB 0x0000000086c00000| Untracked 
| 109|0x0000000086d00000, 0x0000000086d00000, 0x0000000086e00000|  0%| F|  |TAMS 0x0000000086d00000| PB 0x0000000086d00000| Untracked 
| 110|0x0000000086e00000, 0x0000000086e00000, 0x0000000086f00000|  0%| F|  |TAMS 0x0000000086e00000| PB 0x0000000086e00000| Untracked 
| 111|0x0000000086f00000, 0x0000000086f00000, 0x0000000087000000|  0%| F|  |TAMS 0x0000000086f00000| PB 0x0000000086f00000| Untracked 
| 112|0x0000000087000000, 0x0000000087000000, 0x0000000087100000|  0%| F|  |TAMS 0x0000000087000000| PB 0x0000000087000000| Untracked 
| 113|0x0000000087100000, 0x0000000087100000, 0x0000000087200000|  0%| F|  |TAMS 0x0000000087100000| PB 0x0000000087100000| Untracked 
| 114|0x0000000087200000, 0x0000000087200000, 0x0000000087300000|  0%| F|  |TAMS 0x0000000087200000| PB 0x0000000087200000| Untracked 
| 115|0x0000000087300000, 0x0000000087300000, 0x0000000087400000|  0%| F|  |TAMS 0x0000000087300000| PB 0x0000000087300000| Untracked 
| 116|0x0000000087400000, 0x0000000087400000, 0x0000000087500000|  0%| F|  |TAMS 0x0000000087400000| PB 0x0000000087400000| Untracked 
| 117|0x0000000087500000, 0x0000000087500000, 0x0000000087600000|  0%| F|  |TAMS 0x0000000087500000| PB 0x0000000087500000| Untracked 
| 118|0x0000000087600000, 0x00000000876bc5a0, 0x0000000087700000| 73%| E|  |TAMS 0x0000000087600000| PB 0x0000000087600000| Complete 
| 119|0x0000000087700000, 0x0000000087800000, 0x0000000087800000|100%| E|CS|TAMS 0x0000000087700000| PB 0x0000000087700000| Complete 
| 120|0x0000000087800000, 0x0000000087900000, 0x0000000087900000|100%| E|CS|TAMS 0x0000000087800000| PB 0x0000000087800000| Complete 
| 121|0x0000000087900000, 0x0000000087a00000, 0x0000000087a00000|100%| E|  |TAMS 0x0000000087900000| PB 0x0000000087900000| Complete 
| 122|0x0000000087a00000, 0x0000000087b00000, 0x0000000087b00000|100%| E|CS|TAMS 0x0000000087a00000| PB 0x0000000087a00000| Complete 
| 123|0x0000000087b00000, 0x0000000087c00000, 0x0000000087c00000|100%| E|CS|TAMS 0x0000000087b00000| PB 0x0000000087b00000| Complete 
| 124|0x0000000087c00000, 0x0000000087d00000, 0x0000000087d00000|100%| E|CS|TAMS 0x0000000087c00000| PB 0x0000000087c00000| Complete 
| 125|0x0000000087d00000, 0x0000000087e00000, 0x0000000087e00000|100%| E|CS|TAMS 0x0000000087d00000| PB 0x0000000087d00000| Complete 
| 126|0x0000000087e00000, 0x0000000087f00000, 0x0000000087f00000|100%| E|CS|TAMS 0x0000000087e00000| PB 0x0000000087e00000| Complete 
| 127|0x0000000087f00000, 0x0000000088000000, 0x0000000088000000|100%| E|CS|TAMS 0x0000000087f00000| PB 0x0000000087f00000| Complete 

Card table byte_map: [0x000001759c560000,0x000001759c960000] _byte_map_base: 0x000001759c160000

Marking Bits: (CMBitMap*) 0x00000175888fb150
 Bits: [0x000001759c960000, 0x000001759e960000)

Polling page: 0x0000017588060000

Metaspace:

Usage:
  Non-class:      5.95 MB used.
      Class:    920.95 KB used.
       Both:      6.85 MB used.

Virtual space:
  Non-class space:       64.00 MB reserved,       6.12 MB ( 10%) committed,  1 nodes.
      Class space:        1.00 GB reserved,       1.06 MB ( <1%) committed,  1 nodes.
             Both:        1.06 GB reserved,       7.19 MB ( <1%) committed. 

Chunk freelists:
   Non-Class:  8.51 MB
       Class:  14.95 MB
        Both:  23.46 MB

MaxMetaspaceSize: unlimited
CompressedClassSpaceSize: 1.00 GB
Initial GC threshold: 21.00 MB
Current GC threshold: 21.00 MB
CDS: on
 - commit_granule_bytes: 65536.
 - commit_granule_words: 8192.
 - virtual_space_node_default_size: 8388608.
 - enlarge_chunks_in_place: 1.
 - use_allocation_guard: 0.


Internal statistics:

num_allocs_failed_limit: 0.
num_arena_births: 404.
num_arena_deaths: 0.
num_vsnodes_births: 2.
num_vsnodes_deaths: 0.
num_space_committed: 115.
num_space_uncommitted: 0.
num_chunks_returned_to_freelist: 0.
num_chunks_taken_from_freelist: 683.
num_chunk_merges: 0.
num_chunk_splits: 416.
num_chunks_enlarged: 186.
num_inconsistent_stats: 0.

CodeHeap 'non-profiled nmethods': size=119168Kb used=650Kb max_used=650Kb free=118517Kb
 bounds [0x0000017594480000, 0x00000175946f0000, 0x000001759b8e0000]
CodeHeap 'profiled nmethods': size=119104Kb used=3562Kb max_used=3562Kb free=115541Kb
 bounds [0x000001758c8e0000, 0x000001758cc60000, 0x0000017593d30000]
CodeHeap 'non-nmethods': size=7488Kb used=3171Kb max_used=3188Kb free=4316Kb
 bounds [0x0000017593d30000, 0x0000017594060000, 0x0000017594480000]
CodeCache: size=245760Kb, used=7383Kb, max_used=7400Kb, free=238374Kb
 total_blobs=2514, nmethods=1956, adapters=459, full_count=0
Compilation: enabled, stopped_count=0, restarted_count=0

Compilation events (20 events):
Event: 1.134 Thread 0x00000175a1b95c30 1934       4       java.lang.String::<init> (99 bytes)
Event: 1.135 Thread 0x00000175a1b94e90 nmethod 1926 0x0000017594520a90 code [0x0000017594520c20, 0x0000017594520ee0]
Event: 1.135 Thread 0x00000175a1b92c80 1935       3       sun.util.locale.LocaleUtils::isUpper (18 bytes)
Event: 1.135 Thread 0x00000175a1b92c80 nmethod 1935 0x000001758cc4f010 code [0x000001758cc4f1a0, 0x000001758cc4f310]
Event: 1.137 Thread 0x00000175a1b93350 1936       3       java.util.regex.Pattern$$Lambda/0x800000056::is (9 bytes)
Event: 1.137 Thread 0x00000175a1b947c0 1938       3       java.util.regex.Pattern$BmpCharPropertyGreedy::match (89 bytes)
Event: 1.137 Thread 0x00000175a1b95560 1937       3       java.util.regex.Pattern::lambda$Single$14 (11 bytes)
Event: 1.138 Thread 0x00000175a1b93350 nmethod 1936 0x000001758cc4f390 code [0x000001758cc4f540, 0x000001758cc4f700]
Event: 1.138 Thread 0x00000175a1b95560 nmethod 1937 0x000001758cc4f790 code [0x000001758cc4f920, 0x000001758cc4fa60]
Event: 1.138 Thread 0x00000175a1b93350 1939       3       java.lang.String::subSequence (7 bytes)
Event: 1.138 Thread 0x00000175a1b92c80 1940       3       java.util.regex.Pattern$LastNode::match (45 bytes)
Event: 1.138 Thread 0x00000175a1b947c0 nmethod 1938 0x000001758cc4fb10 code [0x000001758cc4fd00, 0x000001758cc50330]
Event: 1.138 Thread 0x00000175a1b92c80 nmethod 1940 0x000001758cc50510 code [0x000001758cc506c0, 0x000001758cc508c0]
Event: 1.138 Thread 0x00000175a1b93350 nmethod 1939 0x000001758cc50a10 code [0x000001758cc50bc0, 0x000001758cc50cf8]
Event: 1.138 Thread 0x00000175a1b94e90 1941       4       java.util.regex.Matcher::search (154 bytes)
Event: 1.138 Thread 0x00000175a1b70b70 1942       4       java.util.regex.Pattern$$Lambda/0x800000056::is (9 bytes)
Event: 1.139 Thread 0x00000175a1b95c30 nmethod 1934 0x0000017594521010 code [0x00000175945211c0, 0x0000017594521778]
Event: 1.139 Thread 0x00000175a1b95c30 1943       4       java.util.regex.Pattern$BmpCharPropertyGreedy::match (89 bytes)
Event: 1.139 Thread 0x00000175a1b93350 1944       3       java.util.ImmutableCollections$SetN::<init> (90 bytes)
Event: 1.139 Thread 0x00000175a1b70b70 nmethod 1942 0x0000017594521a10 code [0x0000017594521ba0, 0x0000017594521c38]

GC Heap History (2 events):
Event: 0.623 GC heap before
{Heap before GC invocations=0 (full 0):
 garbage-first heap   total 131072K, used 27648K [0x0000000080000000, 0x0000000100000000)
  region size 1024K, 23 young (23552K), 0 survivors (0K)
 Metaspace       used 5112K, committed 5504K, reserved 1114112K
  class space    used 702K, committed 896K, reserved 1048576K
}
Event: 0.630 GC heap after
{Heap after GC invocations=1 (full 0):
 garbage-first heap   total 131072K, used 8972K [0x0000000080000000, 0x0000000100000000)
  region size 1024K, 3 young (3072K), 3 survivors (3072K)
 Metaspace       used 5112K, committed 5504K, reserved 1114112K
  class space    used 702K, committed 896K, reserved 1048576K
}

Dll operation events (2 events):
Event: 0.012 Loaded shared library C:\Program Files\JetBrains\IntelliJ IDEA 2025.2.3\jbr\bin\java.dll
Event: 0.074 Loaded shared library C:\Program Files\JetBrains\IntelliJ IDEA 2025.2.3\jbr\bin\zip.dll

Deoptimization events (20 events):
Event: 1.103 Thread 0x00000175e85206e0 Uncommon trap: trap_request=0xffffff66 fr.pc=0x0000017594518df8 relative=0x0000000000000318
Event: 1.103 Thread 0x00000175e85206e0 Uncommon trap: reason=speculate_class_check action=maybe_recompile pc=0x0000017594518df8 method=sun.security.util.math.intpoly.IntegerPolynomial.multByInt([JJ)V @ 26 c2
Event: 1.103 Thread 0x00000175e85206e0 DEOPT PACKING pc=0x0000017594518df8 sp=0x00000012611fd9a0
Event: 1.103 Thread 0x00000175e85206e0 DEOPT UNPACKING pc=0x0000017593d846a2 sp=0x00000012611fd888 mode 2
Event: 1.103 Thread 0x00000175e85206e0 Uncommon trap: trap_request=0xffffff66 fr.pc=0x0000017594518df8 relative=0x0000000000000318
Event: 1.103 Thread 0x00000175e85206e0 Uncommon trap: reason=speculate_class_check action=maybe_recompile pc=0x0000017594518df8 method=sun.security.util.math.intpoly.IntegerPolynomial.multByInt([JJ)V @ 26 c2
Event: 1.103 Thread 0x00000175e85206e0 DEOPT PACKING pc=0x0000017594518df8 sp=0x00000012611fd9a0
Event: 1.104 Thread 0x00000175e85206e0 DEOPT UNPACKING pc=0x0000017593d846a2 sp=0x00000012611fd888 mode 2
Event: 1.104 Thread 0x00000175e85206e0 Uncommon trap: trap_request=0xffffff66 fr.pc=0x0000017594518df8 relative=0x0000000000000318
Event: 1.104 Thread 0x00000175e85206e0 Uncommon trap: reason=speculate_class_check action=maybe_recompile pc=0x0000017594518df8 method=sun.security.util.math.intpoly.IntegerPolynomial.multByInt([JJ)V @ 26 c2
Event: 1.104 Thread 0x00000175e85206e0 DEOPT PACKING pc=0x0000017594518df8 sp=0x00000012611fd9a0
Event: 1.104 Thread 0x00000175e85206e0 DEOPT UNPACKING pc=0x0000017593d846a2 sp=0x00000012611fd888 mode 2
Event: 1.104 Thread 0x00000175e85206e0 Uncommon trap: trap_request=0xffffff66 fr.pc=0x0000017594518078 relative=0x0000000000000318
Event: 1.104 Thread 0x00000175e85206e0 Uncommon trap: reason=speculate_class_check action=maybe_recompile pc=0x0000017594518078 method=sun.security.util.math.intpoly.IntegerPolynomial.multByInt([JJ)V @ 26 c2
Event: 1.104 Thread 0x00000175e85206e0 DEOPT PACKING pc=0x0000017594518078 sp=0x00000012611fd930
Event: 1.104 Thread 0x00000175e85206e0 DEOPT UNPACKING pc=0x0000017593d846a2 sp=0x00000012611fd880 mode 2
Event: 1.104 Thread 0x00000175e85206e0 Uncommon trap: trap_request=0xffffff66 fr.pc=0x0000017594518078 relative=0x0000000000000318
Event: 1.104 Thread 0x00000175e85206e0 Uncommon trap: reason=speculate_class_check action=maybe_recompile pc=0x0000017594518078 method=sun.security.util.math.intpoly.IntegerPolynomial.multByInt([JJ)V @ 26 c2
Event: 1.104 Thread 0x00000175e85206e0 DEOPT PACKING pc=0x0000017594518078 sp=0x00000012611fd930
Event: 1.104 Thread 0x00000175e85206e0 DEOPT UNPACKING pc=0x0000017593d846a2 sp=0x00000012611fd880 mode 2

Classes loaded (20 events):
Event: 0.884 Loading class javax/crypto/NoSuchPaddingException
Event: 0.884 Loading class javax/crypto/NoSuchPaddingException done
Event: 0.884 Loading class javax/security/auth/callback/UnsupportedCallbackException
Event: 0.884 Loading class javax/security/auth/callback/UnsupportedCallbackException done
Event: 0.884 Loading class sun/security/ssl/AbstractKeyManagerWrapper
Event: 0.885 Loading class sun/security/ssl/AbstractKeyManagerWrapper done
Event: 0.902 Loading class sun/security/provider/certpath/ldap/JdkLDAP
Event: 0.902 Loading class sun/security/provider/certpath/ldap/JdkLDAP done
Event: 0.903 Loading class sun/security/provider/certpath/ldap/JdkLDAP$ProviderService
Event: 0.903 Loading class sun/security/provider/certpath/ldap/JdkLDAP$ProviderService done
Event: 0.903 Loading class com/sun/security/sasl/Provider
Event: 0.903 Loading class com/sun/security/sasl/Provider done
Event: 0.903 Loading class com/sun/security/sasl/Provider$1
Event: 0.903 Loading class com/sun/security/sasl/Provider$1 done
Event: 0.903 Loading class com/sun/security/sasl/Provider$ProviderService
Event: 0.903 Loading class com/sun/security/sasl/Provider$ProviderService done
Event: 1.123 Loading class jdk/internal/event/X509CertificateEvent
Event: 1.124 Loading class jdk/internal/event/X509CertificateEvent done
Event: 1.133 Loading class jdk/internal/event/TLSHandshakeEvent
Event: 1.133 Loading class jdk/internal/event/TLSHandshakeEvent done

Classes unloaded (0 events):
No events

Classes redefined (0 events):
No events

Internal exceptions (20 events):
Event: 0.502 Thread 0x00000175e805ee40 Exception <a 'java/lang/NoSuchMethodError'{0x0000000086e3fe78}: 'long java.lang.invoke.Invokers$Holder.invokeExact_MT(java.lang.Object, java.lang.Object)'> (0x0000000086e3fe78) 
thrown [s\src\hotspot\share\interpreter\linkResolver.cpp, line 784]
Event: 0.512 Thread 0x00000175e816d5b0 Exception <a 'java/lang/NoSuchMethodError'{0x0000000086ec0bb8}: 'void java.lang.invoke.DirectMethodHandle$Holder.invokeSpecial(java.lang.Object, java.lang.Object, java.lang.Object)'> (0x0000000086ec0bb8) 
thrown [s\src\hotspot\share\interpreter\linkResolver.cpp, line 784]
Event: 0.512 Thread 0x00000175e805ee40 Exception <a 'java/lang/NoSuchMethodError'{0x0000000086e6d360}: 'void java.lang.invoke.DirectMethodHandle$Holder.invokeSpecial(java.lang.Object, java.lang.Object, java.lang.Object)'> (0x0000000086e6d360) 
thrown [s\src\hotspot\share\interpreter\linkResolver.cpp, line 784]
Event: 0.525 Thread 0x00000175e851f860 Exception <a 'java/lang/NoSuchMethodError'{0x0000000086d9a178}: static [B.<clinit>()V> (0x0000000086d9a178) 
thrown [s\src\hotspot\share\prims\jni.cpp, line 1144]
Event: 0.525 Thread 0x00000175e85206e0 Exception <a 'java/lang/NoSuchMethodError'{0x0000000086c0f180}: static [B.<clinit>()V> (0x0000000086c0f180) 
thrown [s\src\hotspot\share\prims\jni.cpp, line 1144]
Event: 0.527 Thread 0x00000175e85206e0 Exception <a 'java/lang/NoSuchMethodError'{0x0000000086c10a50}: 'int java.lang.invoke.DirectMethodHandle$Holder.invokeInterface(java.lang.Object, java.lang.Object)'> (0x0000000086c10a50) 
thrown [s\src\hotspot\share\interpreter\linkResolver.cpp, line 784]
Event: 0.527 Thread 0x00000175e851f860 Exception <a 'java/lang/NoSuchMethodError'{0x0000000086d9bc58}: 'long java.lang.invoke.DirectMethodHandle$Holder.invokeInterface(java.lang.Object, java.lang.Object)'> (0x0000000086d9bc58) 
thrown [s\src\hotspot\share\interpreter\linkResolver.cpp, line 784]
Event: 0.544 Thread 0x00000175e85206e0 Exception <a 'java/lang/NoSuchMethodError'{0x0000000086c6d650}: static [Ljava/rmi/server/ObjID;.<clinit>()V> (0x0000000086c6d650) 
thrown [s\src\hotspot\share\prims\jni.cpp, line 1144]
Event: 0.547 Thread 0x00000175e84979c0 Exception <a 'java/lang/NoSuchMethodError'{0x0000000086c77408}: 'java.lang.Object java.lang.invoke.DirectMethodHandle$Holder.invokeSpecial(java.lang.Object, java.lang.Object, int, java.lang.Object, long)'> (0x0000000086c77408) 
thrown [s\src\hotspot\share\interpreter\linkResolver.cpp, line 784]
Event: 0.548 Thread 0x00000175e84979c0 Exception <a 'java/lang/NoSuchMethodError'{0x0000000086c7e1c0}: 'java.lang.Object java.lang.invoke.DirectMethodHandle$Holder.newInvokeSpecial(java.lang.Object, java.lang.Object, int, java.lang.Object, long)'> (0x0000000086c7e1c0) 
thrown [s\src\hotspot\share\interpreter\linkResolver.cpp, line 784]
Event: 0.550 Thread 0x00000175e85206e0 Exception <a 'java/lang/NoSuchMethodError'{0x0000000086cfaab0}: 'void java.lang.invoke.Invokers$Holder.linkToTargetMethod(java.lang.Object, java.lang.Object)'> (0x0000000086cfaab0) 
thrown [s\src\hotspot\share\interpreter\linkResolver.cpp, line 784]
Event: 0.551 Thread 0x00000175e85206e0 Exception <a 'java/lang/NoSuchMethodError'{0x0000000086cff908}: 'void java.lang.invoke.DirectMethodHandle$Holder.invokeInterface(java.lang.Object, java.lang.Object)'> (0x0000000086cff908) 
thrown [s\src\hotspot\share\interpreter\linkResolver.cpp, line 784]
Event: 0.578 Thread 0x00000175e85206e0 Exception <a 'java/lang/NoSuchMethodError'{0x0000000086bcf748}: 'java.lang.Object java.lang.invoke.DirectMethodHandle$Holder.invokeInterface(java.lang.Object, java.lang.Object, java.lang.Object, java.lang.Object, java.lang.Object)'> (0x0000000086bcf748) 
thrown [s\src\hotspot\share\interpreter\linkResolver.cpp, line 784]
Event: 0.579 Thread 0x00000175e85206e0 Exception <a 'java/lang/NoSuchMethodError'{0x0000000086be2b00}: 'java.lang.Object java.lang.invoke.Invokers$Holder.invokeExact_MT(java.lang.Object, java.lang.Object, java.lang.Object, java.lang.Object, java.lang.Object, java.lang.Object)'> (0x0000000086be2b00) 
thrown [s\src\hotspot\share\interpreter\linkResolver.cpp, line 784]
Event: 0.637 Thread 0x00000175e85206e0 Exception <a 'java/lang/NoSuchMethodError'{0x0000000087f43c20}: method resolution failed> (0x0000000087f43c20) 
thrown [s\src\hotspot\share\prims\methodHandles.cpp, line 1144]
Event: 0.639 Thread 0x00000175e85206e0 Exception <a 'java/lang/NoSuchMethodError'{0x0000000087f4dbe0}: 'java.lang.Object java.lang.invoke.Invokers$Holder.invokeExact_MT(java.lang.Object, java.lang.Object, java.lang.Object, java.lang.Object, java.lang.Object)'> (0x0000000087f4dbe0) 
thrown [s\src\hotspot\share\interpreter\linkResolver.cpp, line 784]
Event: 0.649 Thread 0x00000175e85206e0 Exception <a 'java/lang/NoSuchMethodError'{0x0000000087e29fd8}: 'java.lang.Object java.lang.invoke.DirectMethodHandle$Holder.invokeVirtual(java.lang.Object, java.lang.Object, java.lang.Object, java.lang.Object)'> (0x0000000087e29fd8) 
thrown [s\src\hotspot\share\interpreter\linkResolver.cpp, line 784]
Event: 0.650 Thread 0x00000175e85206e0 Exception <a 'java/lang/NoSuchMethodError'{0x0000000087e31ba0}: 'void java.lang.invoke.DirectMethodHandle$Holder.invokeStatic(java.lang.Object, java.lang.Object, java.lang.Object, java.lang.Object)'> (0x0000000087e31ba0) 
thrown [s\src\hotspot\share\interpreter\linkResolver.cpp, line 784]
Event: 0.659 Thread 0x00000175e85206e0 Exception <a 'java/lang/IncompatibleClassChangeError'{0x0000000087ea16e0}: Found class java.lang.Object, but interface was expected> (0x0000000087ea16e0) 
thrown [s\src\hotspot\share\interpreter\linkResolver.cpp, line 851]
Event: 0.855 Thread 0x00000175e85206e0 Exception <a 'sun/nio/fs/WindowsException'{0x0000000087ce83f8}> (0x0000000087ce83f8) 
thrown [s\src\hotspot\share\prims\jni.cpp, line 537]

ZGC Phase Switch (0 events):
No events

VM Operations (20 events):
Event: 0.486 Executing VM operation: ICBufferFull
Event: 0.486 Executing VM operation: ICBufferFull done
Event: 0.583 Executing VM operation: HandshakeAllThreads (Deoptimize)
Event: 0.583 Executing VM operation: HandshakeAllThreads (Deoptimize) done
Event: 0.623 Executing VM operation: G1CollectForAllocation (G1 Evacuation Pause)
Event: 0.630 Executing VM operation: G1CollectForAllocation (G1 Evacuation Pause) done
Event: 0.838 Executing VM operation: HandshakeAllThreads (Deoptimize)
Event: 0.838 Executing VM operation: HandshakeAllThreads (Deoptimize) done
Event: 0.840 Executing VM operation: HandshakeAllThreads (Deoptimize)
Event: 0.840 Executing VM operation: HandshakeAllThreads (Deoptimize) done
Event: 0.856 Executing VM operation: HandshakeAllThreads (Deoptimize)
Event: 0.856 Executing VM operation: HandshakeAllThreads (Deoptimize) done
Event: 0.861 Executing VM operation: HandshakeAllThreads (Deoptimize)
Event: 0.861 Executing VM operation: HandshakeAllThreads (Deoptimize) done
Event: 0.882 Executing VM operation: HandshakeAllThreads (Deoptimize)
Event: 0.882 Executing VM operation: HandshakeAllThreads (Deoptimize) done
Event: 0.927 Executing VM operation: HandshakeAllThreads (Deoptimize)
Event: 0.927 Executing VM operation: HandshakeAllThreads (Deoptimize) done
Event: 1.117 Executing VM operation: HandshakeAllThreads (Deoptimize)
Event: 1.117 Executing VM operation: HandshakeAllThreads (Deoptimize) done

Memory protections (0 events):
No events

Nmethod flushes (0 events):
No events

Events (20 events):
Event: 0.124 Loaded shared library C:\Program Files\JetBrains\IntelliJ IDEA 2025.2.3\jbr\bin\zip.dll
Event: 0.150 Loaded shared library C:\Program Files\JetBrains\IntelliJ IDEA 2025.2.3\jbr\bin\jimage.dll
Event: 0.376 Thread 0x00000175a1b947c0 Thread added: 0x00000175a1b95560
Event: 0.441 Loaded shared library C:\Program Files\JetBrains\IntelliJ IDEA 2025.2.3\jbr\bin\extnet.dll
Event: 0.446 Thread 0x000001758654a7b0 Thread added: 0x00000175e80348a0
Event: 0.457 Thread 0x000001758654a7b0 Thread added: 0x00000175e82faef0
Event: 0.457 Thread 0x000001758654a7b0 Thread added: 0x00000175e8389e00
Event: 0.459 Loaded shared library C:\Program Files\JetBrains\IntelliJ IDEA 2025.2.3\jbr\bin\rmi.dll
Event: 0.459 Thread 0x000001758654a7b0 Thread added: 0x00000175e838a470
Event: 0.485 Thread 0x00000175e80348a0 Thread added: 0x00000175e816d5b0
Event: 0.485 Thread 0x00000175e80348a0 Thread added: 0x00000175e805ee40
Event: 0.515 Thread 0x00000175e816d5b0 Thread added: 0x00000175e8169370
Event: 0.516 Thread 0x00000175e82faef0 Thread added: 0x00000175e851f860
Event: 0.516 Thread 0x00000175e82faef0 Thread added: 0x00000175e85206e0
Event: 0.540 Thread 0x00000175e85206e0 Thread added: 0x00000175e84979c0
Event: 0.761 Loaded shared library C:\Program Files\JetBrains\IntelliJ IDEA 2025.2.3\jbr\bin\management.dll
Event: 0.764 Loaded shared library C:\Program Files\JetBrains\IntelliJ IDEA 2025.2.3\jbr\bin\management_ext.dll
Event: 0.890 Loaded shared library C:\Program Files\JetBrains\IntelliJ IDEA 2025.2.3\jbr\bin\sunmscapi.dll
Event: 0.961 Thread 0x00000175a1b95560 Thread added: 0x00000175a1b925b0
Event: 0.972 Thread 0x00000175a1b92c80 Thread added: 0x00000175a1b95c30


Dynamic libraries:
0x00007ff7c5630000 - 0x00007ff7c563a000 	C:\Program Files\JetBrains\IntelliJ IDEA 2025.2.3\jbr\bin\java.exe
0x00007ffc937e0000 - 0x00007ffc93a47000 	C:\WINDOWS\SYSTEM32\ntdll.dll
0x00007ffc93020000 - 0x00007ffc930e9000 	C:\WINDOWS\System32\KERNEL32.DLL
0x00007ffc91180000 - 0x00007ffc9156f000 	C:\WINDOWS\System32\KERNELBASE.dll
0x00007ffc90d40000 - 0x00007ffc90e8b000 	C:\WINDOWS\System32\ucrtbase.dll
0x00007ffc76380000 - 0x00007ffc7639b000 	C:\Program Files\JetBrains\IntelliJ IDEA 2025.2.3\jbr\bin\VCRUNTIME140.dll
0x00007ffc762e0000 - 0x00007ffc762f8000 	C:\Program Files\JetBrains\IntelliJ IDEA 2025.2.3\jbr\bin\jli.dll
0x00007ffc91f70000 - 0x00007ffc92135000 	C:\WINDOWS\System32\USER32.dll
0x00007ffc91150000 - 0x00007ffc91177000 	C:\WINDOWS\System32\win32u.dll
0x00007ffc6e0f0000 - 0x00007ffc6e383000 	C:\WINDOWS\WinSxS\amd64_microsoft.windows.common-controls_6595b64144ccf1df_6.0.26100.7309_none_3e05feeae336a044\COMCTL32.dll
0x00007ffc936a0000 - 0x00007ffc936cb000 	C:\WINDOWS\System32\GDI32.dll
0x00007ffc92220000 - 0x00007ffc922c9000 	C:\WINDOWS\System32\msvcrt.dll
0x00007ffc90930000 - 0x00007ffc90a5c000 	C:\WINDOWS\System32\gdi32full.dll
0x00007ffc90e90000 - 0x00007ffc90f33000 	C:\WINDOWS\System32\msvcp_win.dll
0x00007ffc91a90000 - 0x00007ffc91ac1000 	C:\WINDOWS\System32\IMM32.DLL
0x00007ffc8b310000 - 0x00007ffc8b31c000 	C:\Program Files\JetBrains\IntelliJ IDEA 2025.2.3\jbr\bin\vcruntime140_1.dll
0x00007ffc4cd50000 - 0x00007ffc4cddd000 	C:\Program Files\JetBrains\IntelliJ IDEA 2025.2.3\jbr\bin\msvcp140.dll
0x00007ffb9f930000 - 0x00007ffba06fb000 	C:\Program Files\JetBrains\IntelliJ IDEA 2025.2.3\jbr\bin\server\jvm.dll
0x00007ffc92140000 - 0x00007ffc921f4000 	C:\WINDOWS\System32\ADVAPI32.dll
0x00007ffc936d0000 - 0x00007ffc93776000 	C:\WINDOWS\System32\sechost.dll
0x00007ffc92450000 - 0x00007ffc92568000 	C:\WINDOWS\System32\RPCRT4.dll
0x00007ffc92710000 - 0x00007ffc92784000 	C:\WINDOWS\System32\WS2_32.dll
0x00007ffc90110000 - 0x00007ffc9016e000 	C:\WINDOWS\SYSTEM32\POWRPROF.dll
0x00007ffc85df0000 - 0x00007ffc85dfb000 	C:\WINDOWS\SYSTEM32\VERSION.dll
0x00007ffc82a50000 - 0x00007ffc82a85000 	C:\WINDOWS\SYSTEM32\WINMM.dll
0x00007ffc900f0000 - 0x00007ffc90104000 	C:\WINDOWS\SYSTEM32\UMPDC.dll
0x00007ffc8f6e0000 - 0x00007ffc8f6fb000 	C:\WINDOWS\SYSTEM32\kernel.appcore.dll
0x00007ffc715c0000 - 0x00007ffc715ca000 	C:\Program Files\JetBrains\IntelliJ IDEA 2025.2.3\jbr\bin\jimage.dll
0x00007ffc8d740000 - 0x00007ffc8d982000 	C:\WINDOWS\SYSTEM32\DBGHELP.DLL
0x00007ffc93310000 - 0x00007ffc93696000 	C:\WINDOWS\System32\combase.dll
0x00007ffc92370000 - 0x00007ffc92446000 	C:\WINDOWS\System32\OLEAUT32.dll
0x00007ffc6ba20000 - 0x00007ffc6ba5c000 	C:\WINDOWS\SYSTEM32\dbgcore.DLL
0x00007ffc90c90000 - 0x00007ffc90d35000 	C:\WINDOWS\System32\bcryptPrimitives.dll
0x00007ffc715f0000 - 0x00007ffc71610000 	C:\Program Files\JetBrains\IntelliJ IDEA 2025.2.3\jbr\bin\java.dll
0x00007ffc928c0000 - 0x00007ffc93013000 	C:\WINDOWS\System32\SHELL32.dll
0x00007ffc90a60000 - 0x00007ffc90bca000 	C:\WINDOWS\System32\wintypes.dll
0x00007ffc8e500000 - 0x00007ffc8ed5e000 	C:\WINDOWS\SYSTEM32\windows.storage.dll
0x00007ffc927c0000 - 0x00007ffc928b4000 	C:\WINDOWS\System32\SHCORE.dll
0x00007ffc91e80000 - 0x00007ffc91ee6000 	C:\WINDOWS\System32\shlwapi.dll
0x00007ffc90850000 - 0x00007ffc90879000 	C:\WINDOWS\SYSTEM32\profapi.dll
0x00007ffc715d0000 - 0x00007ffc715e8000 	C:\Program Files\JetBrains\IntelliJ IDEA 2025.2.3\jbr\bin\zip.dll
0x00007ffc71440000 - 0x00007ffc71450000 	C:\Program Files\JetBrains\IntelliJ IDEA 2025.2.3\jbr\bin\net.dll
0x00007ffc8a600000 - 0x00007ffc8a728000 	C:\WINDOWS\SYSTEM32\WINHTTP.dll
0x00007ffc8fc50000 - 0x00007ffc8fcbb000 	C:\WINDOWS\system32\mswsock.dll
0x00007ffc668d0000 - 0x00007ffc668e6000 	C:\Program Files\JetBrains\IntelliJ IDEA 2025.2.3\jbr\bin\nio.dll
0x00007ffc8f160000 - 0x00007ffc8f194000 	C:\WINDOWS\SYSTEM32\IPHLPAPI.DLL
0x00007ffc92200000 - 0x00007ffc9220a000 	C:\WINDOWS\System32\NSI.dll
0x00007ffc8ff10000 - 0x00007ffc8ff2b000 	C:\WINDOWS\SYSTEM32\CRYPTSP.dll
0x00007ffc8f640000 - 0x00007ffc8f67a000 	C:\WINDOWS\system32\rsaenh.dll
0x00007ffc8fd00000 - 0x00007ffc8fd2b000 	C:\WINDOWS\SYSTEM32\USERENV.dll
0x00007ffc90820000 - 0x00007ffc9084a000 	C:\WINDOWS\SYSTEM32\bcrypt.dll
0x00007ffc8ff30000 - 0x00007ffc8ff3c000 	C:\WINDOWS\SYSTEM32\CRYPTBASE.dll
0x00007ffc588e0000 - 0x00007ffc588e9000 	C:\Program Files\JetBrains\IntelliJ IDEA 2025.2.3\jbr\bin\extnet.dll
0x00007ffc76310000 - 0x00007ffc76317000 	C:\Program Files\JetBrains\IntelliJ IDEA 2025.2.3\jbr\bin\rmi.dll
0x00007ffc8f1a0000 - 0x00007ffc8f2cc000 	C:\WINDOWS\SYSTEM32\DNSAPI.dll
0x00007ffc892e0000 - 0x00007ffc892eb000 	C:\Windows\System32\rasadhlp.dll
0x00007ffc8ad90000 - 0x00007ffc8ae16000 	C:\WINDOWS\System32\fwpuclnt.dll
0x00007ffc588d0000 - 0x00007ffc588d9000 	C:\Program Files\JetBrains\IntelliJ IDEA 2025.2.3\jbr\bin\management.dll
0x00007ffc56bf0000 - 0x00007ffc56bfb000 	C:\Program Files\JetBrains\IntelliJ IDEA 2025.2.3\jbr\bin\management_ext.dll
0x00007ffc93240000 - 0x00007ffc93248000 	C:\WINDOWS\System32\PSAPI.DLL
0x00007ffc61020000 - 0x00007ffc6102e000 	C:\Program Files\JetBrains\IntelliJ IDEA 2025.2.3\jbr\bin\sunmscapi.dll
0x00007ffc90f40000 - 0x00007ffc910b7000 	C:\WINDOWS\System32\CRYPT32.dll
0x00007ffc90250000 - 0x00007ffc90280000 	C:\WINDOWS\SYSTEM32\ncrypt.dll
0x00007ffc90200000 - 0x00007ffc9023f000 	C:\WINDOWS\SYSTEM32\NTASN1.dll

JVMTI agents: none

dbghelp: loaded successfully - version: 4.0.5 - missing functions: none
symbol engine: initialized successfully - sym options: 0x614 - pdb path: .;C:\Program Files\JetBrains\IntelliJ IDEA 2025.2.3\jbr\bin;C:\WINDOWS\SYSTEM32;C:\WINDOWS\WinSxS\amd64_microsoft.windows.common-controls_6595b64144ccf1df_6.0.26100.7309_none_3e05feeae336a044;C:\Program Files\JetBrains\IntelliJ IDEA 2025.2.3\jbr\bin\server

VM Arguments:
jvm_args: -Djava.rmi.server.hostname=127.0.0.1 -Duser.timezone=UTC -Xmx2048m -Xms128m -Djdbc.classpath=C:\Users\Jeyer\AppData\Local\Temp\RemoteDriver6.classpath.txt --add-exports=java.desktop/sun.awt=ALL-UNNAMED --add-exports=java.desktop/java.awt.peer=ALL-UNNAMED --add-opens=java.desktop/java.awt=ALL-UNNAMED --add-opens=jdk.unsupported/sun.misc=ALL-UNNAMED --add-opens=java.base/java.nio=ALL-UNNAMED --add-opens=java.base/java.util=ALL-UNNAMED -Dfile.encoding=UTF-8 -Dsun.stdout.encoding=UTF-8 -Dsun.stderr.encoding=UTF-8 
java_command: com.intellij.database.remote.RemoteJdbcServer org.postgresql.Driver
java_class_path (initial): C:\Program Files\JetBrains\IntelliJ IDEA 2025.2.3\lib\util_rt.jar;C:\Program Files\JetBrains\IntelliJ IDEA 2025.2.3\lib\util-8.jar;C:\Program Files\JetBrains\IntelliJ IDEA 2025.2.3\lib\groovy.jar;C:\Program Files\JetBrains\IntelliJ IDEA 2025.2.3\plugins\DatabaseTools\lib\jdbc-console.jar;C:\Program Files\JetBrains\IntelliJ IDEA 2025.2.3\lib\modules\intellij.grid.types.jar;C:\Program Files\JetBrains\IntelliJ IDEA 2025.2.3\lib\util.jar;C:\Program Files\JetBrains\IntelliJ IDEA 2025.2.3\lib\bouncy-castle.jar
Launcher Type: SUN_STANDARD

[Global flags]
     intx CICompilerCount                          = 12                                        {product} {ergonomic}
     uint ConcGCThreads                            = 3                                         {product} {ergonomic}
     uint G1ConcRefinementThreads                  = 13                                        {product} {ergonomic}
   size_t G1HeapRegionSize                         = 1048576                                   {product} {ergonomic}
    uintx GCDrainStackTargetSize                   = 64                                        {product} {ergonomic}
   size_t InitialHeapSize                          = 134217728                                 {product} {command line}
   size_t MarkStackSize                            = 4194304                                   {product} {ergonomic}
   size_t MaxHeapSize                              = 2147483648                                {product} {command line}
   size_t MaxNewSize                               = 1287651328                                {product} {ergonomic}
   size_t MinHeapDeltaBytes                        = 1048576                                   {product} {ergonomic}
   size_t MinHeapSize                              = 134217728                                 {product} {command line}
    uintx NonNMethodCodeHeapSize                   = 7602480                                {pd product} {ergonomic}
    uintx NonProfiledCodeHeapSize                  = 122027880                              {pd product} {ergonomic}
    uintx ProfiledCodeHeapSize                     = 122027880                              {pd product} {ergonomic}
    uintx ReservedCodeCacheSize                    = 251658240                              {pd product} {ergonomic}
     bool SegmentedCodeCache                       = true                                      {product} {ergonomic}
   size_t SoftMaxHeapSize                          = 2147483648                             {manageable} {ergonomic}
     bool UseCompressedOops                        = true                           {product lp64_product} {ergonomic}
     bool UseG1GC                                  = true                                      {product} {ergonomic}
     bool UseLargePagesIndividualAllocation        = false                                  {pd product} {ergonomic}

Logging:
Log output configuration:
 #0: stdout all=warning uptime,level,tags foldmultilines=false
 #1: stderr all=off uptime,level,tags foldmultilines=false

Environment Variables:
JAVA_HOME=C:\Program Files\Java\jdk-17
PATH=C:\Program Files\Microsoft\jdk-17.0.10.7-hotspot\bin;C:\Program Files\Common Files\Oracle\Java\javapath;C:\ProgramData\chocolatey\bin;C:\Program Files\MySQL\mysql-8.0.39-winx64\bin;C:\Windows\System32;C:\Program Files (x86)\NVIDIA Corporation\PhysX\Common;C:\xampp\php;C:\WINDOWS\system32;C:\WINDOWS;C:\WINDOWS\System32\Wbem;C:\WINDOWS\System32\WindowsPowerShell\v1.0\;C:\WINDOWS\System32\OpenSSH\;C:\Program Files\Docker\Docker\resources\bin;C:\Program Files\Vagrant\bin;C:\Program Files\MySQL\MySQL Server 8.0\bin;C:\Program Files\PostgreSQL\16\bin;C:\ProgramData\nvm;C:\nvm4w\nodejs;C:\Program Files\NVIDIA Corporation\NVIDIA App\NvDLISR;C:\Program Files\Git\cmd;C:\Program Files\MySQL\MySQL Shell 8.0\bin\;C:\Users\Jeyer\AppData\Local\Programs\Python\Python311\Scripts\;C:\Users\Jeyer\AppData\Local\Programs\Python\Python311\;C:\Users\Jeyer\AppData\Local\Microsoft\WindowsApps;C:\Users\Jeyer\AppData\Local\Programs\Microsoft VS Code\bin;C:\Program Files\JetBrains\IntelliJ IDEA 2023.2.1\bin;;C:\Program Files\apache-maven-3.9.6\bin\bin;C:\Program Files\apache-maven-3.9.6\bin;C:\Users\Jeyer\AppData\Local\Programs\mongosh\;C:\Users\Jeyer\AppData\Local\Android\Sdk\platform-tools;C:\Program Files\MySQL\mysql-8.0.39-winx64\bin;C:\Users\Jeyer\Downloads\stripe_1.19.2_windows_x86_64;C:\Program Files\Gradle\gradle-8.6\bin;C:\Users\Jeyer\AppData\Local\ComposerSetup\bin;C:\Users\Jeyer\AppData\Roaming\Composer\vendor\bin;C:\Users\Jeyer\AppData\Local\GitHubDesktop\bin;C:\ProgramData\nvm;C:\nvm4w\nodejs;D:\Program Files\stripe;D:\Program Files\PostgreSQL\18\bin;
USERNAME=Jeyer
OS=Windows_NT
PROCESSOR_IDENTIFIER=Intel64 Family 6 Model 154 Stepping 3, GenuineIntel
TMP=C:\Users\Jeyer\AppData\Local\Temp
TEMP=C:\Users\Jeyer\AppData\Local\Temp




Periodic native trim disabled

JNI global refs:
JNI global refs: 27, weak refs: 0

JNI global refs memory usage: 835, weak refs: 833

Process memory usage:
Resident Set Size: 121060K (0% of 16437284K total physical memory with 1234020K free physical memory)

OOME stack traces (most recent first):
Classloader memory used:
Loader bootstrap                                                                       : 3260K
Loader jdk.internal.loader.ClassLoaders$AppClassLoader                                 : 2501K
Loader jdk.internal.loader.ClassLoaders$PlatformClassLoader                            : 734K
Loader com.intellij.database.remote.jdbc.impl.JdbcClassLoader$JdbcClassLoaderImpl      : 441K
Loader jdk.internal.reflect.DelegatingClassLoader                                      : 79312B

---------------  S Y S T E M  ---------------

OS:
 Windows 11 , 64 bit Build 26100 (10.0.26100.7309)
OS uptime: 0 days 1:36 hours
Hyper-V role detected

CPU: total 16 (initial active 16) (8 cores per cpu, 2 threads per core) family 6 model 154 stepping 3 microcode 0x42c, cx8, cmov, fxsr, ht, mmx, 3dnowpref, sse, sse2, sse3, ssse3, sse4.1, sse4.2, popcnt, lzcnt, tsc, tscinvbit, avx, avx2, aes, erms, clmul, bmi1, bmi2, adx, sha, fma, vzeroupper, clflush, clflushopt, clwb, hv, serialize, rdtscp, rdpid, fsrm, f16c, cet_ibt, cet_ss
Processor Information for processor 0
  Max Mhz: 2500, Current Mhz: 2500, Mhz Limit: 2500
Processor Information for processor 1
  Max Mhz: 2500, Current Mhz: 2500, Mhz Limit: 2500
Processor Information for processor 2
  Max Mhz: 2500, Current Mhz: 2500, Mhz Limit: 2500
Processor Information for processor 3
  Max Mhz: 2500, Current Mhz: 2500, Mhz Limit: 2500
Processor Information for processor 4
  Max Mhz: 2500, Current Mhz: 2500, Mhz Limit: 2500
Processor Information for processor 5
  Max Mhz: 2500, Current Mhz: 2500, Mhz Limit: 2500
Processor Information for processor 6
  Max Mhz: 2500, Current Mhz: 2500, Mhz Limit: 2500
Processor Information for processor 7
  Max Mhz: 2500, Current Mhz: 2500, Mhz Limit: 2500
Processor Information for processor 8
  Max Mhz: 2500, Current Mhz: 1500, Mhz Limit: 1800
Processor Information for processor 9
  Max Mhz: 2500, Current Mhz: 1500, Mhz Limit: 1800
Processor Information for processor 10
  Max Mhz: 2500, Current Mhz: 1500, Mhz Limit: 1800
Processor Information for processor 11
  Max Mhz: 2500, Current Mhz: 1500, Mhz Limit: 1800
Processor Information for processor 12
  Max Mhz: 2500, Current Mhz: 1800, Mhz Limit: 1800
Processor Information for processor 13
  Max Mhz: 2500, Current Mhz: 1500, Mhz Limit: 1800
Processor Information for processor 14
  Max Mhz: 2500, Current Mhz: 1800, Mhz Limit: 1800
Processor Information for processor 15
  Max Mhz: 2500, Current Mhz: 1800, Mhz Limit: 1800

Memory: 4k page, system-wide physical 16052M (1205M free)
TotalPageFile size 21672M (AvailPageFile size 6M)
current process WorkingSet (physical memory assigned to process): 118M, peak: 118M
current process commit charge ("private bytes"): 267M, peak: 268M

vm_info: OpenJDK 64-Bit Server VM (21.0.8+1-b1038.72) for windows-amd64 JRE (21.0.8+1-b1038.72), built on 2025-09-08 by "builduser" with MS VC++ 16.10 / 16.11 (VS2019)

END.
